[1.389s] Invoking command in '/home/rc1/fruit_ws/build/serial_pkg': PYTHONPATH=/home/rc1/fruit_ws/build/serial_pkg/prefix_override:/usr/lib/python3/dist-packages/colcon_core/task/python/colcon_distutils_commands:/home/rc1/fruit_ws/install/serial_pkg/lib/python3.10/site-packages:${PYTHONPATH} /usr/bin/python3 -W ignore:setup.py install is deprecated -W ignore:easy_install command is deprecated setup.py develop --editable --build-directory /home/rc1/fruit_ws/build/serial_pkg/build --no-deps symlink_data
[1.711s] running develop
[1.869s] running egg_info
[1.869s] creating serial_pkg.egg-info
[1.869s] writing serial_pkg.egg-info/PKG-INFO
[1.870s] writing dependency_links to serial_pkg.egg-info/dependency_links.txt
[1.870s] writing entry points to serial_pkg.egg-info/entry_points.txt
[1.870s] writing requirements to serial_pkg.egg-info/requires.txt
[1.870s] writing top-level names to serial_pkg.egg-info/top_level.txt
[1.870s] writing manifest file 'serial_pkg.egg-info/SOURCES.txt'
[1.871s] reading manifest file 'serial_pkg.egg-info/SOURCES.txt'
[1.872s] writing manifest file 'serial_pkg.egg-info/SOURCES.txt'
[1.874s] running build_ext
[1.874s] Creating /home/rc1/fruit_ws/install/serial_pkg/lib/python3.10/site-packages/serial-pkg.egg-link (link to .)
[1.875s] Installing serial_sender script to /home/rc1/fruit_ws/install/serial_pkg/lib/serial_pkg
[1.875s] 
[1.875s] Installed /home/rc1/fruit_ws/build/serial_pkg
[1.875s] running symlink_data
[1.875s] creating /home/rc1/fruit_ws/install/serial_pkg/share/ament_index
[1.875s] creating /home/rc1/fruit_ws/install/serial_pkg/share/ament_index/resource_index
[1.875s] creating /home/rc1/fruit_ws/install/serial_pkg/share/ament_index/resource_index/packages
[1.875s] symbolically linking /home/rc1/fruit_ws/build/serial_pkg/resource/serial_pkg -> /home/rc1/fruit_ws/install/serial_pkg/share/ament_index/resource_index/packages
[1.875s] symbolically linking /home/rc1/fruit_ws/build/serial_pkg/package.xml -> /home/rc1/fruit_ws/install/serial_pkg/share/serial_pkg
[1.918s] Invoked command in '/home/rc1/fruit_ws/build/serial_pkg' returned '0': PYTHONPATH=/home/rc1/fruit_ws/build/serial_pkg/prefix_override:/usr/lib/python3/dist-packages/colcon_core/task/python/colcon_distutils_commands:/home/rc1/fruit_ws/install/serial_pkg/lib/python3.10/site-packages:${PYTHONPATH} /usr/bin/python3 -W ignore:setup.py install is deprecated -W ignore:easy_install command is deprecated setup.py develop --editable --build-directory /home/rc1/fruit_ws/build/serial_pkg/build --no-deps symlink_data
