[0.051s] Invoking command in '/home/rc1/fruit_ws/build/robot_control_interfaces': CMAKE_PREFIX_PATH=${CMAKE_PREFIX_PATH}:/home/rc1/fruit_ws/install/serial_pkg:/home/rc1/fruit_ws/install/example_action_rclpy:/home/rc1/fruit_ws/install/fruit_robot_launch:/home/rc1/fruit_ws/install/arm_description:/home/rc1/fruit_ws/install/arm_control:/home/rc1/ws_moveit/install/moveit_configs_utils:/home/rc1/ws_moveit/install/launch_param_builder:/opt/ros/humble /usr/bin/cmake --build /home/rc1/fruit_ws/build/robot_control_interfaces -- -j8 -l8
[0.851s] -- Found ament_cmake: 1.3.12 (/opt/ros/humble/share/ament_cmake/cmake)
[0.851s] -- Override CMake install command with custom implementation using symlinks instead of copying resources
[0.851s] -- Found rosidl_default_generators: 1.2.0 (/opt/ros/humble/share/rosidl_default_generators/cmake)
[0.851s] -- Using all available rosidl_typesupport_c: rosidl_typesupport_fastrtps_c;rosidl_typesupport_introspection_c
[0.852s] -- Found rosidl_adapter: 3.1.7 (/opt/ros/humble/share/rosidl_adapter/cmake)
[0.852s] -- Using all available rosidl_typesupport_cpp: rosidl_typesupport_fastrtps_cpp;rosidl_typesupport_introspection_cpp
[0.852s] -- Found ament_cmake_ros: 0.10.0 (/opt/ros/humble/share/ament_cmake_ros/cmake)
[0.852s] -- Using all available rosidl_typesupport_c: rosidl_typesupport_fastrtps_c;rosidl_typesupport_introspection_c
[1.114s] -- Using all available rosidl_typesupport_cpp: rosidl_typesupport_fastrtps_cpp;rosidl_typesupport_introspection_cpp
[1.144s] -- Found python_cmake_module: 0.10.0 (/opt/ros/humble/share/python_cmake_module/cmake)
[1.174s] -- Using PYTHON_EXECUTABLE: /usr/bin/python3
[1.174s] -- Using PYTHON_INCLUDE_DIRS: /usr/include/python3.10
[1.174s] -- Using PYTHON_LIBRARIES: /usr/lib/x86_64-linux-gnu/libpython3.10.so
[1.271s] -- Found ament_lint_auto: 0.12.14 (/opt/ros/humble/share/ament_lint_auto/cmake)
[1.285s] -- Added test 'lint_cmake' to check CMake code style
[1.286s] -- Added test 'xmllint' to check XML markup files
[1.289s] -- Configuring done
[1.338s] -- Generating done
[1.350s] -- Build files have been written to: /home/rc1/fruit_ws/build/robot_control_interfaces
[1.392s] [  2%] [34m[1mGenerating C code for ROS interfaces[0m
[1.431s] [  5%] [34m[1mGenerating C++ code for ROS interfaces[0m
[1.432s] [  5%] Built target ament_cmake_python_symlink_robot_control_interfaces
[1.890s] running egg_info
[1.890s] writing robot_control_interfaces.egg-info/PKG-INFO
[1.891s] writing dependency_links to robot_control_interfaces.egg-info/dependency_links.txt
[1.891s] writing top-level names to robot_control_interfaces.egg-info/top_level.txt
[1.894s] reading manifest file 'robot_control_interfaces.egg-info/SOURCES.txt'
[1.896s] writing manifest file 'robot_control_interfaces.egg-info/SOURCES.txt'
[1.954s] [  5%] Built target ament_cmake_python_build_robot_control_interfaces_egg
[2.298s] [35m[1mConsolidate compiler generated dependencies of target robot_control_interfaces__rosidl_generator_c[0m
[2.331s] [  7%] [32mBuilding C object CMakeFiles/robot_control_interfaces__rosidl_generator_c.dir/rosidl_generator_c/robot_control_interfaces/action/detail/move_robot__functions.c.o[0m
[2.337s] [ 10%] [32mBuilding C object CMakeFiles/robot_control_interfaces__rosidl_generator_c.dir/rosidl_generator_c/robot_control_interfaces/msg/detail/serial_data__functions.c.o[0m
[2.413s] [ 10%] Built target robot_control_interfaces__cpp
[2.449s] [ 15%] [34m[1mGenerating C++ type support dispatch for ROS interfaces[0m
[2.449s] [ 15%] [34m[1mGenerating C++ type support for eProsima Fast-RTPS[0m
[2.450s] [ 17%] [34m[1mGenerating C++ introspection for ROS interfaces[0m
[2.657s] [ 20%] [32m[1mLinking C shared library librobot_control_interfaces__rosidl_generator_c.so[0m
[2.758s] [ 20%] Built target robot_control_interfaces__rosidl_generator_c
[2.780s] [ 23%] [34m[1mGenerating C introspection for ROS interfaces[0m
[2.781s] [ 25%] [34m[1mGenerating C type support dispatch for ROS interfaces[0m
[2.785s] [ 28%] [34m[1mGenerating C type support for eProsima Fast-RTPS[0m
[3.040s] [35m[1mConsolidate compiler generated dependencies of target robot_control_interfaces__rosidl_typesupport_cpp[0m
[3.067s] [ 30%] [32mBuilding CXX object CMakeFiles/robot_control_interfaces__rosidl_typesupport_cpp.dir/rosidl_typesupport_cpp/robot_control_interfaces/action/move_robot__type_support.cpp.o[0m
[3.074s] [ 33%] [32mBuilding CXX object CMakeFiles/robot_control_interfaces__rosidl_typesupport_cpp.dir/rosidl_typesupport_cpp/robot_control_interfaces/msg/serial_data__type_support.cpp.o[0m
[3.218s] [35m[1mConsolidate compiler generated dependencies of target robot_control_interfaces__rosidl_typesupport_introspection_cpp[0m
[3.256s] [ 35%] [32mBuilding CXX object CMakeFiles/robot_control_interfaces__rosidl_typesupport_introspection_cpp.dir/rosidl_typesupport_introspection_cpp/robot_control_interfaces/action/detail/move_robot__type_support.cpp.o[0m
[3.278s] [ 38%] [32mBuilding CXX object CMakeFiles/robot_control_interfaces__rosidl_typesupport_introspection_cpp.dir/rosidl_typesupport_introspection_cpp/robot_control_interfaces/msg/detail/serial_data__type_support.cpp.o[0m
[3.435s] [35m[1mConsolidate compiler generated dependencies of target robot_control_interfaces__rosidl_typesupport_fastrtps_cpp[0m
[3.476s] [ 41%] [32mBuilding CXX object CMakeFiles/robot_control_interfaces__rosidl_typesupport_fastrtps_cpp.dir/rosidl_typesupport_fastrtps_cpp/robot_control_interfaces/action/detail/dds_fastrtps/move_robot__type_support.cpp.o[0m
[3.486s] [35m[1mConsolidate compiler generated dependencies of target robot_control_interfaces__rosidl_typesupport_c[0m
[3.530s] [ 43%] [32mBuilding CXX object CMakeFiles/robot_control_interfaces__rosidl_typesupport_c.dir/rosidl_typesupport_c/robot_control_interfaces/action/move_robot__type_support.cpp.o[0m
[3.541s] [ 46%] [32mBuilding CXX object CMakeFiles/robot_control_interfaces__rosidl_typesupport_fastrtps_cpp.dir/rosidl_typesupport_fastrtps_cpp/robot_control_interfaces/msg/detail/dds_fastrtps/serial_data__type_support.cpp.o[0m
[3.645s] [ 48%] [32mBuilding CXX object CMakeFiles/robot_control_interfaces__rosidl_typesupport_c.dir/rosidl_typesupport_c/robot_control_interfaces/msg/serial_data__type_support.cpp.o[0m
[3.718s] [35m[1mConsolidate compiler generated dependencies of target robot_control_interfaces__rosidl_typesupport_introspection_c[0m
[3.740s] [ 51%] [32m[1mLinking CXX shared library librobot_control_interfaces__rosidl_typesupport_c.so[0m
[3.775s] [ 53%] [32mBuilding C object CMakeFiles/robot_control_interfaces__rosidl_typesupport_introspection_c.dir/rosidl_typesupport_introspection_c/robot_control_interfaces/action/detail/move_robot__type_support.c.o[0m
[3.848s] [35m[1mConsolidate compiler generated dependencies of target robot_control_interfaces__rosidl_typesupport_fastrtps_c[0m
[3.853s] [ 56%] [32m[1mLinking CXX shared library librobot_control_interfaces__rosidl_typesupport_cpp.so[0m
[3.879s] [ 58%] [32mBuilding C object CMakeFiles/robot_control_interfaces__rosidl_typesupport_introspection_c.dir/rosidl_typesupport_introspection_c/robot_control_interfaces/msg/detail/serial_data__type_support.c.o[0m
[3.883s] [ 61%] [32mBuilding CXX object CMakeFiles/robot_control_interfaces__rosidl_typesupport_fastrtps_c.dir/rosidl_typesupport_fastrtps_c/robot_control_interfaces/action/detail/move_robot__type_support_c.cpp.o[0m
[3.925s] [ 61%] Built target robot_control_interfaces__rosidl_typesupport_c
[3.957s] [ 64%] [32m[1mLinking C shared library librobot_control_interfaces__rosidl_typesupport_introspection_c.so[0m
[3.969s] [ 66%] [32mBuilding CXX object CMakeFiles/robot_control_interfaces__rosidl_typesupport_fastrtps_c.dir/rosidl_typesupport_fastrtps_c/robot_control_interfaces/msg/detail/serial_data__type_support_c.cpp.o[0m
[3.983s] [ 66%] Built target robot_control_interfaces__rosidl_typesupport_cpp
[4.023s] [ 66%] Built target robot_control_interfaces__rosidl_typesupport_introspection_c
[4.315s] [ 69%] [32m[1mLinking CXX shared library librobot_control_interfaces__rosidl_typesupport_introspection_cpp.so[0m
[4.344s] [ 71%] [32m[1mLinking CXX shared library librobot_control_interfaces__rosidl_typesupport_fastrtps_cpp.so[0m
[4.461s] [ 71%] Built target robot_control_interfaces__rosidl_typesupport_introspection_cpp
[4.475s] [ 71%] Built target robot_control_interfaces__rosidl_typesupport_fastrtps_cpp
[4.479s] [ 74%] [32m[1mLinking CXX shared library librobot_control_interfaces__rosidl_typesupport_fastrtps_c.so[0m
[4.571s] [ 74%] Built target robot_control_interfaces__rosidl_typesupport_fastrtps_c
[4.599s] [ 74%] Built target robot_control_interfaces
[4.628s] [ 76%] [34m[1mGenerating Python code for ROS interfaces[0m
[5.507s] [ 76%] Built target robot_control_interfaces__py
[5.521s] [35m[1mConsolidate compiler generated dependencies of target robot_control_interfaces__rosidl_generator_py[0m
[5.538s] [ 79%] [32mBuilding C object CMakeFiles/robot_control_interfaces__rosidl_generator_py.dir/rosidl_generator_py/robot_control_interfaces/msg/_serial_data_s.c.o[0m
[5.538s] [ 82%] [32mBuilding C object CMakeFiles/robot_control_interfaces__rosidl_generator_py.dir/rosidl_generator_py/robot_control_interfaces/action/_move_robot_s.c.o[0m
[5.675s] [ 84%] [32m[1mLinking C shared library rosidl_generator_py/robot_control_interfaces/librobot_control_interfaces__rosidl_generator_py.so[0m
[5.721s] [ 84%] Built target robot_control_interfaces__rosidl_generator_py
[5.736s] [35m[1mConsolidate compiler generated dependencies of target robot_control_interfaces__rosidl_typesupport_c__pyext[0m
[5.738s] [35m[1mConsolidate compiler generated dependencies of target robot_control_interfaces__rosidl_typesupport_introspection_c__pyext[0m
[5.738s] [35m[1mConsolidate compiler generated dependencies of target robot_control_interfaces__rosidl_typesupport_fastrtps_c__pyext[0m
[5.758s] [ 87%] [32mBuilding C object CMakeFiles/robot_control_interfaces__rosidl_typesupport_c__pyext.dir/rosidl_generator_py/robot_control_interfaces/_robot_control_interfaces_s.ep.rosidl_typesupport_c.c.o[0m
[5.759s] [ 89%] [32mBuilding C object CMakeFiles/robot_control_interfaces__rosidl_typesupport_introspection_c__pyext.dir/rosidl_generator_py/robot_control_interfaces/_robot_control_interfaces_s.ep.rosidl_typesupport_introspection_c.c.o[0m
[5.759s] [ 92%] [32mBuilding C object CMakeFiles/robot_control_interfaces__rosidl_typesupport_fastrtps_c__pyext.dir/rosidl_generator_py/robot_control_interfaces/_robot_control_interfaces_s.ep.rosidl_typesupport_fastrtps_c.c.o[0m
[5.874s] [ 94%] [32m[1mLinking C shared library rosidl_generator_py/robot_control_interfaces/robot_control_interfaces_s__rosidl_typesupport_fastrtps_c.cpython-310-x86_64-linux-gnu.so[0m
[5.875s] [ 97%] [32m[1mLinking C shared library rosidl_generator_py/robot_control_interfaces/robot_control_interfaces_s__rosidl_typesupport_c.cpython-310-x86_64-linux-gnu.so[0m
[5.876s] [100%] [32m[1mLinking C shared library rosidl_generator_py/robot_control_interfaces/robot_control_interfaces_s__rosidl_typesupport_introspection_c.cpython-310-x86_64-linux-gnu.so[0m
[5.921s] [100%] Built target robot_control_interfaces__rosidl_typesupport_c__pyext
[5.921s] [100%] Built target robot_control_interfaces__rosidl_typesupport_fastrtps_c__pyext
[5.921s] [100%] Built target robot_control_interfaces__rosidl_typesupport_introspection_c__pyext
[5.933s] Invoked command in '/home/rc1/fruit_ws/build/robot_control_interfaces' returned '0': CMAKE_PREFIX_PATH=${CMAKE_PREFIX_PATH}:/home/rc1/fruit_ws/install/serial_pkg:/home/rc1/fruit_ws/install/example_action_rclpy:/home/rc1/fruit_ws/install/fruit_robot_launch:/home/rc1/fruit_ws/install/arm_description:/home/rc1/fruit_ws/install/arm_control:/home/rc1/ws_moveit/install/moveit_configs_utils:/home/rc1/ws_moveit/install/launch_param_builder:/opt/ros/humble /usr/bin/cmake --build /home/rc1/fruit_ws/build/robot_control_interfaces -- -j8 -l8
[5.947s] Invoking command in '/home/rc1/fruit_ws/build/robot_control_interfaces': CMAKE_PREFIX_PATH=${CMAKE_PREFIX_PATH}:/home/rc1/fruit_ws/install/serial_pkg:/home/rc1/fruit_ws/install/example_action_rclpy:/home/rc1/fruit_ws/install/fruit_robot_launch:/home/rc1/fruit_ws/install/arm_description:/home/rc1/fruit_ws/install/arm_control:/home/rc1/ws_moveit/install/moveit_configs_utils:/home/rc1/ws_moveit/install/launch_param_builder:/opt/ros/humble /usr/bin/cmake --install /home/rc1/fruit_ws/build/robot_control_interfaces
[5.959s] -- Install configuration: ""
[5.959s] -- Execute custom install script
[5.959s] -- Up-to-date symlink: /home/rc1/fruit_ws/install/robot_control_interfaces/share/ament_index/resource_index/rosidl_interfaces/robot_control_interfaces
[5.960s] -- Up-to-date symlink: /home/rc1/fruit_ws/install/robot_control_interfaces/include/robot_control_interfaces/robot_control_interfaces/action/detail/move_robot__functions.h
[5.960s] -- Up-to-date symlink: /home/rc1/fruit_ws/install/robot_control_interfaces/include/robot_control_interfaces/robot_control_interfaces/action/detail/move_robot__struct.h
[5.960s] -- Up-to-date symlink: /home/rc1/fruit_ws/install/robot_control_interfaces/include/robot_control_interfaces/robot_control_interfaces/action/detail/move_robot__type_support.h
[5.960s] -- Up-to-date symlink: /home/rc1/fruit_ws/install/robot_control_interfaces/include/robot_control_interfaces/robot_control_interfaces/action/move_robot.h
[5.960s] -- Up-to-date symlink: /home/rc1/fruit_ws/install/robot_control_interfaces/include/robot_control_interfaces/robot_control_interfaces/msg/detail/serial_data__functions.h
[5.960s] -- Up-to-date symlink: /home/rc1/fruit_ws/install/robot_control_interfaces/include/robot_control_interfaces/robot_control_interfaces/msg/detail/serial_data__struct.h
[5.961s] -- Up-to-date symlink: /home/rc1/fruit_ws/install/robot_control_interfaces/include/robot_control_interfaces/robot_control_interfaces/msg/detail/serial_data__type_support.h
[5.961s] -- Up-to-date symlink: /home/rc1/fruit_ws/install/robot_control_interfaces/include/robot_control_interfaces/robot_control_interfaces/msg/rosidl_generator_c__visibility_control.h
[5.961s] -- Up-to-date symlink: /home/rc1/fruit_ws/install/robot_control_interfaces/include/robot_control_interfaces/robot_control_interfaces/msg/serial_data.h
[5.961s] -- Up-to-date symlink: /home/rc1/fruit_ws/install/robot_control_interfaces/share/robot_control_interfaces/environment/library_path.sh
[5.961s] -- Up-to-date symlink: /home/rc1/fruit_ws/install/robot_control_interfaces/share/robot_control_interfaces/environment/library_path.dsv
[5.961s] -- Up-to-date symlink: /home/rc1/fruit_ws/install/robot_control_interfaces/include/robot_control_interfaces/robot_control_interfaces/action/detail/move_robot__rosidl_typesupport_fastrtps_c.h
[5.962s] -- Up-to-date symlink: /home/rc1/fruit_ws/install/robot_control_interfaces/include/robot_control_interfaces/robot_control_interfaces/msg/detail/serial_data__rosidl_typesupport_fastrtps_c.h
[5.962s] -- Up-to-date symlink: /home/rc1/fruit_ws/install/robot_control_interfaces/include/robot_control_interfaces/robot_control_interfaces/msg/rosidl_typesupport_fastrtps_c__visibility_control.h
[5.962s] -- Up-to-date symlink: /home/rc1/fruit_ws/install/robot_control_interfaces/include/robot_control_interfaces/robot_control_interfaces/action/detail/move_robot__rosidl_typesupport_introspection_c.h
[5.962s] -- Up-to-date symlink: /home/rc1/fruit_ws/install/robot_control_interfaces/include/robot_control_interfaces/robot_control_interfaces/msg/detail/serial_data__rosidl_typesupport_introspection_c.h
[5.962s] -- Up-to-date symlink: /home/rc1/fruit_ws/install/robot_control_interfaces/include/robot_control_interfaces/robot_control_interfaces/msg/rosidl_typesupport_introspection_c__visibility_control.h
[5.963s] -- Up-to-date symlink: /home/rc1/fruit_ws/install/robot_control_interfaces/include/robot_control_interfaces/robot_control_interfaces/action/detail/move_robot__builder.hpp
[5.963s] -- Up-to-date symlink: /home/rc1/fruit_ws/install/robot_control_interfaces/include/robot_control_interfaces/robot_control_interfaces/action/detail/move_robot__struct.hpp
[5.963s] -- Up-to-date symlink: /home/rc1/fruit_ws/install/robot_control_interfaces/include/robot_control_interfaces/robot_control_interfaces/action/detail/move_robot__traits.hpp
[5.963s] -- Up-to-date symlink: /home/rc1/fruit_ws/install/robot_control_interfaces/include/robot_control_interfaces/robot_control_interfaces/action/detail/move_robot__type_support.hpp
[5.963s] -- Up-to-date symlink: /home/rc1/fruit_ws/install/robot_control_interfaces/include/robot_control_interfaces/robot_control_interfaces/action/move_robot.hpp
[5.963s] -- Up-to-date symlink: /home/rc1/fruit_ws/install/robot_control_interfaces/include/robot_control_interfaces/robot_control_interfaces/msg/detail/serial_data__builder.hpp
[5.963s] -- Up-to-date symlink: /home/rc1/fruit_ws/install/robot_control_interfaces/include/robot_control_interfaces/robot_control_interfaces/msg/detail/serial_data__struct.hpp
[5.963s] -- Up-to-date symlink: /home/rc1/fruit_ws/install/robot_control_interfaces/include/robot_control_interfaces/robot_control_interfaces/msg/detail/serial_data__traits.hpp
[5.963s] -- Up-to-date symlink: /home/rc1/fruit_ws/install/robot_control_interfaces/include/robot_control_interfaces/robot_control_interfaces/msg/detail/serial_data__type_support.hpp
[5.963s] -- Up-to-date symlink: /home/rc1/fruit_ws/install/robot_control_interfaces/include/robot_control_interfaces/robot_control_interfaces/msg/rosidl_generator_cpp__visibility_control.hpp
[5.964s] -- Up-to-date symlink: /home/rc1/fruit_ws/install/robot_control_interfaces/include/robot_control_interfaces/robot_control_interfaces/msg/serial_data.hpp
[5.964s] -- Up-to-date symlink: /home/rc1/fruit_ws/install/robot_control_interfaces/include/robot_control_interfaces/robot_control_interfaces/action/detail/move_robot__rosidl_typesupport_fastrtps_cpp.hpp
[5.965s] -- Up-to-date symlink: /home/rc1/fruit_ws/install/robot_control_interfaces/include/robot_control_interfaces/robot_control_interfaces/msg/detail/serial_data__rosidl_typesupport_fastrtps_cpp.hpp
[5.965s] -- Up-to-date symlink: /home/rc1/fruit_ws/install/robot_control_interfaces/include/robot_control_interfaces/robot_control_interfaces/msg/rosidl_typesupport_fastrtps_cpp__visibility_control.h
[5.965s] -- Up-to-date symlink: /home/rc1/fruit_ws/install/robot_control_interfaces/include/robot_control_interfaces/robot_control_interfaces/action/detail/move_robot__rosidl_typesupport_introspection_cpp.hpp
[5.965s] -- Up-to-date symlink: /home/rc1/fruit_ws/install/robot_control_interfaces/include/robot_control_interfaces/robot_control_interfaces/msg/detail/serial_data__rosidl_typesupport_introspection_cpp.hpp
[5.965s] -- Up-to-date symlink: /home/rc1/fruit_ws/install/robot_control_interfaces/share/robot_control_interfaces/environment/pythonpath.sh
[5.965s] -- Up-to-date symlink: /home/rc1/fruit_ws/install/robot_control_interfaces/share/robot_control_interfaces/environment/pythonpath.dsv
[5.965s] -- Up-to-date symlink: /home/rc1/fruit_ws/install/robot_control_interfaces/local/lib/python3.10/dist-packages/robot_control_interfaces-0.0.0-py3.10.egg-info/PKG-INFO
[5.966s] -- Up-to-date symlink: /home/rc1/fruit_ws/install/robot_control_interfaces/local/lib/python3.10/dist-packages/robot_control_interfaces-0.0.0-py3.10.egg-info/SOURCES.txt
[5.966s] -- Up-to-date symlink: /home/rc1/fruit_ws/install/robot_control_interfaces/local/lib/python3.10/dist-packages/robot_control_interfaces-0.0.0-py3.10.egg-info/dependency_links.txt
[5.966s] -- Up-to-date symlink: /home/rc1/fruit_ws/install/robot_control_interfaces/local/lib/python3.10/dist-packages/robot_control_interfaces-0.0.0-py3.10.egg-info/top_level.txt
[5.966s] -- Up-to-date symlink: /home/rc1/fruit_ws/install/robot_control_interfaces/local/lib/python3.10/dist-packages/robot_control_interfaces/__init__.py
[5.966s] -- Up-to-date symlink: /home/rc1/fruit_ws/install/robot_control_interfaces/local/lib/python3.10/dist-packages/robot_control_interfaces/_robot_control_interfaces_s.ep.rosidl_typesupport_c.c
[5.966s] -- Up-to-date symlink: /home/rc1/fruit_ws/install/robot_control_interfaces/local/lib/python3.10/dist-packages/robot_control_interfaces/_robot_control_interfaces_s.ep.rosidl_typesupport_fastrtps_c.c
[5.966s] -- Up-to-date symlink: /home/rc1/fruit_ws/install/robot_control_interfaces/local/lib/python3.10/dist-packages/robot_control_interfaces/_robot_control_interfaces_s.ep.rosidl_typesupport_introspection_c.c
[5.966s] -- Up-to-date symlink: /home/rc1/fruit_ws/install/robot_control_interfaces/local/lib/python3.10/dist-packages/robot_control_interfaces/action/__init__.py
[5.966s] -- Up-to-date symlink: /home/rc1/fruit_ws/install/robot_control_interfaces/local/lib/python3.10/dist-packages/robot_control_interfaces/action/_move_robot.py
[5.967s] -- Up-to-date symlink: /home/rc1/fruit_ws/install/robot_control_interfaces/local/lib/python3.10/dist-packages/robot_control_interfaces/action/_move_robot_s.c
[5.967s] -- Up-to-date symlink: /home/rc1/fruit_ws/install/robot_control_interfaces/local/lib/python3.10/dist-packages/robot_control_interfaces/librobot_control_interfaces__rosidl_generator_py.so
[5.967s] -- Up-to-date symlink: /home/rc1/fruit_ws/install/robot_control_interfaces/local/lib/python3.10/dist-packages/robot_control_interfaces/msg/__init__.py
[5.967s] -- Up-to-date symlink: /home/rc1/fruit_ws/install/robot_control_interfaces/local/lib/python3.10/dist-packages/robot_control_interfaces/msg/_serial_data.py
[5.967s] -- Up-to-date symlink: /home/rc1/fruit_ws/install/robot_control_interfaces/local/lib/python3.10/dist-packages/robot_control_interfaces/msg/_serial_data_s.c
[5.967s] -- Up-to-date symlink: /home/rc1/fruit_ws/install/robot_control_interfaces/local/lib/python3.10/dist-packages/robot_control_interfaces/robot_control_interfaces_s__rosidl_typesupport_c.cpython-310-x86_64-linux-gnu.so
[5.967s] -- Up-to-date symlink: /home/rc1/fruit_ws/install/robot_control_interfaces/local/lib/python3.10/dist-packages/robot_control_interfaces/robot_control_interfaces_s__rosidl_typesupport_fastrtps_c.cpython-310-x86_64-linux-gnu.so
[5.967s] -- Up-to-date symlink: /home/rc1/fruit_ws/install/robot_control_interfaces/local/lib/python3.10/dist-packages/robot_control_interfaces/robot_control_interfaces_s__rosidl_typesupport_introspection_c.cpython-310-x86_64-linux-gnu.so
[5.967s] -- Up-to-date symlink: /home/rc1/fruit_ws/install/robot_control_interfaces/local/lib/python3.10/dist-packages/robot_control_interfaces/robot_control_interfaces_s__rosidl_typesupport_fastrtps_c.cpython-310-x86_64-linux-gnu.so
[5.967s] -- Up-to-date symlink: /home/rc1/fruit_ws/install/robot_control_interfaces/local/lib/python3.10/dist-packages/robot_control_interfaces/robot_control_interfaces_s__rosidl_typesupport_introspection_c.cpython-310-x86_64-linux-gnu.so
[5.968s] -- Up-to-date symlink: /home/rc1/fruit_ws/install/robot_control_interfaces/local/lib/python3.10/dist-packages/robot_control_interfaces/robot_control_interfaces_s__rosidl_typesupport_c.cpython-310-x86_64-linux-gnu.so
[5.968s] -- Up-to-date symlink: /home/rc1/fruit_ws/install/robot_control_interfaces/share/robot_control_interfaces/action/MoveRobot.idl
[5.968s] -- Up-to-date symlink: /home/rc1/fruit_ws/install/robot_control_interfaces/share/robot_control_interfaces/msg/SerialData.idl
[5.968s] -- Up-to-date symlink: /home/rc1/fruit_ws/install/robot_control_interfaces/share/robot_control_interfaces/action/MoveRobot.action
[5.968s] -- Up-to-date symlink: /home/rc1/fruit_ws/install/robot_control_interfaces/share/robot_control_interfaces/topic/SerialData.msg
[5.968s] -- Up-to-date symlink: /home/rc1/fruit_ws/install/robot_control_interfaces/share/ament_index/resource_index/package_run_dependencies/robot_control_interfaces
[5.968s] -- Up-to-date symlink: /home/rc1/fruit_ws/install/robot_control_interfaces/share/ament_index/resource_index/parent_prefix_path/robot_control_interfaces
[5.968s] -- Up-to-date symlink: /home/rc1/fruit_ws/install/robot_control_interfaces/share/robot_control_interfaces/environment/ament_prefix_path.sh
[5.968s] -- Up-to-date symlink: /home/rc1/fruit_ws/install/robot_control_interfaces/share/robot_control_interfaces/environment/ament_prefix_path.dsv
[5.968s] -- Up-to-date symlink: /home/rc1/fruit_ws/install/robot_control_interfaces/share/robot_control_interfaces/environment/path.sh
[5.969s] -- Up-to-date symlink: /home/rc1/fruit_ws/install/robot_control_interfaces/share/robot_control_interfaces/environment/path.dsv
[5.969s] -- Up-to-date symlink: /home/rc1/fruit_ws/install/robot_control_interfaces/share/robot_control_interfaces/local_setup.bash
[5.969s] -- Up-to-date symlink: /home/rc1/fruit_ws/install/robot_control_interfaces/share/robot_control_interfaces/local_setup.sh
[5.969s] -- Up-to-date symlink: /home/rc1/fruit_ws/install/robot_control_interfaces/share/robot_control_interfaces/local_setup.zsh
[5.969s] -- Up-to-date symlink: /home/rc1/fruit_ws/install/robot_control_interfaces/share/robot_control_interfaces/local_setup.dsv
[5.969s] -- Symlinking: /home/rc1/fruit_ws/install/robot_control_interfaces/share/robot_control_interfaces/package.dsv
[5.979s] -- Up-to-date symlink: /home/rc1/fruit_ws/install/robot_control_interfaces/share/ament_index/resource_index/packages/robot_control_interfaces
[5.980s] -- Up-to-date symlink: /home/rc1/fruit_ws/install/robot_control_interfaces/share/robot_control_interfaces/cmake/rosidl_cmake-extras.cmake
[5.980s] -- Up-to-date symlink: /home/rc1/fruit_ws/install/robot_control_interfaces/share/robot_control_interfaces/cmake/ament_cmake_export_dependencies-extras.cmake
[5.980s] -- Up-to-date symlink: /home/rc1/fruit_ws/install/robot_control_interfaces/share/robot_control_interfaces/cmake/ament_cmake_export_include_directories-extras.cmake
[5.980s] -- Up-to-date symlink: /home/rc1/fruit_ws/install/robot_control_interfaces/share/robot_control_interfaces/cmake/ament_cmake_export_libraries-extras.cmake
[5.980s] -- Up-to-date symlink: /home/rc1/fruit_ws/install/robot_control_interfaces/share/robot_control_interfaces/cmake/ament_cmake_export_targets-extras.cmake
[5.980s] -- Up-to-date symlink: /home/rc1/fruit_ws/install/robot_control_interfaces/share/robot_control_interfaces/cmake/rosidl_cmake_export_typesupport_targets-extras.cmake
[5.980s] -- Up-to-date symlink: /home/rc1/fruit_ws/install/robot_control_interfaces/share/robot_control_interfaces/cmake/rosidl_cmake_export_typesupport_libraries-extras.cmake
[5.980s] -- Up-to-date symlink: /home/rc1/fruit_ws/install/robot_control_interfaces/share/robot_control_interfaces/cmake/robot_control_interfacesConfig.cmake
[5.980s] -- Up-to-date symlink: /home/rc1/fruit_ws/install/robot_control_interfaces/share/robot_control_interfaces/cmake/robot_control_interfacesConfig-version.cmake
[5.980s] -- Up-to-date symlink: /home/rc1/fruit_ws/install/robot_control_interfaces/share/robot_control_interfaces/package.xml
[5.981s] -- Installing: /home/rc1/fruit_ws/install/robot_control_interfaces/lib/librobot_control_interfaces__rosidl_generator_c.so
[5.981s] -- Set runtime path of "/home/rc1/fruit_ws/install/robot_control_interfaces/lib/librobot_control_interfaces__rosidl_generator_c.so" to ""
[5.981s] -- Installing: /home/rc1/fruit_ws/install/robot_control_interfaces/lib/librobot_control_interfaces__rosidl_typesupport_fastrtps_c.so
[5.981s] -- Set runtime path of "/home/rc1/fruit_ws/install/robot_control_interfaces/lib/librobot_control_interfaces__rosidl_typesupport_fastrtps_c.so" to ""
[5.981s] -- Installing: /home/rc1/fruit_ws/install/robot_control_interfaces/lib/librobot_control_interfaces__rosidl_typesupport_introspection_c.so
[5.982s] -- Set runtime path of "/home/rc1/fruit_ws/install/robot_control_interfaces/lib/librobot_control_interfaces__rosidl_typesupport_introspection_c.so" to ""
[5.982s] -- Installing: /home/rc1/fruit_ws/install/robot_control_interfaces/lib/librobot_control_interfaces__rosidl_typesupport_c.so
[5.982s] -- Set runtime path of "/home/rc1/fruit_ws/install/robot_control_interfaces/lib/librobot_control_interfaces__rosidl_typesupport_c.so" to ""
[5.982s] -- Installing: /home/rc1/fruit_ws/install/robot_control_interfaces/lib/librobot_control_interfaces__rosidl_typesupport_fastrtps_cpp.so
[5.983s] -- Set runtime path of "/home/rc1/fruit_ws/install/robot_control_interfaces/lib/librobot_control_interfaces__rosidl_typesupport_fastrtps_cpp.so" to ""
[5.983s] -- Installing: /home/rc1/fruit_ws/install/robot_control_interfaces/lib/librobot_control_interfaces__rosidl_typesupport_introspection_cpp.so
[5.983s] -- Set runtime path of "/home/rc1/fruit_ws/install/robot_control_interfaces/lib/librobot_control_interfaces__rosidl_typesupport_introspection_cpp.so" to ""
[5.983s] -- Installing: /home/rc1/fruit_ws/install/robot_control_interfaces/lib/librobot_control_interfaces__rosidl_typesupport_cpp.so
[5.983s] -- Set runtime path of "/home/rc1/fruit_ws/install/robot_control_interfaces/lib/librobot_control_interfaces__rosidl_typesupport_cpp.so" to ""
[6.024s] Listing '/home/rc1/fruit_ws/install/robot_control_interfaces/local/lib/python3.10/dist-packages/robot_control_interfaces'...
[6.024s] Compiling '/home/rc1/fruit_ws/install/robot_control_interfaces/local/lib/python3.10/dist-packages/robot_control_interfaces/__init__.py'...
[6.024s] Listing '/home/rc1/fruit_ws/install/robot_control_interfaces/local/lib/python3.10/dist-packages/robot_control_interfaces/action'...
[6.024s] Compiling '/home/rc1/fruit_ws/install/robot_control_interfaces/local/lib/python3.10/dist-packages/robot_control_interfaces/action/__init__.py'...
[6.024s] Compiling '/home/rc1/fruit_ws/install/robot_control_interfaces/local/lib/python3.10/dist-packages/robot_control_interfaces/action/_move_robot.py'...
[6.025s] Listing '/home/rc1/fruit_ws/install/robot_control_interfaces/local/lib/python3.10/dist-packages/robot_control_interfaces/msg'...
[6.025s] Compiling '/home/rc1/fruit_ws/install/robot_control_interfaces/local/lib/python3.10/dist-packages/robot_control_interfaces/msg/__init__.py'...
[6.025s] Compiling '/home/rc1/fruit_ws/install/robot_control_interfaces/local/lib/python3.10/dist-packages/robot_control_interfaces/msg/_serial_data.py'...
[6.029s] -- Installing: /home/rc1/fruit_ws/install/robot_control_interfaces/lib/librobot_control_interfaces__rosidl_generator_py.so
[6.029s] -- Set runtime path of "/home/rc1/fruit_ws/install/robot_control_interfaces/lib/librobot_control_interfaces__rosidl_generator_py.so" to ""
[6.029s] -- Up-to-date: /home/rc1/fruit_ws/install/robot_control_interfaces/share/robot_control_interfaces/cmake/export_robot_control_interfaces__rosidl_generator_cExport.cmake
[6.029s] -- Up-to-date: /home/rc1/fruit_ws/install/robot_control_interfaces/share/robot_control_interfaces/cmake/export_robot_control_interfaces__rosidl_generator_cExport-noconfig.cmake
[6.029s] -- Up-to-date: /home/rc1/fruit_ws/install/robot_control_interfaces/share/robot_control_interfaces/cmake/export_robot_control_interfaces__rosidl_typesupport_fastrtps_cExport.cmake
[6.029s] -- Up-to-date: /home/rc1/fruit_ws/install/robot_control_interfaces/share/robot_control_interfaces/cmake/export_robot_control_interfaces__rosidl_typesupport_fastrtps_cExport-noconfig.cmake
[6.029s] -- Up-to-date: /home/rc1/fruit_ws/install/robot_control_interfaces/share/robot_control_interfaces/cmake/robot_control_interfaces__rosidl_typesupport_introspection_cExport.cmake
[6.029s] -- Up-to-date: /home/rc1/fruit_ws/install/robot_control_interfaces/share/robot_control_interfaces/cmake/robot_control_interfaces__rosidl_typesupport_introspection_cExport-noconfig.cmake
[6.029s] -- Up-to-date: /home/rc1/fruit_ws/install/robot_control_interfaces/share/robot_control_interfaces/cmake/robot_control_interfaces__rosidl_typesupport_cExport.cmake
[6.029s] -- Up-to-date: /home/rc1/fruit_ws/install/robot_control_interfaces/share/robot_control_interfaces/cmake/robot_control_interfaces__rosidl_typesupport_cExport-noconfig.cmake
[6.030s] -- Up-to-date: /home/rc1/fruit_ws/install/robot_control_interfaces/share/robot_control_interfaces/cmake/export_robot_control_interfaces__rosidl_generator_cppExport.cmake
[6.030s] -- Up-to-date: /home/rc1/fruit_ws/install/robot_control_interfaces/share/robot_control_interfaces/cmake/export_robot_control_interfaces__rosidl_typesupport_fastrtps_cppExport.cmake
[6.030s] -- Up-to-date: /home/rc1/fruit_ws/install/robot_control_interfaces/share/robot_control_interfaces/cmake/export_robot_control_interfaces__rosidl_typesupport_fastrtps_cppExport-noconfig.cmake
[6.030s] -- Up-to-date: /home/rc1/fruit_ws/install/robot_control_interfaces/share/robot_control_interfaces/cmake/robot_control_interfaces__rosidl_typesupport_introspection_cppExport.cmake
[6.030s] -- Up-to-date: /home/rc1/fruit_ws/install/robot_control_interfaces/share/robot_control_interfaces/cmake/robot_control_interfaces__rosidl_typesupport_introspection_cppExport-noconfig.cmake
[6.030s] -- Up-to-date: /home/rc1/fruit_ws/install/robot_control_interfaces/share/robot_control_interfaces/cmake/robot_control_interfaces__rosidl_typesupport_cppExport.cmake
[6.030s] -- Up-to-date: /home/rc1/fruit_ws/install/robot_control_interfaces/share/robot_control_interfaces/cmake/robot_control_interfaces__rosidl_typesupport_cppExport-noconfig.cmake
[6.030s] -- Up-to-date: /home/rc1/fruit_ws/install/robot_control_interfaces/share/robot_control_interfaces/cmake/export_robot_control_interfaces__rosidl_generator_pyExport.cmake
[6.030s] -- Up-to-date: /home/rc1/fruit_ws/install/robot_control_interfaces/share/robot_control_interfaces/cmake/export_robot_control_interfaces__rosidl_generator_pyExport-noconfig.cmake
[6.032s] Invoked command in '/home/rc1/fruit_ws/build/robot_control_interfaces' returned '0': CMAKE_PREFIX_PATH=${CMAKE_PREFIX_PATH}:/home/rc1/fruit_ws/install/serial_pkg:/home/rc1/fruit_ws/install/example_action_rclpy:/home/rc1/fruit_ws/install/fruit_robot_launch:/home/rc1/fruit_ws/install/arm_description:/home/rc1/fruit_ws/install/arm_control:/home/rc1/ws_moveit/install/moveit_configs_utils:/home/rc1/ws_moveit/install/launch_param_builder:/opt/ros/humble /usr/bin/cmake --install /home/rc1/fruit_ws/build/robot_control_interfaces
