[1.378s] Invoking command in '/home/rc1/fruit_ws/build/arm_control': PYTHONPATH=/home/rc1/fruit_ws/build/arm_control/prefix_override:/usr/lib/python3/dist-packages/colcon_core/task/python/colcon_distutils_commands:/home/rc1/fruit_ws/install/arm_control/lib/python3.10/site-packages:${PYTHONPATH} /usr/bin/python3 -W ignore:setup.py install is deprecated -W ignore:easy_install command is deprecated setup.py develop --editable --build-directory /home/rc1/fruit_ws/build/arm_control/build --no-deps symlink_data
[1.767s] running develop
[1.990s] running egg_info
[1.990s] creating arm_control.egg-info
[1.990s] writing arm_control.egg-info/PKG-INFO
[1.991s] writing dependency_links to arm_control.egg-info/dependency_links.txt
[1.991s] writing entry points to arm_control.egg-info/entry_points.txt
[1.991s] writing requirements to arm_control.egg-info/requires.txt
[1.991s] writing top-level names to arm_control.egg-info/top_level.txt
[1.991s] writing manifest file 'arm_control.egg-info/SOURCES.txt'
[1.994s] reading manifest file 'arm_control.egg-info/SOURCES.txt'
[1.995s] writing manifest file 'arm_control.egg-info/SOURCES.txt'
[1.996s] running build_ext
[1.997s] Creating /home/rc1/fruit_ws/install/arm_control/lib/python3.10/site-packages/arm-control.egg-link (link to .)
[1.998s] 
[1.998s] Installed /home/rc1/fruit_ws/build/arm_control
[1.998s] running symlink_data
[1.998s] creating /home/rc1/fruit_ws/install/arm_control/share/ament_index
[1.998s] creating /home/rc1/fruit_ws/install/arm_control/share/ament_index/resource_index
[1.998s] creating /home/rc1/fruit_ws/install/arm_control/share/ament_index/resource_index/packages
[1.998s] symbolically linking /home/rc1/fruit_ws/build/arm_control/resource/arm_control -> /home/rc1/fruit_ws/install/arm_control/share/ament_index/resource_index/packages
[1.998s] symbolically linking /home/rc1/fruit_ws/build/arm_control/package.xml -> /home/rc1/fruit_ws/install/arm_control/share/arm_control
[2.044s] Invoked command in '/home/rc1/fruit_ws/build/arm_control' returned '0': PYTHONPATH=/home/rc1/fruit_ws/build/arm_control/prefix_override:/usr/lib/python3/dist-packages/colcon_core/task/python/colcon_distutils_commands:/home/rc1/fruit_ws/install/arm_control/lib/python3.10/site-packages:${PYTHONPATH} /usr/bin/python3 -W ignore:setup.py install is deprecated -W ignore:easy_install command is deprecated setup.py develop --editable --build-directory /home/rc1/fruit_ws/build/arm_control/build --no-deps symlink_data
