running develop
running egg_info
creating example_action_rclpy.egg-info
writing example_action_rclpy.egg-info/PKG-INFO
writing dependency_links to example_action_rclpy.egg-info/dependency_links.txt
writing entry points to example_action_rclpy.egg-info/entry_points.txt
writing requirements to example_action_rclpy.egg-info/requires.txt
writing top-level names to example_action_rclpy.egg-info/top_level.txt
writing manifest file 'example_action_rclpy.egg-info/SOURCES.txt'
reading manifest file 'example_action_rclpy.egg-info/SOURCES.txt'
writing manifest file 'example_action_rclpy.egg-info/SOURCES.txt'
running build_ext
Creating /home/rc1/fruit_ws/install/example_action_rclpy/lib/python3.10/site-packages/example-action-rclpy.egg-link (link to .)
Installing action_control_02 script to /home/rc1/fruit_ws/install/example_action_rclpy/lib/example_action_rclpy
Installing action_robot_server script to /home/rc1/fruit_ws/install/example_action_rclpy/lib/example_action_rclpy

Installed /home/rc1/fruit_ws/build/example_action_rclpy
running symlink_data
creating /home/rc1/fruit_ws/install/example_action_rclpy/share/ament_index
creating /home/rc1/fruit_ws/install/example_action_rclpy/share/ament_index/resource_index
creating /home/rc1/fruit_ws/install/example_action_rclpy/share/ament_index/resource_index/packages
symbolically linking /home/rc1/fruit_ws/build/example_action_rclpy/resource/example_action_rclpy -> /home/rc1/fruit_ws/install/example_action_rclpy/share/ament_index/resource_index/packages
symbolically linking /home/rc1/fruit_ws/build/example_action_rclpy/package.xml -> /home/rc1/fruit_ws/install/example_action_rclpy/share/example_action_rclpy
creating /home/rc1/fruit_ws/install/example_action_rclpy/share/example_action_rclpy/launch
