[0.527s] Invoking command in '/home/rc1/fruit_ws/build/example_action_rclpy': AMENT_PREFIX_PATH=/home/rc1/fruit_ws/install/robot_control_interfaces:${AMENT_PREFIX_PATH} CMAKE_PREFIX_PATH=/home/rc1/fruit_ws/install/robot_control_interfaces:${CMAKE_PREFIX_PATH} LD_LIBRARY_PATH=/home/rc1/fruit_ws/install/robot_control_interfaces/lib:${LD_LIBRARY_PATH} PYTHONPATH=/home/rc1/fruit_ws/build/example_action_rclpy/prefix_override:/usr/lib/python3/dist-packages/colcon_core/task/python/colcon_distutils_commands:/home/rc1/fruit_ws/install/example_action_rclpy/lib/python3.10/site-packages:/home/rc1/fruit_ws/install/robot_control_interfaces/local/lib/python3.10/dist-packages:${PYTHONPATH} /usr/bin/python3 -W ignore:setup.py install is deprecated -W ignore:easy_install command is deprecated setup.py develop --editable --build-directory /home/rc1/fruit_ws/build/example_action_rclpy/build --no-deps symlink_data
[0.736s] running develop
[0.856s] running egg_info
[0.856s] creating example_action_rclpy.egg-info
[0.856s] writing example_action_rclpy.egg-info/PKG-INFO
[0.857s] writing dependency_links to example_action_rclpy.egg-info/dependency_links.txt
[0.857s] writing entry points to example_action_rclpy.egg-info/entry_points.txt
[0.857s] writing requirements to example_action_rclpy.egg-info/requires.txt
[0.857s] writing top-level names to example_action_rclpy.egg-info/top_level.txt
[0.857s] writing manifest file 'example_action_rclpy.egg-info/SOURCES.txt'
[0.858s] reading manifest file 'example_action_rclpy.egg-info/SOURCES.txt'
[0.859s] writing manifest file 'example_action_rclpy.egg-info/SOURCES.txt'
[0.860s] running build_ext
[0.860s] Creating /home/rc1/fruit_ws/install/example_action_rclpy/lib/python3.10/site-packages/example-action-rclpy.egg-link (link to .)
[0.860s] Installing action_control_02 script to /home/rc1/fruit_ws/install/example_action_rclpy/lib/example_action_rclpy
[0.861s] Installing action_robot_server script to /home/rc1/fruit_ws/install/example_action_rclpy/lib/example_action_rclpy
[0.861s] 
[0.861s] Installed /home/rc1/fruit_ws/build/example_action_rclpy
[0.861s] running symlink_data
[0.861s] creating /home/rc1/fruit_ws/install/example_action_rclpy/share/ament_index
[0.861s] creating /home/rc1/fruit_ws/install/example_action_rclpy/share/ament_index/resource_index
[0.861s] creating /home/rc1/fruit_ws/install/example_action_rclpy/share/ament_index/resource_index/packages
[0.861s] symbolically linking /home/rc1/fruit_ws/build/example_action_rclpy/resource/example_action_rclpy -> /home/rc1/fruit_ws/install/example_action_rclpy/share/ament_index/resource_index/packages
[0.861s] symbolically linking /home/rc1/fruit_ws/build/example_action_rclpy/package.xml -> /home/rc1/fruit_ws/install/example_action_rclpy/share/example_action_rclpy
[0.861s] creating /home/rc1/fruit_ws/install/example_action_rclpy/share/example_action_rclpy/launch
[0.892s] Invoked command in '/home/rc1/fruit_ws/build/example_action_rclpy' returned '0': AMENT_PREFIX_PATH=/home/rc1/fruit_ws/install/robot_control_interfaces:${AMENT_PREFIX_PATH} CMAKE_PREFIX_PATH=/home/rc1/fruit_ws/install/robot_control_interfaces:${CMAKE_PREFIX_PATH} LD_LIBRARY_PATH=/home/rc1/fruit_ws/install/robot_control_interfaces/lib:${LD_LIBRARY_PATH} PYTHONPATH=/home/rc1/fruit_ws/build/example_action_rclpy/prefix_override:/usr/lib/python3/dist-packages/colcon_core/task/python/colcon_distutils_commands:/home/rc1/fruit_ws/install/example_action_rclpy/lib/python3.10/site-packages:/home/rc1/fruit_ws/install/robot_control_interfaces/local/lib/python3.10/dist-packages:${PYTHONPATH} /usr/bin/python3 -W ignore:setup.py install is deprecated -W ignore:easy_install command is deprecated setup.py develop --editable --build-directory /home/rc1/fruit_ws/build/example_action_rclpy/build --no-deps symlink_data
