[0.098s] DEBUG:colcon:Command line arguments: ['/usr/bin/colcon', 'build', '--symlink-install']
[0.099s] DEBUG:colcon:Parsed command line arguments: Namespace(log_base=None, log_level=None, verb_name='build', build_base='build', install_base='install', merge_install=False, symlink_install=True, test_result_base=None, continue_on_error=False, executor='parallel', parallel_workers=8, event_handlers=None, ignore_user_meta=False, metas=['./colcon.meta'], base_paths=['.'], packages_ignore=None, packages_ignore_regex=None, paths=None, packages_up_to=None, packages_up_to_regex=None, packages_above=None, packages_above_and_dependencies=None, packages_above_depth=None, packages_select_by_dep=None, packages_skip_by_dep=None, packages_skip_up_to=None, packages_select_build_failed=False, packages_skip_build_finished=False, packages_select_test_failures=False, packages_skip_test_passed=False, packages_select=None, packages_skip=None, packages_select_regex=None, packages_skip_regex=None, packages_start=None, packages_end=None, allow_overriding=[], cmake_args=None, cmake_target=None, cmake_target_skip_unavailable=False, cmake_clean_cache=False, cmake_clean_first=False, cmake_force_configure=False, ament_cmake_args=None, catkin_cmake_args=None, catkin_skip_building_tests=False, mixin_files=None, mixin=None, verb_parser=<colcon_mixin.mixin.mixin_argument.MixinArgumentDecorator object at 0x7beb0354e9b0>, verb_extension=<colcon_core.verb.build.BuildVerb object at 0x7beb03647910>, main=<bound method BuildVerb.main of <colcon_core.verb.build.BuildVerb object at 0x7beb03647910>>, mixin_verb=('build',))
[0.229s] Level 1:colcon.colcon_core.package_discovery:discover_packages(colcon_meta) check parameters
[0.229s] Level 1:colcon.colcon_core.package_discovery:discover_packages(recursive) check parameters
[0.229s] Level 1:colcon.colcon_core.package_discovery:discover_packages(ignore) check parameters
[0.229s] Level 1:colcon.colcon_core.package_discovery:discover_packages(path) check parameters
[0.229s] Level 1:colcon.colcon_core.package_discovery:discover_packages(colcon_meta) discover
[0.229s] Level 1:colcon.colcon_core.package_discovery:discover_packages(recursive) discover
[0.229s] INFO:colcon.colcon_core.package_discovery:Crawling recursively for packages in '/home/rc1/fruit_ws'
[0.229s] Level 1:colcon.colcon_core.package_identification:_identify(.) by extensions ['ignore', 'ignore_ament_install']
[0.229s] Level 1:colcon.colcon_core.package_identification:_identify(.) by extension 'ignore'
[0.229s] Level 1:colcon.colcon_core.package_identification:_identify(.) by extension 'ignore_ament_install'
[0.229s] Level 1:colcon.colcon_core.package_identification:_identify(.) by extensions ['colcon_pkg']
[0.229s] Level 1:colcon.colcon_core.package_identification:_identify(.) by extension 'colcon_pkg'
[0.229s] Level 1:colcon.colcon_core.package_identification:_identify(.) by extensions ['colcon_meta']
[0.229s] Level 1:colcon.colcon_core.package_identification:_identify(.) by extension 'colcon_meta'
[0.229s] Level 1:colcon.colcon_core.package_identification:_identify(.) by extensions ['ros']
[0.229s] Level 1:colcon.colcon_core.package_identification:_identify(.) by extension 'ros'
[0.238s] Level 1:colcon.colcon_core.package_identification:_identify(.) by extensions ['cmake', 'python']
[0.238s] Level 1:colcon.colcon_core.package_identification:_identify(.) by extension 'cmake'
[0.238s] Level 1:colcon.colcon_core.package_identification:_identify(.) by extension 'python'
[0.238s] Level 1:colcon.colcon_core.package_identification:_identify(.) by extensions ['python_setup_py']
[0.238s] Level 1:colcon.colcon_core.package_identification:_identify(.) by extension 'python_setup_py'
[0.238s] Level 1:colcon.colcon_core.package_identification:_identify(build) by extensions ['ignore', 'ignore_ament_install']
[0.238s] Level 1:colcon.colcon_core.package_identification:_identify(build) by extension 'ignore'
[0.238s] Level 1:colcon.colcon_core.package_identification:_identify(build) ignored
[0.238s] Level 1:colcon.colcon_core.package_identification:_identify(install) by extensions ['ignore', 'ignore_ament_install']
[0.238s] Level 1:colcon.colcon_core.package_identification:_identify(install) by extension 'ignore'
[0.238s] Level 1:colcon.colcon_core.package_identification:_identify(install) ignored
[0.238s] Level 1:colcon.colcon_core.package_identification:_identify(log) by extensions ['ignore', 'ignore_ament_install']
[0.238s] Level 1:colcon.colcon_core.package_identification:_identify(log) by extension 'ignore'
[0.238s] Level 1:colcon.colcon_core.package_identification:_identify(log) ignored
[0.238s] Level 1:colcon.colcon_core.package_identification:_identify(src) by extensions ['ignore', 'ignore_ament_install']
[0.238s] Level 1:colcon.colcon_core.package_identification:_identify(src) by extension 'ignore'
[0.238s] Level 1:colcon.colcon_core.package_identification:_identify(src) by extension 'ignore_ament_install'
[0.239s] Level 1:colcon.colcon_core.package_identification:_identify(src) by extensions ['colcon_pkg']
[0.239s] Level 1:colcon.colcon_core.package_identification:_identify(src) by extension 'colcon_pkg'
[0.239s] Level 1:colcon.colcon_core.package_identification:_identify(src) by extensions ['colcon_meta']
[0.239s] Level 1:colcon.colcon_core.package_identification:_identify(src) by extension 'colcon_meta'
[0.239s] Level 1:colcon.colcon_core.package_identification:_identify(src) by extensions ['ros']
[0.239s] Level 1:colcon.colcon_core.package_identification:_identify(src) by extension 'ros'
[0.239s] Level 1:colcon.colcon_core.package_identification:_identify(src) by extensions ['cmake', 'python']
[0.239s] Level 1:colcon.colcon_core.package_identification:_identify(src) by extension 'cmake'
[0.239s] Level 1:colcon.colcon_core.package_identification:_identify(src) by extension 'python'
[0.239s] Level 1:colcon.colcon_core.package_identification:_identify(src) by extensions ['python_setup_py']
[0.239s] Level 1:colcon.colcon_core.package_identification:_identify(src) by extension 'python_setup_py'
[0.239s] Level 1:colcon.colcon_core.package_identification:_identify(src/arm_control) by extensions ['ignore', 'ignore_ament_install']
[0.239s] Level 1:colcon.colcon_core.package_identification:_identify(src/arm_control) by extension 'ignore'
[0.239s] Level 1:colcon.colcon_core.package_identification:_identify(src/arm_control) by extension 'ignore_ament_install'
[0.239s] Level 1:colcon.colcon_core.package_identification:_identify(src/arm_control) by extensions ['colcon_pkg']
[0.239s] Level 1:colcon.colcon_core.package_identification:_identify(src/arm_control) by extension 'colcon_pkg'
[0.239s] Level 1:colcon.colcon_core.package_identification:_identify(src/arm_control) by extensions ['colcon_meta']
[0.239s] Level 1:colcon.colcon_core.package_identification:_identify(src/arm_control) by extension 'colcon_meta'
[0.239s] Level 1:colcon.colcon_core.package_identification:_identify(src/arm_control) by extensions ['ros']
[0.239s] Level 1:colcon.colcon_core.package_identification:_identify(src/arm_control) by extension 'ros'
[0.242s] DEBUG:colcon.colcon_core.package_identification:Package 'src/arm_control' with type 'ros.ament_python' and name 'arm_control'
[0.242s] Level 1:colcon.colcon_core.package_identification:_identify(src/arm_description) by extensions ['ignore', 'ignore_ament_install']
[0.242s] Level 1:colcon.colcon_core.package_identification:_identify(src/arm_description) by extension 'ignore'
[0.242s] Level 1:colcon.colcon_core.package_identification:_identify(src/arm_description) by extension 'ignore_ament_install'
[0.242s] Level 1:colcon.colcon_core.package_identification:_identify(src/arm_description) by extensions ['colcon_pkg']
[0.242s] Level 1:colcon.colcon_core.package_identification:_identify(src/arm_description) by extension 'colcon_pkg'
[0.242s] Level 1:colcon.colcon_core.package_identification:_identify(src/arm_description) by extensions ['colcon_meta']
[0.242s] Level 1:colcon.colcon_core.package_identification:_identify(src/arm_description) by extension 'colcon_meta'
[0.242s] Level 1:colcon.colcon_core.package_identification:_identify(src/arm_description) by extensions ['ros']
[0.242s] Level 1:colcon.colcon_core.package_identification:_identify(src/arm_description) by extension 'ros'
[0.243s] DEBUG:colcon.colcon_core.package_identification:Package 'src/arm_description' with type 'ros.ament_python' and name 'arm_description'
[0.243s] Level 1:colcon.colcon_core.package_identification:_identify(src/build) by extensions ['ignore', 'ignore_ament_install']
[0.243s] Level 1:colcon.colcon_core.package_identification:_identify(src/build) by extension 'ignore'
[0.243s] Level 1:colcon.colcon_core.package_identification:_identify(src/build) ignored
[0.243s] Level 1:colcon.colcon_core.package_identification:_identify(src/example_action_rclpy) by extensions ['ignore', 'ignore_ament_install']
[0.243s] Level 1:colcon.colcon_core.package_identification:_identify(src/example_action_rclpy) by extension 'ignore'
[0.243s] Level 1:colcon.colcon_core.package_identification:_identify(src/example_action_rclpy) by extension 'ignore_ament_install'
[0.243s] Level 1:colcon.colcon_core.package_identification:_identify(src/example_action_rclpy) by extensions ['colcon_pkg']
[0.243s] Level 1:colcon.colcon_core.package_identification:_identify(src/example_action_rclpy) by extension 'colcon_pkg'
[0.243s] Level 1:colcon.colcon_core.package_identification:_identify(src/example_action_rclpy) by extensions ['colcon_meta']
[0.243s] Level 1:colcon.colcon_core.package_identification:_identify(src/example_action_rclpy) by extension 'colcon_meta'
[0.243s] Level 1:colcon.colcon_core.package_identification:_identify(src/example_action_rclpy) by extensions ['ros']
[0.243s] Level 1:colcon.colcon_core.package_identification:_identify(src/example_action_rclpy) by extension 'ros'
[0.244s] DEBUG:colcon.colcon_core.package_identification:Package 'src/example_action_rclpy' with type 'ros.ament_python' and name 'example_action_rclpy'
[0.244s] Level 1:colcon.colcon_core.package_identification:_identify(src/fruit_robot_launch) by extensions ['ignore', 'ignore_ament_install']
[0.244s] Level 1:colcon.colcon_core.package_identification:_identify(src/fruit_robot_launch) by extension 'ignore'
[0.244s] Level 1:colcon.colcon_core.package_identification:_identify(src/fruit_robot_launch) by extension 'ignore_ament_install'
[0.244s] Level 1:colcon.colcon_core.package_identification:_identify(src/fruit_robot_launch) by extensions ['colcon_pkg']
[0.244s] Level 1:colcon.colcon_core.package_identification:_identify(src/fruit_robot_launch) by extension 'colcon_pkg'
[0.244s] Level 1:colcon.colcon_core.package_identification:_identify(src/fruit_robot_launch) by extensions ['colcon_meta']
[0.244s] Level 1:colcon.colcon_core.package_identification:_identify(src/fruit_robot_launch) by extension 'colcon_meta'
[0.244s] Level 1:colcon.colcon_core.package_identification:_identify(src/fruit_robot_launch) by extensions ['ros']
[0.244s] Level 1:colcon.colcon_core.package_identification:_identify(src/fruit_robot_launch) by extension 'ros'
[0.245s] DEBUG:colcon.colcon_core.package_identification:Package 'src/fruit_robot_launch' with type 'ros.ament_python' and name 'fruit_robot_launch'
[0.245s] Level 1:colcon.colcon_core.package_identification:_identify(src/install) by extensions ['ignore', 'ignore_ament_install']
[0.245s] Level 1:colcon.colcon_core.package_identification:_identify(src/install) by extension 'ignore'
[0.245s] Level 1:colcon.colcon_core.package_identification:_identify(src/install) ignored
[0.245s] Level 1:colcon.colcon_core.package_identification:_identify(src/log) by extensions ['ignore', 'ignore_ament_install']
[0.245s] Level 1:colcon.colcon_core.package_identification:_identify(src/log) by extension 'ignore'
[0.245s] Level 1:colcon.colcon_core.package_identification:_identify(src/log) ignored
[0.245s] Level 1:colcon.colcon_core.package_identification:_identify(src/robot_control_interfaces) by extensions ['ignore', 'ignore_ament_install']
[0.245s] Level 1:colcon.colcon_core.package_identification:_identify(src/robot_control_interfaces) by extension 'ignore'
[0.245s] Level 1:colcon.colcon_core.package_identification:_identify(src/robot_control_interfaces) by extension 'ignore_ament_install'
[0.245s] Level 1:colcon.colcon_core.package_identification:_identify(src/robot_control_interfaces) by extensions ['colcon_pkg']
[0.245s] Level 1:colcon.colcon_core.package_identification:_identify(src/robot_control_interfaces) by extension 'colcon_pkg'
[0.245s] Level 1:colcon.colcon_core.package_identification:_identify(src/robot_control_interfaces) by extensions ['colcon_meta']
[0.245s] Level 1:colcon.colcon_core.package_identification:_identify(src/robot_control_interfaces) by extension 'colcon_meta'
[0.245s] Level 1:colcon.colcon_core.package_identification:_identify(src/robot_control_interfaces) by extensions ['ros']
[0.245s] Level 1:colcon.colcon_core.package_identification:_identify(src/robot_control_interfaces) by extension 'ros'
[0.245s] DEBUG:colcon.colcon_core.package_identification:Package 'src/robot_control_interfaces' with type 'ros.ament_cmake' and name 'robot_control_interfaces'
[0.246s] Level 1:colcon.colcon_core.package_identification:_identify(src/serial_pkg) by extensions ['ignore', 'ignore_ament_install']
[0.246s] Level 1:colcon.colcon_core.package_identification:_identify(src/serial_pkg) by extension 'ignore'
[0.246s] Level 1:colcon.colcon_core.package_identification:_identify(src/serial_pkg) by extension 'ignore_ament_install'
[0.246s] Level 1:colcon.colcon_core.package_identification:_identify(src/serial_pkg) by extensions ['colcon_pkg']
[0.246s] Level 1:colcon.colcon_core.package_identification:_identify(src/serial_pkg) by extension 'colcon_pkg'
[0.246s] Level 1:colcon.colcon_core.package_identification:_identify(src/serial_pkg) by extensions ['colcon_meta']
[0.246s] Level 1:colcon.colcon_core.package_identification:_identify(src/serial_pkg) by extension 'colcon_meta'
[0.246s] Level 1:colcon.colcon_core.package_identification:_identify(src/serial_pkg) by extensions ['ros']
[0.246s] Level 1:colcon.colcon_core.package_identification:_identify(src/serial_pkg) by extension 'ros'
[0.246s] DEBUG:colcon.colcon_core.package_identification:Package 'src/serial_pkg' with type 'ros.ament_python' and name 'serial_pkg'
[0.247s] Level 1:colcon.colcon_core.package_discovery:discover_packages(recursive) using defaults
[0.247s] Level 1:colcon.colcon_core.package_discovery:discover_packages(ignore) discover
[0.247s] Level 1:colcon.colcon_core.package_discovery:discover_packages(ignore) using defaults
[0.247s] Level 1:colcon.colcon_core.package_discovery:discover_packages(path) discover
[0.247s] Level 1:colcon.colcon_core.package_discovery:discover_packages(path) using defaults
[0.276s] Level 1:colcon.colcon_core.package_discovery:discover_packages(prefix_path) check parameters
[0.276s] Level 1:colcon.colcon_core.package_discovery:discover_packages(prefix_path) discover
[0.279s] DEBUG:colcon.colcon_installed_package_information.package_discovery:Found 55 installed packages in /home/rc1/ws_moveit/install
[0.281s] DEBUG:colcon.colcon_installed_package_information.package_discovery:Found 366 installed packages in /opt/ros/humble
[0.283s] Level 1:colcon.colcon_core.package_discovery:discover_packages(prefix_path) using defaults
[0.320s] Level 5:colcon.colcon_core.verb:set package 'arm_control' build argument 'cmake_args' from command line to 'None'
[0.320s] Level 5:colcon.colcon_core.verb:set package 'arm_control' build argument 'cmake_target' from command line to 'None'
[0.320s] Level 5:colcon.colcon_core.verb:set package 'arm_control' build argument 'cmake_target_skip_unavailable' from command line to 'False'
[0.320s] Level 5:colcon.colcon_core.verb:set package 'arm_control' build argument 'cmake_clean_cache' from command line to 'False'
[0.320s] Level 5:colcon.colcon_core.verb:set package 'arm_control' build argument 'cmake_clean_first' from command line to 'False'
[0.320s] Level 5:colcon.colcon_core.verb:set package 'arm_control' build argument 'cmake_force_configure' from command line to 'False'
[0.320s] Level 5:colcon.colcon_core.verb:set package 'arm_control' build argument 'ament_cmake_args' from command line to 'None'
[0.320s] Level 5:colcon.colcon_core.verb:set package 'arm_control' build argument 'catkin_cmake_args' from command line to 'None'
[0.320s] Level 5:colcon.colcon_core.verb:set package 'arm_control' build argument 'catkin_skip_building_tests' from command line to 'False'
[0.320s] DEBUG:colcon.colcon_core.verb:Building package 'arm_control' with the following arguments: {'ament_cmake_args': None, 'build_base': '/home/rc1/fruit_ws/build/arm_control', 'catkin_cmake_args': None, 'catkin_skip_building_tests': False, 'cmake_args': None, 'cmake_clean_cache': False, 'cmake_clean_first': False, 'cmake_force_configure': False, 'cmake_target': None, 'cmake_target_skip_unavailable': False, 'install_base': '/home/rc1/fruit_ws/install/arm_control', 'merge_install': False, 'path': '/home/rc1/fruit_ws/src/arm_control', 'symlink_install': True, 'test_result_base': None}
[0.320s] Level 5:colcon.colcon_core.verb:set package 'arm_description' build argument 'cmake_args' from command line to 'None'
[0.320s] Level 5:colcon.colcon_core.verb:set package 'arm_description' build argument 'cmake_target' from command line to 'None'
[0.320s] Level 5:colcon.colcon_core.verb:set package 'arm_description' build argument 'cmake_target_skip_unavailable' from command line to 'False'
[0.320s] Level 5:colcon.colcon_core.verb:set package 'arm_description' build argument 'cmake_clean_cache' from command line to 'False'
[0.320s] Level 5:colcon.colcon_core.verb:set package 'arm_description' build argument 'cmake_clean_first' from command line to 'False'
[0.320s] Level 5:colcon.colcon_core.verb:set package 'arm_description' build argument 'cmake_force_configure' from command line to 'False'
[0.320s] Level 5:colcon.colcon_core.verb:set package 'arm_description' build argument 'ament_cmake_args' from command line to 'None'
[0.320s] Level 5:colcon.colcon_core.verb:set package 'arm_description' build argument 'catkin_cmake_args' from command line to 'None'
[0.320s] Level 5:colcon.colcon_core.verb:set package 'arm_description' build argument 'catkin_skip_building_tests' from command line to 'False'
[0.320s] DEBUG:colcon.colcon_core.verb:Building package 'arm_description' with the following arguments: {'ament_cmake_args': None, 'build_base': '/home/rc1/fruit_ws/build/arm_description', 'catkin_cmake_args': None, 'catkin_skip_building_tests': False, 'cmake_args': None, 'cmake_clean_cache': False, 'cmake_clean_first': False, 'cmake_force_configure': False, 'cmake_target': None, 'cmake_target_skip_unavailable': False, 'install_base': '/home/rc1/fruit_ws/install/arm_description', 'merge_install': False, 'path': '/home/rc1/fruit_ws/src/arm_description', 'symlink_install': True, 'test_result_base': None}
[0.321s] Level 5:colcon.colcon_core.verb:set package 'fruit_robot_launch' build argument 'cmake_args' from command line to 'None'
[0.321s] Level 5:colcon.colcon_core.verb:set package 'fruit_robot_launch' build argument 'cmake_target' from command line to 'None'
[0.321s] Level 5:colcon.colcon_core.verb:set package 'fruit_robot_launch' build argument 'cmake_target_skip_unavailable' from command line to 'False'
[0.321s] Level 5:colcon.colcon_core.verb:set package 'fruit_robot_launch' build argument 'cmake_clean_cache' from command line to 'False'
[0.321s] Level 5:colcon.colcon_core.verb:set package 'fruit_robot_launch' build argument 'cmake_clean_first' from command line to 'False'
[0.321s] Level 5:colcon.colcon_core.verb:set package 'fruit_robot_launch' build argument 'cmake_force_configure' from command line to 'False'
[0.321s] Level 5:colcon.colcon_core.verb:set package 'fruit_robot_launch' build argument 'ament_cmake_args' from command line to 'None'
[0.321s] Level 5:colcon.colcon_core.verb:set package 'fruit_robot_launch' build argument 'catkin_cmake_args' from command line to 'None'
[0.321s] Level 5:colcon.colcon_core.verb:set package 'fruit_robot_launch' build argument 'catkin_skip_building_tests' from command line to 'False'
[0.321s] DEBUG:colcon.colcon_core.verb:Building package 'fruit_robot_launch' with the following arguments: {'ament_cmake_args': None, 'build_base': '/home/rc1/fruit_ws/build/fruit_robot_launch', 'catkin_cmake_args': None, 'catkin_skip_building_tests': False, 'cmake_args': None, 'cmake_clean_cache': False, 'cmake_clean_first': False, 'cmake_force_configure': False, 'cmake_target': None, 'cmake_target_skip_unavailable': False, 'install_base': '/home/rc1/fruit_ws/install/fruit_robot_launch', 'merge_install': False, 'path': '/home/rc1/fruit_ws/src/fruit_robot_launch', 'symlink_install': True, 'test_result_base': None}
[0.321s] Level 5:colcon.colcon_core.verb:set package 'robot_control_interfaces' build argument 'cmake_args' from command line to 'None'
[0.321s] Level 5:colcon.colcon_core.verb:set package 'robot_control_interfaces' build argument 'cmake_target' from command line to 'None'
[0.321s] Level 5:colcon.colcon_core.verb:set package 'robot_control_interfaces' build argument 'cmake_target_skip_unavailable' from command line to 'False'
[0.321s] Level 5:colcon.colcon_core.verb:set package 'robot_control_interfaces' build argument 'cmake_clean_cache' from command line to 'False'
[0.321s] Level 5:colcon.colcon_core.verb:set package 'robot_control_interfaces' build argument 'cmake_clean_first' from command line to 'False'
[0.321s] Level 5:colcon.colcon_core.verb:set package 'robot_control_interfaces' build argument 'cmake_force_configure' from command line to 'False'
[0.321s] Level 5:colcon.colcon_core.verb:set package 'robot_control_interfaces' build argument 'ament_cmake_args' from command line to 'None'
[0.321s] Level 5:colcon.colcon_core.verb:set package 'robot_control_interfaces' build argument 'catkin_cmake_args' from command line to 'None'
[0.321s] Level 5:colcon.colcon_core.verb:set package 'robot_control_interfaces' build argument 'catkin_skip_building_tests' from command line to 'False'
[0.321s] DEBUG:colcon.colcon_core.verb:Building package 'robot_control_interfaces' with the following arguments: {'ament_cmake_args': None, 'build_base': '/home/rc1/fruit_ws/build/robot_control_interfaces', 'catkin_cmake_args': None, 'catkin_skip_building_tests': False, 'cmake_args': None, 'cmake_clean_cache': False, 'cmake_clean_first': False, 'cmake_force_configure': False, 'cmake_target': None, 'cmake_target_skip_unavailable': False, 'install_base': '/home/rc1/fruit_ws/install/robot_control_interfaces', 'merge_install': False, 'path': '/home/rc1/fruit_ws/src/robot_control_interfaces', 'symlink_install': True, 'test_result_base': None}
[0.321s] Level 5:colcon.colcon_core.verb:set package 'serial_pkg' build argument 'cmake_args' from command line to 'None'
[0.321s] Level 5:colcon.colcon_core.verb:set package 'serial_pkg' build argument 'cmake_target' from command line to 'None'
[0.321s] Level 5:colcon.colcon_core.verb:set package 'serial_pkg' build argument 'cmake_target_skip_unavailable' from command line to 'False'
[0.321s] Level 5:colcon.colcon_core.verb:set package 'serial_pkg' build argument 'cmake_clean_cache' from command line to 'False'
[0.321s] Level 5:colcon.colcon_core.verb:set package 'serial_pkg' build argument 'cmake_clean_first' from command line to 'False'
[0.321s] Level 5:colcon.colcon_core.verb:set package 'serial_pkg' build argument 'cmake_force_configure' from command line to 'False'
[0.321s] Level 5:colcon.colcon_core.verb:set package 'serial_pkg' build argument 'ament_cmake_args' from command line to 'None'
[0.321s] Level 5:colcon.colcon_core.verb:set package 'serial_pkg' build argument 'catkin_cmake_args' from command line to 'None'
[0.321s] Level 5:colcon.colcon_core.verb:set package 'serial_pkg' build argument 'catkin_skip_building_tests' from command line to 'False'
[0.321s] DEBUG:colcon.colcon_core.verb:Building package 'serial_pkg' with the following arguments: {'ament_cmake_args': None, 'build_base': '/home/rc1/fruit_ws/build/serial_pkg', 'catkin_cmake_args': None, 'catkin_skip_building_tests': False, 'cmake_args': None, 'cmake_clean_cache': False, 'cmake_clean_first': False, 'cmake_force_configure': False, 'cmake_target': None, 'cmake_target_skip_unavailable': False, 'install_base': '/home/rc1/fruit_ws/install/serial_pkg', 'merge_install': False, 'path': '/home/rc1/fruit_ws/src/serial_pkg', 'symlink_install': True, 'test_result_base': None}
[0.322s] Level 5:colcon.colcon_core.verb:set package 'example_action_rclpy' build argument 'cmake_args' from command line to 'None'
[0.322s] Level 5:colcon.colcon_core.verb:set package 'example_action_rclpy' build argument 'cmake_target' from command line to 'None'
[0.322s] Level 5:colcon.colcon_core.verb:set package 'example_action_rclpy' build argument 'cmake_target_skip_unavailable' from command line to 'False'
[0.322s] Level 5:colcon.colcon_core.verb:set package 'example_action_rclpy' build argument 'cmake_clean_cache' from command line to 'False'
[0.322s] Level 5:colcon.colcon_core.verb:set package 'example_action_rclpy' build argument 'cmake_clean_first' from command line to 'False'
[0.322s] Level 5:colcon.colcon_core.verb:set package 'example_action_rclpy' build argument 'cmake_force_configure' from command line to 'False'
[0.322s] Level 5:colcon.colcon_core.verb:set package 'example_action_rclpy' build argument 'ament_cmake_args' from command line to 'None'
[0.322s] Level 5:colcon.colcon_core.verb:set package 'example_action_rclpy' build argument 'catkin_cmake_args' from command line to 'None'
[0.322s] Level 5:colcon.colcon_core.verb:set package 'example_action_rclpy' build argument 'catkin_skip_building_tests' from command line to 'False'
[0.322s] DEBUG:colcon.colcon_core.verb:Building package 'example_action_rclpy' with the following arguments: {'ament_cmake_args': None, 'build_base': '/home/rc1/fruit_ws/build/example_action_rclpy', 'catkin_cmake_args': None, 'catkin_skip_building_tests': False, 'cmake_args': None, 'cmake_clean_cache': False, 'cmake_clean_first': False, 'cmake_force_configure': False, 'cmake_target': None, 'cmake_target_skip_unavailable': False, 'install_base': '/home/rc1/fruit_ws/install/example_action_rclpy', 'merge_install': False, 'path': '/home/rc1/fruit_ws/src/example_action_rclpy', 'symlink_install': True, 'test_result_base': None}
[0.322s] INFO:colcon.colcon_core.executor:Executing jobs using 'parallel' executor
[0.323s] DEBUG:colcon.colcon_parallel_executor.executor.parallel:run_until_complete
[0.324s] INFO:colcon.colcon_ros.task.ament_cmake.build:Building ROS package in '/home/rc1/fruit_ws/src/robot_control_interfaces' with build type 'ament_cmake'
[0.324s] INFO:colcon.colcon_cmake.task.cmake.build:Building CMake package in '/home/rc1/fruit_ws/src/robot_control_interfaces'
[0.325s] INFO:colcon.colcon_core.plugin_system:Skipping extension 'colcon_core.shell.bat': Not used on non-Windows systems
[0.325s] INFO:colcon.colcon_core.shell:Skip shell extension 'powershell' for command environment: Not usable outside of PowerShell
[0.325s] DEBUG:colcon.colcon_core.shell:Skip shell extension 'dsv' for command environment
[0.331s] INFO:colcon.colcon_ros.task.ament_python.build:Building ROS package in '/home/rc1/fruit_ws/src/arm_control' with build type 'ament_python'
[0.331s] Level 1:colcon.colcon_core.shell:create_environment_hook('arm_control', 'ament_prefix_path')
[0.331s] INFO:colcon.colcon_core.shell:Creating environment hook '/home/rc1/fruit_ws/install/arm_control/share/arm_control/hook/ament_prefix_path.ps1'
[0.332s] INFO:colcon.colcon_core.shell:Creating environment descriptor '/home/rc1/fruit_ws/install/arm_control/share/arm_control/hook/ament_prefix_path.dsv'
[0.332s] INFO:colcon.colcon_core.shell:Creating environment hook '/home/rc1/fruit_ws/install/arm_control/share/arm_control/hook/ament_prefix_path.sh'
[0.332s] INFO:colcon.colcon_core.shell:Skip shell extension 'powershell' for command environment: Not usable outside of PowerShell
[0.332s] DEBUG:colcon.colcon_core.shell:Skip shell extension 'dsv' for command environment
[0.338s] INFO:colcon.colcon_ros.task.ament_python.build:Building ROS package in '/home/rc1/fruit_ws/src/arm_description' with build type 'ament_python'
[0.338s] Level 1:colcon.colcon_core.shell:create_environment_hook('arm_description', 'ament_prefix_path')
[0.338s] INFO:colcon.colcon_core.shell:Creating environment hook '/home/rc1/fruit_ws/install/arm_description/share/arm_description/hook/ament_prefix_path.ps1'
[0.339s] INFO:colcon.colcon_core.shell:Creating environment descriptor '/home/rc1/fruit_ws/install/arm_description/share/arm_description/hook/ament_prefix_path.dsv'
[0.339s] INFO:colcon.colcon_core.shell:Creating environment hook '/home/rc1/fruit_ws/install/arm_description/share/arm_description/hook/ament_prefix_path.sh'
[0.339s] INFO:colcon.colcon_core.shell:Skip shell extension 'powershell' for command environment: Not usable outside of PowerShell
[0.339s] DEBUG:colcon.colcon_core.shell:Skip shell extension 'dsv' for command environment
[0.345s] INFO:colcon.colcon_ros.task.ament_python.build:Building ROS package in '/home/rc1/fruit_ws/src/fruit_robot_launch' with build type 'ament_python'
[0.345s] Level 1:colcon.colcon_core.shell:create_environment_hook('fruit_robot_launch', 'ament_prefix_path')
[0.346s] INFO:colcon.colcon_core.shell:Creating environment hook '/home/rc1/fruit_ws/install/fruit_robot_launch/share/fruit_robot_launch/hook/ament_prefix_path.ps1'
[0.346s] INFO:colcon.colcon_core.shell:Creating environment descriptor '/home/rc1/fruit_ws/install/fruit_robot_launch/share/fruit_robot_launch/hook/ament_prefix_path.dsv'
[0.347s] INFO:colcon.colcon_core.shell:Creating environment hook '/home/rc1/fruit_ws/install/fruit_robot_launch/share/fruit_robot_launch/hook/ament_prefix_path.sh'
[0.347s] INFO:colcon.colcon_core.shell:Skip shell extension 'powershell' for command environment: Not usable outside of PowerShell
[0.347s] DEBUG:colcon.colcon_core.shell:Skip shell extension 'dsv' for command environment
[0.352s] INFO:colcon.colcon_ros.task.ament_python.build:Building ROS package in '/home/rc1/fruit_ws/src/serial_pkg' with build type 'ament_python'
[0.353s] Level 1:colcon.colcon_core.shell:create_environment_hook('serial_pkg', 'ament_prefix_path')
[0.353s] INFO:colcon.colcon_core.shell:Creating environment hook '/home/rc1/fruit_ws/install/serial_pkg/share/serial_pkg/hook/ament_prefix_path.ps1'
[0.353s] INFO:colcon.colcon_core.shell:Creating environment descriptor '/home/rc1/fruit_ws/install/serial_pkg/share/serial_pkg/hook/ament_prefix_path.dsv'
[0.354s] INFO:colcon.colcon_core.shell:Creating environment hook '/home/rc1/fruit_ws/install/serial_pkg/share/serial_pkg/hook/ament_prefix_path.sh'
[0.354s] INFO:colcon.colcon_core.shell:Skip shell extension 'powershell' for command environment: Not usable outside of PowerShell
[0.354s] DEBUG:colcon.colcon_core.shell:Skip shell extension 'dsv' for command environment
[0.362s] DEBUG:colcon.colcon_core.event_handler.log_command:Invoking command in '/home/rc1/fruit_ws/build/robot_control_interfaces': CMAKE_PREFIX_PATH=${CMAKE_PREFIX_PATH}:/home/rc1/ws_moveit/install/moveit_configs_utils:/home/rc1/ws_moveit/install/launch_param_builder:/opt/ros/humble /usr/bin/cmake /home/rc1/fruit_ws/src/robot_control_interfaces -DAMENT_CMAKE_SYMLINK_INSTALL=1 -DCMAKE_INSTALL_PREFIX=/home/rc1/fruit_ws/install/robot_control_interfaces
[0.579s] INFO:colcon.colcon_core.task.python.build:Building Python package in '/home/rc1/fruit_ws/src/arm_control'
[0.580s] INFO:colcon.colcon_core.shell:Skip shell extension 'powershell' for command environment: Not usable outside of PowerShell
[0.580s] DEBUG:colcon.colcon_core.shell:Skip shell extension 'dsv' for command environment
[0.807s] INFO:colcon.colcon_core.task.python.build:Building Python package in '/home/rc1/fruit_ws/src/arm_description'
[0.808s] INFO:colcon.colcon_core.shell:Skip shell extension 'powershell' for command environment: Not usable outside of PowerShell
[0.808s] DEBUG:colcon.colcon_core.shell:Skip shell extension 'dsv' for command environment
[1.035s] INFO:colcon.colcon_core.task.python.build:Building Python package in '/home/rc1/fruit_ws/src/fruit_robot_launch'
[1.036s] INFO:colcon.colcon_core.shell:Skip shell extension 'powershell' for command environment: Not usable outside of PowerShell
[1.036s] DEBUG:colcon.colcon_core.shell:Skip shell extension 'dsv' for command environment
[1.266s] INFO:colcon.colcon_core.task.python.build:Building Python package in '/home/rc1/fruit_ws/src/serial_pkg'
[1.267s] INFO:colcon.colcon_core.shell:Skip shell extension 'powershell' for command environment: Not usable outside of PowerShell
[1.267s] DEBUG:colcon.colcon_core.shell:Skip shell extension 'dsv' for command environment
[1.709s] DEBUG:colcon.colcon_core.event_handler.log_command:Invoking command in '/home/rc1/fruit_ws/build/arm_control': PYTHONPATH=/home/rc1/fruit_ws/build/arm_control/prefix_override:/usr/lib/python3/dist-packages/colcon_core/task/python/colcon_distutils_commands:/home/rc1/fruit_ws/install/arm_control/lib/python3.10/site-packages:${PYTHONPATH} /usr/bin/python3 -W ignore:setup.py install is deprecated -W ignore:easy_install command is deprecated setup.py develop --editable --build-directory /home/rc1/fruit_ws/build/arm_control/build --no-deps symlink_data
[1.742s] DEBUG:colcon.colcon_core.event_handler.log_command:Invoking command in '/home/rc1/fruit_ws/build/serial_pkg': PYTHONPATH=/home/rc1/fruit_ws/build/serial_pkg/prefix_override:/usr/lib/python3/dist-packages/colcon_core/task/python/colcon_distutils_commands:/home/rc1/fruit_ws/install/serial_pkg/lib/python3.10/site-packages:${PYTHONPATH} /usr/bin/python3 -W ignore:setup.py install is deprecated -W ignore:easy_install command is deprecated setup.py develop --editable --build-directory /home/rc1/fruit_ws/build/serial_pkg/build --no-deps symlink_data
[1.753s] DEBUG:colcon.colcon_core.event_handler.log_command:Invoking command in '/home/rc1/fruit_ws/build/fruit_robot_launch': PYTHONPATH=/home/rc1/fruit_ws/build/fruit_robot_launch/prefix_override:/usr/lib/python3/dist-packages/colcon_core/task/python/colcon_distutils_commands:/home/rc1/fruit_ws/install/fruit_robot_launch/lib/python3.10/site-packages:${PYTHONPATH} /usr/bin/python3 -W ignore:setup.py install is deprecated -W ignore:easy_install command is deprecated setup.py develop --editable --build-directory /home/rc1/fruit_ws/build/fruit_robot_launch/build --no-deps symlink_data
[1.762s] DEBUG:colcon.colcon_core.event_handler.log_command:Invoking command in '/home/rc1/fruit_ws/build/arm_description': PYTHONPATH=/home/rc1/fruit_ws/build/arm_description/prefix_override:/usr/lib/python3/dist-packages/colcon_core/task/python/colcon_distutils_commands:/home/rc1/fruit_ws/install/arm_description/lib/python3.10/site-packages:${PYTHONPATH} /usr/bin/python3 -W ignore:setup.py install is deprecated -W ignore:easy_install command is deprecated setup.py develop --editable --build-directory /home/rc1/fruit_ws/build/arm_description/build --no-deps symlink_data
[2.270s] Level 1:colcon.colcon_core.shell:create_environment_hook('serial_pkg', 'pythonpath_develop')
[2.270s] INFO:colcon.colcon_core.shell:Creating environment hook '/home/rc1/fruit_ws/build/serial_pkg/share/serial_pkg/hook/pythonpath_develop.ps1'
[2.271s] DEBUG:colcon.colcon_core.event_handler.log_command:Invoked command in '/home/rc1/fruit_ws/build/serial_pkg' returned '0': PYTHONPATH=/home/rc1/fruit_ws/build/serial_pkg/prefix_override:/usr/lib/python3/dist-packages/colcon_core/task/python/colcon_distutils_commands:/home/rc1/fruit_ws/install/serial_pkg/lib/python3.10/site-packages:${PYTHONPATH} /usr/bin/python3 -W ignore:setup.py install is deprecated -W ignore:easy_install command is deprecated setup.py develop --editable --build-directory /home/rc1/fruit_ws/build/serial_pkg/build --no-deps symlink_data
[2.272s] INFO:colcon.colcon_core.shell:Creating environment descriptor '/home/rc1/fruit_ws/build/serial_pkg/share/serial_pkg/hook/pythonpath_develop.dsv'
[2.273s] INFO:colcon.colcon_core.shell:Creating environment hook '/home/rc1/fruit_ws/build/serial_pkg/share/serial_pkg/hook/pythonpath_develop.sh'
[2.275s] Level 1:colcon.colcon_core.environment:checking '/home/rc1/fruit_ws/install/serial_pkg' for CMake module files
[2.276s] Level 1:colcon.colcon_core.environment:checking '/home/rc1/fruit_ws/install/serial_pkg' for CMake config files
[2.276s] Level 1:colcon.colcon_core.environment:checking '/home/rc1/fruit_ws/install/serial_pkg/lib'
[2.276s] Level 1:colcon.colcon_core.environment:checking '/home/rc1/fruit_ws/install/serial_pkg/bin'
[2.276s] Level 1:colcon.colcon_core.environment:checking '/home/rc1/fruit_ws/install/serial_pkg/lib/pkgconfig/serial_pkg.pc'
[2.277s] Level 1:colcon.colcon_core.environment:checking '/home/rc1/fruit_ws/install/serial_pkg/lib/python3.10/site-packages'
[2.277s] Level 1:colcon.colcon_core.shell:create_environment_hook('serial_pkg', 'pythonpath')
[2.277s] INFO:colcon.colcon_core.shell:Creating environment hook '/home/rc1/fruit_ws/install/serial_pkg/share/serial_pkg/hook/pythonpath.ps1'
[2.277s] INFO:colcon.colcon_core.shell:Creating environment descriptor '/home/rc1/fruit_ws/install/serial_pkg/share/serial_pkg/hook/pythonpath.dsv'
[2.278s] INFO:colcon.colcon_core.shell:Creating environment hook '/home/rc1/fruit_ws/install/serial_pkg/share/serial_pkg/hook/pythonpath.sh'
[2.278s] Level 1:colcon.colcon_core.environment:checking '/home/rc1/fruit_ws/install/serial_pkg/bin'
[2.278s] Level 1:colcon.colcon_core.environment:create_environment_scripts_only(serial_pkg)
[2.278s] INFO:colcon.colcon_core.shell:Creating package script '/home/rc1/fruit_ws/install/serial_pkg/share/serial_pkg/package.ps1'
[2.279s] INFO:colcon.colcon_core.shell:Creating package descriptor '/home/rc1/fruit_ws/install/serial_pkg/share/serial_pkg/package.dsv'
[2.280s] INFO:colcon.colcon_core.shell:Creating package script '/home/rc1/fruit_ws/install/serial_pkg/share/serial_pkg/package.sh'
[2.281s] INFO:colcon.colcon_core.shell:Creating package script '/home/rc1/fruit_ws/install/serial_pkg/share/serial_pkg/package.bash'
[2.283s] INFO:colcon.colcon_core.shell:Creating package script '/home/rc1/fruit_ws/install/serial_pkg/share/serial_pkg/package.zsh'
[2.283s] Level 1:colcon.colcon_core.environment:create_file_with_runtime_dependencies(/home/rc1/fruit_ws/install/serial_pkg/share/colcon-core/packages/serial_pkg)
[2.305s] Level 1:colcon.colcon_core.shell:create_environment_hook('arm_description', 'pythonpath_develop')
[2.305s] INFO:colcon.colcon_core.shell:Creating environment hook '/home/rc1/fruit_ws/build/arm_description/share/arm_description/hook/pythonpath_develop.ps1'
[2.306s] DEBUG:colcon.colcon_core.event_handler.log_command:Invoked command in '/home/rc1/fruit_ws/build/arm_description' returned '0': PYTHONPATH=/home/rc1/fruit_ws/build/arm_description/prefix_override:/usr/lib/python3/dist-packages/colcon_core/task/python/colcon_distutils_commands:/home/rc1/fruit_ws/install/arm_description/lib/python3.10/site-packages:${PYTHONPATH} /usr/bin/python3 -W ignore:setup.py install is deprecated -W ignore:easy_install command is deprecated setup.py develop --editable --build-directory /home/rc1/fruit_ws/build/arm_description/build --no-deps symlink_data
[2.306s] INFO:colcon.colcon_core.shell:Creating environment descriptor '/home/rc1/fruit_ws/build/arm_description/share/arm_description/hook/pythonpath_develop.dsv'
[2.306s] INFO:colcon.colcon_core.shell:Creating environment hook '/home/rc1/fruit_ws/build/arm_description/share/arm_description/hook/pythonpath_develop.sh'
[2.307s] Level 1:colcon.colcon_core.environment:checking '/home/rc1/fruit_ws/install/arm_description' for CMake module files
[2.307s] Level 1:colcon.colcon_core.environment:checking '/home/rc1/fruit_ws/install/arm_description' for CMake config files
[2.307s] Level 1:colcon.colcon_core.environment:checking '/home/rc1/fruit_ws/install/arm_description/lib'
[2.307s] Level 1:colcon.colcon_core.environment:checking '/home/rc1/fruit_ws/install/arm_description/bin'
[2.307s] Level 1:colcon.colcon_core.environment:checking '/home/rc1/fruit_ws/install/arm_description/lib/pkgconfig/arm_description.pc'
[2.308s] Level 1:colcon.colcon_core.environment:checking '/home/rc1/fruit_ws/install/arm_description/lib/python3.10/site-packages'
[2.308s] Level 1:colcon.colcon_core.shell:create_environment_hook('arm_description', 'pythonpath')
[2.308s] INFO:colcon.colcon_core.shell:Creating environment hook '/home/rc1/fruit_ws/install/arm_description/share/arm_description/hook/pythonpath.ps1'
[2.308s] INFO:colcon.colcon_core.shell:Creating environment descriptor '/home/rc1/fruit_ws/install/arm_description/share/arm_description/hook/pythonpath.dsv'
[2.308s] INFO:colcon.colcon_core.shell:Creating environment hook '/home/rc1/fruit_ws/install/arm_description/share/arm_description/hook/pythonpath.sh'
[2.309s] Level 1:colcon.colcon_core.environment:checking '/home/rc1/fruit_ws/install/arm_description/bin'
[2.309s] Level 1:colcon.colcon_core.environment:create_environment_scripts_only(arm_description)
[2.309s] INFO:colcon.colcon_core.shell:Creating package script '/home/rc1/fruit_ws/install/arm_description/share/arm_description/package.ps1'
[2.310s] INFO:colcon.colcon_core.shell:Creating package descriptor '/home/rc1/fruit_ws/install/arm_description/share/arm_description/package.dsv'
[2.310s] INFO:colcon.colcon_core.shell:Creating package script '/home/rc1/fruit_ws/install/arm_description/share/arm_description/package.sh'
[2.311s] INFO:colcon.colcon_core.shell:Creating package script '/home/rc1/fruit_ws/install/arm_description/share/arm_description/package.bash'
[2.311s] INFO:colcon.colcon_core.shell:Creating package script '/home/rc1/fruit_ws/install/arm_description/share/arm_description/package.zsh'
[2.311s] Level 1:colcon.colcon_core.environment:create_file_with_runtime_dependencies(/home/rc1/fruit_ws/install/arm_description/share/colcon-core/packages/arm_description)
[2.374s] Level 1:colcon.colcon_core.shell:create_environment_hook('arm_control', 'pythonpath_develop')
[2.375s] INFO:colcon.colcon_core.shell:Creating environment hook '/home/rc1/fruit_ws/build/arm_control/share/arm_control/hook/pythonpath_develop.ps1'
[2.375s] DEBUG:colcon.colcon_core.event_handler.log_command:Invoked command in '/home/rc1/fruit_ws/build/arm_control' returned '0': PYTHONPATH=/home/rc1/fruit_ws/build/arm_control/prefix_override:/usr/lib/python3/dist-packages/colcon_core/task/python/colcon_distutils_commands:/home/rc1/fruit_ws/install/arm_control/lib/python3.10/site-packages:${PYTHONPATH} /usr/bin/python3 -W ignore:setup.py install is deprecated -W ignore:easy_install command is deprecated setup.py develop --editable --build-directory /home/rc1/fruit_ws/build/arm_control/build --no-deps symlink_data
[2.376s] INFO:colcon.colcon_core.shell:Creating environment descriptor '/home/rc1/fruit_ws/build/arm_control/share/arm_control/hook/pythonpath_develop.dsv'
[2.376s] INFO:colcon.colcon_core.shell:Creating environment hook '/home/rc1/fruit_ws/build/arm_control/share/arm_control/hook/pythonpath_develop.sh'
[2.377s] Level 1:colcon.colcon_core.environment:checking '/home/rc1/fruit_ws/install/arm_control' for CMake module files
[2.378s] Level 1:colcon.colcon_core.environment:checking '/home/rc1/fruit_ws/install/arm_control' for CMake config files
[2.379s] Level 1:colcon.colcon_core.environment:checking '/home/rc1/fruit_ws/install/arm_control/lib'
[2.379s] Level 1:colcon.colcon_core.environment:checking '/home/rc1/fruit_ws/install/arm_control/bin'
[2.379s] Level 1:colcon.colcon_core.environment:checking '/home/rc1/fruit_ws/install/arm_control/lib/pkgconfig/arm_control.pc'
[2.379s] Level 1:colcon.colcon_core.environment:checking '/home/rc1/fruit_ws/install/arm_control/lib/python3.10/site-packages'
[2.380s] Level 1:colcon.colcon_core.shell:create_environment_hook('arm_control', 'pythonpath')
[2.380s] INFO:colcon.colcon_core.shell:Creating environment hook '/home/rc1/fruit_ws/install/arm_control/share/arm_control/hook/pythonpath.ps1'
[2.381s] INFO:colcon.colcon_core.shell:Creating environment descriptor '/home/rc1/fruit_ws/install/arm_control/share/arm_control/hook/pythonpath.dsv'
[2.381s] INFO:colcon.colcon_core.shell:Creating environment hook '/home/rc1/fruit_ws/install/arm_control/share/arm_control/hook/pythonpath.sh'
[2.382s] Level 1:colcon.colcon_core.environment:checking '/home/rc1/fruit_ws/install/arm_control/bin'
[2.382s] Level 1:colcon.colcon_core.environment:create_environment_scripts_only(arm_control)
[2.383s] INFO:colcon.colcon_core.shell:Creating package script '/home/rc1/fruit_ws/install/arm_control/share/arm_control/package.ps1'
[2.383s] INFO:colcon.colcon_core.shell:Creating package descriptor '/home/rc1/fruit_ws/install/arm_control/share/arm_control/package.dsv'
[2.384s] INFO:colcon.colcon_core.shell:Creating package script '/home/rc1/fruit_ws/install/arm_control/share/arm_control/package.sh'
[2.384s] INFO:colcon.colcon_core.shell:Creating package script '/home/rc1/fruit_ws/install/arm_control/share/arm_control/package.bash'
[2.385s] INFO:colcon.colcon_core.shell:Creating package script '/home/rc1/fruit_ws/install/arm_control/share/arm_control/package.zsh'
[2.385s] Level 1:colcon.colcon_core.environment:create_file_with_runtime_dependencies(/home/rc1/fruit_ws/install/arm_control/share/colcon-core/packages/arm_control)
[2.412s] DEBUG:colcon.colcon_core.event_handler.log_command:Invoked command in '/home/rc1/fruit_ws/build/robot_control_interfaces' returned '0': CMAKE_PREFIX_PATH=${CMAKE_PREFIX_PATH}:/home/rc1/ws_moveit/install/moveit_configs_utils:/home/rc1/ws_moveit/install/launch_param_builder:/opt/ros/humble /usr/bin/cmake /home/rc1/fruit_ws/src/robot_control_interfaces -DAMENT_CMAKE_SYMLINK_INSTALL=1 -DCMAKE_INSTALL_PREFIX=/home/rc1/fruit_ws/install/robot_control_interfaces
[2.415s] DEBUG:colcon.colcon_core.event_handler.log_command:Invoking command in '/home/rc1/fruit_ws/build/robot_control_interfaces': CMAKE_PREFIX_PATH=${CMAKE_PREFIX_PATH}:/home/rc1/ws_moveit/install/moveit_configs_utils:/home/rc1/ws_moveit/install/launch_param_builder:/opt/ros/humble /usr/bin/cmake --build /home/rc1/fruit_ws/build/robot_control_interfaces -- -j8 -l8
[2.416s] Level 1:colcon.colcon_core.shell:create_environment_hook('fruit_robot_launch', 'pythonpath_develop')
[2.417s] DEBUG:colcon.colcon_core.event_handler.log_command:Invoked command in '/home/rc1/fruit_ws/build/fruit_robot_launch' returned '0': PYTHONPATH=/home/rc1/fruit_ws/build/fruit_robot_launch/prefix_override:/usr/lib/python3/dist-packages/colcon_core/task/python/colcon_distutils_commands:/home/rc1/fruit_ws/install/fruit_robot_launch/lib/python3.10/site-packages:${PYTHONPATH} /usr/bin/python3 -W ignore:setup.py install is deprecated -W ignore:easy_install command is deprecated setup.py develop --editable --build-directory /home/rc1/fruit_ws/build/fruit_robot_launch/build --no-deps symlink_data
[2.417s] INFO:colcon.colcon_core.shell:Creating environment hook '/home/rc1/fruit_ws/build/fruit_robot_launch/share/fruit_robot_launch/hook/pythonpath_develop.ps1'
[2.418s] INFO:colcon.colcon_core.shell:Creating environment descriptor '/home/rc1/fruit_ws/build/fruit_robot_launch/share/fruit_robot_launch/hook/pythonpath_develop.dsv'
[2.418s] INFO:colcon.colcon_core.shell:Creating environment hook '/home/rc1/fruit_ws/build/fruit_robot_launch/share/fruit_robot_launch/hook/pythonpath_develop.sh'
[2.419s] Level 1:colcon.colcon_core.environment:checking '/home/rc1/fruit_ws/install/fruit_robot_launch' for CMake module files
[2.419s] Level 1:colcon.colcon_core.environment:checking '/home/rc1/fruit_ws/install/fruit_robot_launch' for CMake config files
[2.419s] Level 1:colcon.colcon_core.environment:checking '/home/rc1/fruit_ws/install/fruit_robot_launch/lib'
[2.419s] Level 1:colcon.colcon_core.environment:checking '/home/rc1/fruit_ws/install/fruit_robot_launch/bin'
[2.420s] Level 1:colcon.colcon_core.environment:checking '/home/rc1/fruit_ws/install/fruit_robot_launch/lib/pkgconfig/fruit_robot_launch.pc'
[2.420s] Level 1:colcon.colcon_core.environment:checking '/home/rc1/fruit_ws/install/fruit_robot_launch/lib/python3.10/site-packages'
[2.420s] Level 1:colcon.colcon_core.shell:create_environment_hook('fruit_robot_launch', 'pythonpath')
[2.421s] INFO:colcon.colcon_core.shell:Creating environment hook '/home/rc1/fruit_ws/install/fruit_robot_launch/share/fruit_robot_launch/hook/pythonpath.ps1'
[2.421s] INFO:colcon.colcon_core.shell:Creating environment descriptor '/home/rc1/fruit_ws/install/fruit_robot_launch/share/fruit_robot_launch/hook/pythonpath.dsv'
[2.422s] INFO:colcon.colcon_core.shell:Creating environment hook '/home/rc1/fruit_ws/install/fruit_robot_launch/share/fruit_robot_launch/hook/pythonpath.sh'
[2.422s] Level 1:colcon.colcon_core.environment:checking '/home/rc1/fruit_ws/install/fruit_robot_launch/bin'
[2.422s] Level 1:colcon.colcon_core.environment:create_environment_scripts_only(fruit_robot_launch)
[2.423s] INFO:colcon.colcon_core.shell:Creating package script '/home/rc1/fruit_ws/install/fruit_robot_launch/share/fruit_robot_launch/package.ps1'
[2.423s] INFO:colcon.colcon_core.shell:Creating package descriptor '/home/rc1/fruit_ws/install/fruit_robot_launch/share/fruit_robot_launch/package.dsv'
[2.424s] INFO:colcon.colcon_core.shell:Creating package script '/home/rc1/fruit_ws/install/fruit_robot_launch/share/fruit_robot_launch/package.sh'
[2.424s] INFO:colcon.colcon_core.shell:Creating package script '/home/rc1/fruit_ws/install/fruit_robot_launch/share/fruit_robot_launch/package.bash'
[2.425s] INFO:colcon.colcon_core.shell:Creating package script '/home/rc1/fruit_ws/install/fruit_robot_launch/share/fruit_robot_launch/package.zsh'
[2.425s] Level 1:colcon.colcon_core.environment:create_file_with_runtime_dependencies(/home/rc1/fruit_ws/install/fruit_robot_launch/share/colcon-core/packages/fruit_robot_launch)
[6.173s] DEBUG:colcon.colcon_core.event_handler.log_command:Invoked command in '/home/rc1/fruit_ws/build/robot_control_interfaces' returned '0': CMAKE_PREFIX_PATH=${CMAKE_PREFIX_PATH}:/home/rc1/ws_moveit/install/moveit_configs_utils:/home/rc1/ws_moveit/install/launch_param_builder:/opt/ros/humble /usr/bin/cmake --build /home/rc1/fruit_ws/build/robot_control_interfaces -- -j8 -l8
[6.187s] DEBUG:colcon.colcon_core.event_handler.log_command:Invoking command in '/home/rc1/fruit_ws/build/robot_control_interfaces': CMAKE_PREFIX_PATH=${CMAKE_PREFIX_PATH}:/home/rc1/ws_moveit/install/moveit_configs_utils:/home/rc1/ws_moveit/install/launch_param_builder:/opt/ros/humble /usr/bin/cmake --install /home/rc1/fruit_ws/build/robot_control_interfaces
[7.093s] Level 1:colcon.colcon_core.environment:create_environment_scripts_only(robot_control_interfaces)
[7.094s] Level 1:colcon.colcon_core.environment:checking '/home/rc1/fruit_ws/install/robot_control_interfaces' for CMake module files
[7.095s] DEBUG:colcon.colcon_core.event_handler.log_command:Invoked command in '/home/rc1/fruit_ws/build/robot_control_interfaces' returned '0': CMAKE_PREFIX_PATH=${CMAKE_PREFIX_PATH}:/home/rc1/ws_moveit/install/moveit_configs_utils:/home/rc1/ws_moveit/install/launch_param_builder:/opt/ros/humble /usr/bin/cmake --install /home/rc1/fruit_ws/build/robot_control_interfaces
[7.095s] Level 1:colcon.colcon_core.environment:checking '/home/rc1/fruit_ws/install/robot_control_interfaces' for CMake config files
[7.096s] Level 1:colcon.colcon_core.shell:create_environment_hook('robot_control_interfaces', 'cmake_prefix_path')
[7.096s] INFO:colcon.colcon_core.shell:Creating environment hook '/home/rc1/fruit_ws/install/robot_control_interfaces/share/robot_control_interfaces/hook/cmake_prefix_path.ps1'
[7.096s] INFO:colcon.colcon_core.shell:Creating environment descriptor '/home/rc1/fruit_ws/install/robot_control_interfaces/share/robot_control_interfaces/hook/cmake_prefix_path.dsv'
[7.097s] INFO:colcon.colcon_core.shell:Creating environment hook '/home/rc1/fruit_ws/install/robot_control_interfaces/share/robot_control_interfaces/hook/cmake_prefix_path.sh'
[7.097s] Level 1:colcon.colcon_core.environment:checking '/home/rc1/fruit_ws/install/robot_control_interfaces/lib'
[7.097s] Level 1:colcon.colcon_core.shell:create_environment_hook('robot_control_interfaces', 'ld_library_path_lib')
[7.097s] INFO:colcon.colcon_core.shell:Creating environment hook '/home/rc1/fruit_ws/install/robot_control_interfaces/share/robot_control_interfaces/hook/ld_library_path_lib.ps1'
[7.097s] INFO:colcon.colcon_core.shell:Creating environment descriptor '/home/rc1/fruit_ws/install/robot_control_interfaces/share/robot_control_interfaces/hook/ld_library_path_lib.dsv'
[7.098s] INFO:colcon.colcon_core.shell:Creating environment hook '/home/rc1/fruit_ws/install/robot_control_interfaces/share/robot_control_interfaces/hook/ld_library_path_lib.sh'
[7.098s] Level 1:colcon.colcon_core.environment:checking '/home/rc1/fruit_ws/install/robot_control_interfaces/bin'
[7.098s] Level 1:colcon.colcon_core.environment:checking '/home/rc1/fruit_ws/install/robot_control_interfaces/lib/pkgconfig/robot_control_interfaces.pc'
[7.098s] Level 1:colcon.colcon_core.environment:checking '/home/rc1/fruit_ws/install/robot_control_interfaces/lib/python3.10/site-packages'
[7.098s] Level 1:colcon.colcon_core.environment:checking '/home/rc1/fruit_ws/install/robot_control_interfaces/bin'
[7.098s] INFO:colcon.colcon_core.shell:Creating package script '/home/rc1/fruit_ws/install/robot_control_interfaces/share/robot_control_interfaces/package.ps1'
[7.099s] INFO:colcon.colcon_core.shell:Creating package descriptor '/home/rc1/fruit_ws/install/robot_control_interfaces/share/robot_control_interfaces/package.dsv'
[7.099s] INFO:colcon.colcon_core.shell:Creating package script '/home/rc1/fruit_ws/install/robot_control_interfaces/share/robot_control_interfaces/package.sh'
[7.099s] INFO:colcon.colcon_core.shell:Creating package script '/home/rc1/fruit_ws/install/robot_control_interfaces/share/robot_control_interfaces/package.bash'
[7.099s] INFO:colcon.colcon_core.shell:Creating package script '/home/rc1/fruit_ws/install/robot_control_interfaces/share/robot_control_interfaces/package.zsh'
[7.100s] Level 1:colcon.colcon_core.environment:create_file_with_runtime_dependencies(/home/rc1/fruit_ws/install/robot_control_interfaces/share/colcon-core/packages/robot_control_interfaces)
[7.100s] Level 1:colcon.colcon_core.environment:create_environment_scripts_only(robot_control_interfaces)
[7.100s] Level 1:colcon.colcon_core.environment:checking '/home/rc1/fruit_ws/install/robot_control_interfaces' for CMake module files
[7.101s] Level 1:colcon.colcon_core.environment:checking '/home/rc1/fruit_ws/install/robot_control_interfaces' for CMake config files
[7.101s] Level 1:colcon.colcon_core.shell:create_environment_hook('robot_control_interfaces', 'cmake_prefix_path')
[7.102s] INFO:colcon.colcon_core.shell:Creating environment hook '/home/rc1/fruit_ws/install/robot_control_interfaces/share/robot_control_interfaces/hook/cmake_prefix_path.ps1'
[7.102s] INFO:colcon.colcon_core.shell:Creating environment descriptor '/home/rc1/fruit_ws/install/robot_control_interfaces/share/robot_control_interfaces/hook/cmake_prefix_path.dsv'
[7.102s] INFO:colcon.colcon_core.shell:Creating environment hook '/home/rc1/fruit_ws/install/robot_control_interfaces/share/robot_control_interfaces/hook/cmake_prefix_path.sh'
[7.103s] Level 1:colcon.colcon_core.environment:checking '/home/rc1/fruit_ws/install/robot_control_interfaces/lib'
[7.103s] Level 1:colcon.colcon_core.shell:create_environment_hook('robot_control_interfaces', 'ld_library_path_lib')
[7.103s] INFO:colcon.colcon_core.shell:Creating environment hook '/home/rc1/fruit_ws/install/robot_control_interfaces/share/robot_control_interfaces/hook/ld_library_path_lib.ps1'
[7.103s] INFO:colcon.colcon_core.shell:Creating environment descriptor '/home/rc1/fruit_ws/install/robot_control_interfaces/share/robot_control_interfaces/hook/ld_library_path_lib.dsv'
[7.103s] INFO:colcon.colcon_core.shell:Creating environment hook '/home/rc1/fruit_ws/install/robot_control_interfaces/share/robot_control_interfaces/hook/ld_library_path_lib.sh'
[7.104s] Level 1:colcon.colcon_core.environment:checking '/home/rc1/fruit_ws/install/robot_control_interfaces/bin'
[7.104s] Level 1:colcon.colcon_core.environment:checking '/home/rc1/fruit_ws/install/robot_control_interfaces/lib/pkgconfig/robot_control_interfaces.pc'
[7.104s] Level 1:colcon.colcon_core.environment:checking '/home/rc1/fruit_ws/install/robot_control_interfaces/lib/python3.10/site-packages'
[7.104s] Level 1:colcon.colcon_core.environment:checking '/home/rc1/fruit_ws/install/robot_control_interfaces/bin'
[7.104s] INFO:colcon.colcon_core.shell:Creating package script '/home/rc1/fruit_ws/install/robot_control_interfaces/share/robot_control_interfaces/package.ps1'
[7.104s] INFO:colcon.colcon_core.shell:Creating package descriptor '/home/rc1/fruit_ws/install/robot_control_interfaces/share/robot_control_interfaces/package.dsv'
[7.105s] INFO:colcon.colcon_core.shell:Creating package script '/home/rc1/fruit_ws/install/robot_control_interfaces/share/robot_control_interfaces/package.sh'
[7.105s] INFO:colcon.colcon_core.shell:Creating package script '/home/rc1/fruit_ws/install/robot_control_interfaces/share/robot_control_interfaces/package.bash'
[7.105s] INFO:colcon.colcon_core.shell:Creating package script '/home/rc1/fruit_ws/install/robot_control_interfaces/share/robot_control_interfaces/package.zsh'
[7.106s] Level 1:colcon.colcon_core.environment:create_file_with_runtime_dependencies(/home/rc1/fruit_ws/install/robot_control_interfaces/share/colcon-core/packages/robot_control_interfaces)
[7.106s] INFO:colcon.colcon_ros.task.ament_python.build:Building ROS package in '/home/rc1/fruit_ws/src/example_action_rclpy' with build type 'ament_python'
[7.106s] Level 1:colcon.colcon_core.shell:create_environment_hook('example_action_rclpy', 'ament_prefix_path')
[7.106s] INFO:colcon.colcon_core.shell:Creating environment hook '/home/rc1/fruit_ws/install/example_action_rclpy/share/example_action_rclpy/hook/ament_prefix_path.ps1'
[7.107s] INFO:colcon.colcon_core.shell:Creating environment descriptor '/home/rc1/fruit_ws/install/example_action_rclpy/share/example_action_rclpy/hook/ament_prefix_path.dsv'
[7.107s] INFO:colcon.colcon_core.shell:Creating environment hook '/home/rc1/fruit_ws/install/example_action_rclpy/share/example_action_rclpy/hook/ament_prefix_path.sh'
[7.108s] INFO:colcon.colcon_core.shell:Skip shell extension 'powershell' for command environment: Not usable outside of PowerShell
[7.108s] DEBUG:colcon.colcon_core.shell:Skip shell extension 'dsv' for command environment
[7.334s] INFO:colcon.colcon_core.task.python.build:Building Python package in '/home/rc1/fruit_ws/src/example_action_rclpy'
[7.334s] INFO:colcon.colcon_core.shell:Skip shell extension 'powershell' for command environment: Not usable outside of PowerShell
[7.334s] DEBUG:colcon.colcon_core.shell:Skip shell extension 'dsv' for command environment
[7.634s] DEBUG:colcon.colcon_core.event_handler.log_command:Invoking command in '/home/rc1/fruit_ws/build/example_action_rclpy': AMENT_PREFIX_PATH=/home/rc1/fruit_ws/install/robot_control_interfaces:${AMENT_PREFIX_PATH} CMAKE_PREFIX_PATH=/home/rc1/fruit_ws/install/robot_control_interfaces:${CMAKE_PREFIX_PATH} LD_LIBRARY_PATH=/home/rc1/fruit_ws/install/robot_control_interfaces/lib:${LD_LIBRARY_PATH} PYTHONPATH=/home/rc1/fruit_ws/build/example_action_rclpy/prefix_override:/usr/lib/python3/dist-packages/colcon_core/task/python/colcon_distutils_commands:/home/rc1/fruit_ws/install/example_action_rclpy/lib/python3.10/site-packages:/home/rc1/fruit_ws/install/robot_control_interfaces/local/lib/python3.10/dist-packages:${PYTHONPATH} /usr/bin/python3 -W ignore:setup.py install is deprecated -W ignore:easy_install command is deprecated setup.py develop --editable --build-directory /home/rc1/fruit_ws/build/example_action_rclpy/build --no-deps symlink_data
[7.998s] Level 1:colcon.colcon_core.shell:create_environment_hook('example_action_rclpy', 'pythonpath_develop')
[7.998s] INFO:colcon.colcon_core.shell:Creating environment hook '/home/rc1/fruit_ws/build/example_action_rclpy/share/example_action_rclpy/hook/pythonpath_develop.ps1'
[7.999s] DEBUG:colcon.colcon_core.event_handler.log_command:Invoked command in '/home/rc1/fruit_ws/build/example_action_rclpy' returned '0': AMENT_PREFIX_PATH=/home/rc1/fruit_ws/install/robot_control_interfaces:${AMENT_PREFIX_PATH} CMAKE_PREFIX_PATH=/home/rc1/fruit_ws/install/robot_control_interfaces:${CMAKE_PREFIX_PATH} LD_LIBRARY_PATH=/home/rc1/fruit_ws/install/robot_control_interfaces/lib:${LD_LIBRARY_PATH} PYTHONPATH=/home/rc1/fruit_ws/build/example_action_rclpy/prefix_override:/usr/lib/python3/dist-packages/colcon_core/task/python/colcon_distutils_commands:/home/rc1/fruit_ws/install/example_action_rclpy/lib/python3.10/site-packages:/home/rc1/fruit_ws/install/robot_control_interfaces/local/lib/python3.10/dist-packages:${PYTHONPATH} /usr/bin/python3 -W ignore:setup.py install is deprecated -W ignore:easy_install command is deprecated setup.py develop --editable --build-directory /home/rc1/fruit_ws/build/example_action_rclpy/build --no-deps symlink_data
[7.999s] INFO:colcon.colcon_core.shell:Creating environment descriptor '/home/rc1/fruit_ws/build/example_action_rclpy/share/example_action_rclpy/hook/pythonpath_develop.dsv'
[7.999s] INFO:colcon.colcon_core.shell:Creating environment hook '/home/rc1/fruit_ws/build/example_action_rclpy/share/example_action_rclpy/hook/pythonpath_develop.sh'
[8.000s] Level 1:colcon.colcon_core.environment:checking '/home/rc1/fruit_ws/install/example_action_rclpy' for CMake module files
[8.000s] Level 1:colcon.colcon_core.environment:checking '/home/rc1/fruit_ws/install/example_action_rclpy' for CMake config files
[8.000s] Level 1:colcon.colcon_core.environment:checking '/home/rc1/fruit_ws/install/example_action_rclpy/lib'
[8.000s] Level 1:colcon.colcon_core.environment:checking '/home/rc1/fruit_ws/install/example_action_rclpy/bin'
[8.001s] Level 1:colcon.colcon_core.environment:checking '/home/rc1/fruit_ws/install/example_action_rclpy/lib/pkgconfig/example_action_rclpy.pc'
[8.001s] Level 1:colcon.colcon_core.environment:checking '/home/rc1/fruit_ws/install/example_action_rclpy/lib/python3.10/site-packages'
[8.001s] Level 1:colcon.colcon_core.shell:create_environment_hook('example_action_rclpy', 'pythonpath')
[8.001s] INFO:colcon.colcon_core.shell:Creating environment hook '/home/rc1/fruit_ws/install/example_action_rclpy/share/example_action_rclpy/hook/pythonpath.ps1'
[8.001s] INFO:colcon.colcon_core.shell:Creating environment descriptor '/home/rc1/fruit_ws/install/example_action_rclpy/share/example_action_rclpy/hook/pythonpath.dsv'
[8.001s] INFO:colcon.colcon_core.shell:Creating environment hook '/home/rc1/fruit_ws/install/example_action_rclpy/share/example_action_rclpy/hook/pythonpath.sh'
[8.002s] Level 1:colcon.colcon_core.environment:checking '/home/rc1/fruit_ws/install/example_action_rclpy/bin'
[8.002s] Level 1:colcon.colcon_core.environment:create_environment_scripts_only(example_action_rclpy)
[8.002s] INFO:colcon.colcon_core.shell:Creating package script '/home/rc1/fruit_ws/install/example_action_rclpy/share/example_action_rclpy/package.ps1'
[8.002s] INFO:colcon.colcon_core.shell:Creating package descriptor '/home/rc1/fruit_ws/install/example_action_rclpy/share/example_action_rclpy/package.dsv'
[8.003s] INFO:colcon.colcon_core.shell:Creating package script '/home/rc1/fruit_ws/install/example_action_rclpy/share/example_action_rclpy/package.sh'
[8.003s] INFO:colcon.colcon_core.shell:Creating package script '/home/rc1/fruit_ws/install/example_action_rclpy/share/example_action_rclpy/package.bash'
[8.003s] INFO:colcon.colcon_core.shell:Creating package script '/home/rc1/fruit_ws/install/example_action_rclpy/share/example_action_rclpy/package.zsh'
[8.004s] Level 1:colcon.colcon_core.environment:create_file_with_runtime_dependencies(/home/rc1/fruit_ws/install/example_action_rclpy/share/colcon-core/packages/example_action_rclpy)
[8.004s] DEBUG:colcon.colcon_parallel_executor.executor.parallel:closing loop
[8.004s] DEBUG:colcon.colcon_parallel_executor.executor.parallel:loop closed
[8.004s] DEBUG:colcon.colcon_parallel_executor.executor.parallel:run_until_complete finished with '0'
[8.005s] DEBUG:colcon.colcon_core.event_reactor:joining thread
[8.009s] INFO:colcon.colcon_core.plugin_system:Skipping extension 'colcon_notification.desktop_notification.terminal_notifier': Not used on non-Darwin systems
[8.009s] INFO:colcon.colcon_core.plugin_system:Skipping extension 'colcon_notification.desktop_notification.win32': Not used on non-Windows systems
[8.009s] INFO:colcon.colcon_notification.desktop_notification:Sending desktop notification using 'notify2'
[8.020s] DEBUG:colcon.colcon_core.event_reactor:joined thread
[8.020s] INFO:colcon.colcon_core.shell:Creating prefix script '/home/rc1/fruit_ws/install/local_setup.ps1'
[8.021s] INFO:colcon.colcon_core.shell:Creating prefix util module '/home/rc1/fruit_ws/install/_local_setup_util_ps1.py'
[8.022s] INFO:colcon.colcon_core.shell:Creating prefix chain script '/home/rc1/fruit_ws/install/setup.ps1'
[8.024s] INFO:colcon.colcon_core.shell:Creating prefix script '/home/rc1/fruit_ws/install/local_setup.sh'
[8.025s] INFO:colcon.colcon_core.shell:Creating prefix util module '/home/rc1/fruit_ws/install/_local_setup_util_sh.py'
[8.025s] INFO:colcon.colcon_core.shell:Creating prefix chain script '/home/rc1/fruit_ws/install/setup.sh'
[8.027s] INFO:colcon.colcon_core.shell:Creating prefix script '/home/rc1/fruit_ws/install/local_setup.bash'
[8.027s] INFO:colcon.colcon_core.shell:Creating prefix chain script '/home/rc1/fruit_ws/install/setup.bash'
[8.030s] INFO:colcon.colcon_core.shell:Creating prefix script '/home/rc1/fruit_ws/install/local_setup.zsh'
[8.030s] INFO:colcon.colcon_core.shell:Creating prefix chain script '/home/rc1/fruit_ws/install/setup.zsh'
