running develop
running egg_info
creating fruit_robot_launch.egg-info
writing fruit_robot_launch.egg-info/PKG-INFO
writing dependency_links to fruit_robot_launch.egg-info/dependency_links.txt
writing entry points to fruit_robot_launch.egg-info/entry_points.txt
writing requirements to fruit_robot_launch.egg-info/requires.txt
writing top-level names to fruit_robot_launch.egg-info/top_level.txt
writing manifest file 'fruit_robot_launch.egg-info/SOURCES.txt'
reading manifest file 'fruit_robot_launch.egg-info/SOURCES.txt'
writing manifest file 'fruit_robot_launch.egg-info/SOURCES.txt'
running build_ext
Creating /home/rc1/fruit_ws/install/fruit_robot_launch/lib/python3.10/site-packages/fruit-robot-launch.egg-link (link to .)

Installed /home/rc1/fruit_ws/build/fruit_robot_launch
running symlink_data
creating /home/rc1/fruit_ws/install/fruit_robot_launch/share/ament_index
creating /home/rc1/fruit_ws/install/fruit_robot_launch/share/ament_index/resource_index
creating /home/rc1/fruit_ws/install/fruit_robot_launch/share/ament_index/resource_index/packages
symbolically linking /home/rc1/fruit_ws/build/fruit_robot_launch/resource/fruit_robot_launch -> /home/rc1/fruit_ws/install/fruit_robot_launch/share/ament_index/resource_index/packages
symbolically linking /home/rc1/fruit_ws/build/fruit_robot_launch/package.xml -> /home/rc1/fruit_ws/install/fruit_robot_launch/share/fruit_robot_launch
