[1.407s] Invoking command in '/home/rc1/fruit_ws/build/fruit_robot_launch': PYTHONPATH=/home/rc1/fruit_ws/build/fruit_robot_launch/prefix_override:/usr/lib/python3/dist-packages/colcon_core/task/python/colcon_distutils_commands:/home/rc1/fruit_ws/install/fruit_robot_launch/lib/python3.10/site-packages:${PYTHONPATH} /usr/bin/python3 -W ignore:setup.py install is deprecated -W ignore:easy_install command is deprecated setup.py develop --editable --build-directory /home/rc1/fruit_ws/build/fruit_robot_launch/build --no-deps symlink_data
[1.816s] running develop
[2.031s] running egg_info
[2.031s] creating fruit_robot_launch.egg-info
[2.031s] writing fruit_robot_launch.egg-info/PKG-INFO
[2.032s] writing dependency_links to fruit_robot_launch.egg-info/dependency_links.txt
[2.032s] writing entry points to fruit_robot_launch.egg-info/entry_points.txt
[2.032s] writing requirements to fruit_robot_launch.egg-info/requires.txt
[2.032s] writing top-level names to fruit_robot_launch.egg-info/top_level.txt
[2.032s] writing manifest file 'fruit_robot_launch.egg-info/SOURCES.txt'
[2.035s] reading manifest file 'fruit_robot_launch.egg-info/SOURCES.txt'
[2.035s] writing manifest file 'fruit_robot_launch.egg-info/SOURCES.txt'
[2.036s] running build_ext
[2.036s] Creating /home/rc1/fruit_ws/install/fruit_robot_launch/lib/python3.10/site-packages/fruit-robot-launch.egg-link (link to .)
[2.037s] 
[2.037s] Installed /home/rc1/fruit_ws/build/fruit_robot_launch
[2.038s] running symlink_data
[2.038s] creating /home/rc1/fruit_ws/install/fruit_robot_launch/share/ament_index
[2.038s] creating /home/rc1/fruit_ws/install/fruit_robot_launch/share/ament_index/resource_index
[2.038s] creating /home/rc1/fruit_ws/install/fruit_robot_launch/share/ament_index/resource_index/packages
[2.038s] symbolically linking /home/rc1/fruit_ws/build/fruit_robot_launch/resource/fruit_robot_launch -> /home/rc1/fruit_ws/install/fruit_robot_launch/share/ament_index/resource_index/packages
[2.038s] symbolically linking /home/rc1/fruit_ws/build/fruit_robot_launch/package.xml -> /home/rc1/fruit_ws/install/fruit_robot_launch/share/fruit_robot_launch
[2.071s] Invoked command in '/home/rc1/fruit_ws/build/fruit_robot_launch' returned '0': PYTHONPATH=/home/rc1/fruit_ws/build/fruit_robot_launch/prefix_override:/usr/lib/python3/dist-packages/colcon_core/task/python/colcon_distutils_commands:/home/rc1/fruit_ws/install/fruit_robot_launch/lib/python3.10/site-packages:${PYTHONPATH} /usr/bin/python3 -W ignore:setup.py install is deprecated -W ignore:easy_install command is deprecated setup.py develop --editable --build-directory /home/rc1/fruit_ws/build/fruit_robot_launch/build --no-deps symlink_data
