[0.038s] Invoking command in '/home/rc1/fruit_ws/build/robot_control_interfaces': CMAKE_PREFIX_PATH=${CMAKE_PREFIX_PATH}:/home/rc1/ws_moveit/install/moveit_configs_utils:/home/rc1/ws_moveit/install/launch_param_builder:/opt/ros/humble /usr/bin/cmake /home/rc1/fruit_ws/src/robot_control_interfaces -DAMENT_CMAKE_SYMLINK_INSTALL=1 -DCMAKE_INSTALL_PREFIX=/home/rc1/fruit_ws/install/robot_control_interfaces
[0.718s] -- The C compiler identification is GNU 11.4.0
[0.718s] -- The CXX compiler identification is GNU 11.4.0
[0.718s] -- Detecting C compiler ABI info
[0.718s] -- Detecting C compiler ABI info - done
[0.718s] -- Check for working C compiler: /usr/bin/cc - skipped
[0.718s] -- Detecting C compile features
[0.718s] -- Detecting C compile features - done
[0.718s] -- Detecting CXX compiler ABI info
[0.718s] -- Detecting CXX compiler ABI info - done
[0.718s] -- Check for working CXX compiler: /usr/bin/c++ - skipped
[0.718s] -- Detecting CXX compile features
[0.718s] -- Detecting CXX compile features - done
[0.718s] -- Found ament_cmake: 1.3.12 (/opt/ros/humble/share/ament_cmake/cmake)
[0.719s] -- Found Python3: /usr/bin/python3 (found version "3.10.12") found components: Interpreter 
[0.719s] -- Override CMake install command with custom implementation using symlinks instead of copying resources
[0.719s] -- Found rosidl_default_generators: 1.2.0 (/opt/ros/humble/share/rosidl_default_generators/cmake)
[0.719s] -- Using all available rosidl_typesupport_c: rosidl_typesupport_fastrtps_c;rosidl_typesupport_introspection_c
[0.719s] -- Found rosidl_adapter: 3.1.7 (/opt/ros/humble/share/rosidl_adapter/cmake)
[0.729s] -- Using all available rosidl_typesupport_cpp: rosidl_typesupport_fastrtps_cpp;rosidl_typesupport_introspection_cpp
[1.115s] -- Found ament_cmake_ros: 0.10.0 (/opt/ros/humble/share/ament_cmake_ros/cmake)
[1.458s] -- Using all available rosidl_typesupport_c: rosidl_typesupport_fastrtps_c;rosidl_typesupport_introspection_c
[1.810s] -- Using all available rosidl_typesupport_cpp: rosidl_typesupport_fastrtps_cpp;rosidl_typesupport_introspection_cpp
[1.838s] -- Found PythonInterp: /usr/bin/python3 (found suitable version "3.10.12", minimum required is "3.6") 
[1.845s] -- Found python_cmake_module: 0.10.0 (/opt/ros/humble/share/python_cmake_module/cmake)
[1.883s] -- Found PythonLibs: /usr/lib/x86_64-linux-gnu/libpython3.10.so (found suitable version "3.10.12", minimum required is "3.5") 
[1.883s] -- Using PYTHON_EXECUTABLE: /usr/bin/python3
[1.883s] -- Using PYTHON_INCLUDE_DIRS: /usr/include/python3.10
[1.883s] -- Using PYTHON_LIBRARIES: /usr/lib/x86_64-linux-gnu/libpython3.10.so
[1.906s] -- Found PythonExtra: .so  
[1.991s] -- Found ament_lint_auto: 0.12.14 (/opt/ros/humble/share/ament_lint_auto/cmake)
[2.035s] -- Added test 'lint_cmake' to check CMake code style
[2.036s] -- Added test 'xmllint' to check XML markup files
[2.040s] -- Configuring done
[2.071s] -- Generating done
[2.080s] -- Build files have been written to: /home/rc1/fruit_ws/build/robot_control_interfaces
[2.088s] Invoked command in '/home/rc1/fruit_ws/build/robot_control_interfaces' returned '0': CMAKE_PREFIX_PATH=${CMAKE_PREFIX_PATH}:/home/rc1/ws_moveit/install/moveit_configs_utils:/home/rc1/ws_moveit/install/launch_param_builder:/opt/ros/humble /usr/bin/cmake /home/rc1/fruit_ws/src/robot_control_interfaces -DAMENT_CMAKE_SYMLINK_INSTALL=1 -DCMAKE_INSTALL_PREFIX=/home/rc1/fruit_ws/install/robot_control_interfaces
[2.091s] Invoking command in '/home/rc1/fruit_ws/build/robot_control_interfaces': CMAKE_PREFIX_PATH=${CMAKE_PREFIX_PATH}:/home/rc1/ws_moveit/install/moveit_configs_utils:/home/rc1/ws_moveit/install/launch_param_builder:/opt/ros/humble /usr/bin/cmake --build /home/rc1/fruit_ws/build/robot_control_interfaces -- -j8 -l8
[2.143s] [  2%] [34m[1mGenerating C code for ROS interfaces[0m
[2.157s] [  5%] [34m[1mGenerating C++ code for ROS interfaces[0m
[2.167s] [  5%] Built target ament_cmake_python_symlink_robot_control_interfaces
[2.392s] running egg_info
[2.393s] creating robot_control_interfaces.egg-info
[2.393s] writing robot_control_interfaces.egg-info/PKG-INFO
[2.393s] writing dependency_links to robot_control_interfaces.egg-info/dependency_links.txt
[2.393s] writing top-level names to robot_control_interfaces.egg-info/top_level.txt
[2.393s] writing manifest file 'robot_control_interfaces.egg-info/SOURCES.txt'
[2.395s] reading manifest file 'robot_control_interfaces.egg-info/SOURCES.txt'
[2.396s] writing manifest file 'robot_control_interfaces.egg-info/SOURCES.txt'
[2.426s] [  5%] Built target ament_cmake_python_build_robot_control_interfaces_egg
[2.690s] [  7%] [32mBuilding C object CMakeFiles/robot_control_interfaces__rosidl_generator_c.dir/rosidl_generator_c/robot_control_interfaces/action/detail/move_robot__functions.c.o[0m
[2.691s] [ 10%] [32mBuilding C object CMakeFiles/robot_control_interfaces__rosidl_generator_c.dir/rosidl_generator_c/robot_control_interfaces/msg/detail/serial_data__functions.c.o[0m
[2.695s] [ 10%] Built target robot_control_interfaces__cpp
[2.709s] [ 12%] [34m[1mGenerating C++ type support for eProsima Fast-RTPS[0m
[2.711s] [ 15%] [34m[1mGenerating C++ introspection for ROS interfaces[0m
[2.712s] [ 17%] [34m[1mGenerating C++ type support dispatch for ROS interfaces[0m
[2.851s] [ 20%] [32m[1mLinking C shared library librobot_control_interfaces__rosidl_generator_c.so[0m
[2.894s] [ 20%] Built target robot_control_interfaces__rosidl_generator_c
[2.914s] [ 23%] [34m[1mGenerating C type support dispatch for ROS interfaces[0m
[2.914s] [ 25%] [34m[1mGenerating C introspection for ROS interfaces[0m
[2.916s] [ 28%] [34m[1mGenerating C type support for eProsima Fast-RTPS[0m
[3.209s] [ 30%] [32mBuilding CXX object CMakeFiles/robot_control_interfaces__rosidl_typesupport_introspection_cpp.dir/rosidl_typesupport_introspection_cpp/robot_control_interfaces/action/detail/move_robot__type_support.cpp.o[0m
[3.213s] [ 33%] [32mBuilding CXX object CMakeFiles/robot_control_interfaces__rosidl_typesupport_introspection_cpp.dir/rosidl_typesupport_introspection_cpp/robot_control_interfaces/msg/detail/serial_data__type_support.cpp.o[0m
[3.296s] [ 35%] [32mBuilding CXX object CMakeFiles/robot_control_interfaces__rosidl_typesupport_cpp.dir/rosidl_typesupport_cpp/robot_control_interfaces/action/move_robot__type_support.cpp.o[0m
[3.316s] [ 38%] [32mBuilding CXX object CMakeFiles/robot_control_interfaces__rosidl_typesupport_cpp.dir/rosidl_typesupport_cpp/robot_control_interfaces/msg/serial_data__type_support.cpp.o[0m
[3.393s] [ 41%] [32mBuilding CXX object CMakeFiles/robot_control_interfaces__rosidl_typesupport_fastrtps_cpp.dir/rosidl_typesupport_fastrtps_cpp/robot_control_interfaces/action/detail/dds_fastrtps/move_robot__type_support.cpp.o[0m
[3.647s] [ 43%] [32mBuilding CXX object CMakeFiles/robot_control_interfaces__rosidl_typesupport_c.dir/rosidl_typesupport_c/robot_control_interfaces/action/move_robot__type_support.cpp.o[0m
[3.655s] [ 46%] [32mBuilding C object CMakeFiles/robot_control_interfaces__rosidl_typesupport_introspection_c.dir/rosidl_typesupport_introspection_c/robot_control_interfaces/action/detail/move_robot__type_support.c.o[0m
[3.739s] [ 48%] [32mBuilding CXX object CMakeFiles/robot_control_interfaces__rosidl_typesupport_c.dir/rosidl_typesupport_c/robot_control_interfaces/msg/serial_data__type_support.cpp.o[0m
[3.787s] [ 51%] [32mBuilding CXX object CMakeFiles/robot_control_interfaces__rosidl_typesupport_fastrtps_c.dir/rosidl_typesupport_fastrtps_c/robot_control_interfaces/action/detail/move_robot__type_support_c.cpp.o[0m
[3.804s] [ 53%] [32m[1mLinking CXX shared library librobot_control_interfaces__rosidl_typesupport_c.so[0m
[3.836s] [ 56%] [32mBuilding C object CMakeFiles/robot_control_interfaces__rosidl_typesupport_introspection_c.dir/rosidl_typesupport_introspection_c/robot_control_interfaces/msg/detail/serial_data__type_support.c.o[0m
[3.847s] [ 58%] [32mBuilding CXX object CMakeFiles/robot_control_interfaces__rosidl_typesupport_fastrtps_c.dir/rosidl_typesupport_fastrtps_c/robot_control_interfaces/msg/detail/serial_data__type_support_c.cpp.o[0m
[3.912s] [ 64%] [32m[1mLinking C shared library librobot_control_interfaces__rosidl_typesupport_introspection_c.so[0m
[3.912s] [ 64%] [32mBuilding CXX object CMakeFiles/robot_control_interfaces__rosidl_typesupport_fastrtps_cpp.dir/rosidl_typesupport_fastrtps_cpp/robot_control_interfaces/msg/detail/dds_fastrtps/serial_data__type_support.cpp.o[0m
[3.933s] [ 64%] Built target robot_control_interfaces__rosidl_typesupport_c
[3.986s] [ 64%] Built target robot_control_interfaces__rosidl_typesupport_introspection_c
[4.140s] [ 66%] [32m[1mLinking CXX shared library librobot_control_interfaces__rosidl_typesupport_cpp.so[0m
[4.147s] [ 69%] [32m[1mLinking CXX shared library librobot_control_interfaces__rosidl_typesupport_introspection_cpp.so[0m
[4.231s] [ 69%] Built target robot_control_interfaces__rosidl_typesupport_cpp
[4.272s] [ 69%] Built target robot_control_interfaces__rosidl_typesupport_introspection_cpp
[4.367s] [ 71%] [32m[1mLinking CXX shared library librobot_control_interfaces__rosidl_typesupport_fastrtps_c.so[0m
[4.447s] [ 74%] [32m[1mLinking CXX shared library librobot_control_interfaces__rosidl_typesupport_fastrtps_cpp.so[0m
[4.464s] [ 74%] Built target robot_control_interfaces__rosidl_typesupport_fastrtps_c
[4.538s] [ 74%] Built target robot_control_interfaces__rosidl_typesupport_fastrtps_cpp
[4.566s] [ 74%] Built target robot_control_interfaces
[4.596s] [ 76%] [34m[1mGenerating Python code for ROS interfaces[0m
[5.450s] [ 76%] Built target robot_control_interfaces__py
[5.479s] [ 82%] [32mBuilding C object CMakeFiles/robot_control_interfaces__rosidl_generator_py.dir/rosidl_generator_py/robot_control_interfaces/action/_move_robot_s.c.o[0m
[5.479s] [ 82%] [32mBuilding C object CMakeFiles/robot_control_interfaces__rosidl_generator_py.dir/rosidl_generator_py/robot_control_interfaces/msg/_serial_data_s.c.o[0m
[5.603s] [ 84%] [32m[1mLinking C shared library rosidl_generator_py/robot_control_interfaces/librobot_control_interfaces__rosidl_generator_py.so[0m
[5.647s] [ 84%] Built target robot_control_interfaces__rosidl_generator_py
[5.676s] [ 92%] [32mBuilding C object CMakeFiles/robot_control_interfaces__rosidl_typesupport_introspection_c__pyext.dir/rosidl_generator_py/robot_control_interfaces/_robot_control_interfaces_s.ep.rosidl_typesupport_introspection_c.c.o[0m
[5.676s] [ 92%] [32mBuilding C object CMakeFiles/robot_control_interfaces__rosidl_typesupport_c__pyext.dir/rosidl_generator_py/robot_control_interfaces/_robot_control_interfaces_s.ep.rosidl_typesupport_c.c.o[0m
[5.676s] [ 92%] [32mBuilding C object CMakeFiles/robot_control_interfaces__rosidl_typesupport_fastrtps_c__pyext.dir/rosidl_generator_py/robot_control_interfaces/_robot_control_interfaces_s.ep.rosidl_typesupport_fastrtps_c.c.o[0m
[5.786s] [100%] [32m[1mLinking C shared library rosidl_generator_py/robot_control_interfaces/robot_control_interfaces_s__rosidl_typesupport_introspection_c.cpython-310-x86_64-linux-gnu.so[0m
[5.786s] [100%] [32m[1mLinking C shared library rosidl_generator_py/robot_control_interfaces/robot_control_interfaces_s__rosidl_typesupport_c.cpython-310-x86_64-linux-gnu.so[0m
[5.786s] [100%] [32m[1mLinking C shared library rosidl_generator_py/robot_control_interfaces/robot_control_interfaces_s__rosidl_typesupport_fastrtps_c.cpython-310-x86_64-linux-gnu.so[0m
[5.834s] [100%] Built target robot_control_interfaces__rosidl_typesupport_fastrtps_c__pyext
[5.835s] [100%] Built target robot_control_interfaces__rosidl_typesupport_introspection_c__pyext
[5.836s] [100%] Built target robot_control_interfaces__rosidl_typesupport_c__pyext
[5.849s] Invoked command in '/home/rc1/fruit_ws/build/robot_control_interfaces' returned '0': CMAKE_PREFIX_PATH=${CMAKE_PREFIX_PATH}:/home/rc1/ws_moveit/install/moveit_configs_utils:/home/rc1/ws_moveit/install/launch_param_builder:/opt/ros/humble /usr/bin/cmake --build /home/rc1/fruit_ws/build/robot_control_interfaces -- -j8 -l8
[5.863s] Invoking command in '/home/rc1/fruit_ws/build/robot_control_interfaces': CMAKE_PREFIX_PATH=${CMAKE_PREFIX_PATH}:/home/rc1/ws_moveit/install/moveit_configs_utils:/home/rc1/ws_moveit/install/launch_param_builder:/opt/ros/humble /usr/bin/cmake --install /home/rc1/fruit_ws/build/robot_control_interfaces
[5.872s] -- Install configuration: ""
[5.873s] -- Execute custom install script
[5.873s] -- Symlinking: /home/rc1/fruit_ws/install/robot_control_interfaces/share/ament_index/resource_index/rosidl_interfaces/robot_control_interfaces
[5.884s] -- Symlinking: /home/rc1/fruit_ws/install/robot_control_interfaces/include/robot_control_interfaces/robot_control_interfaces/action/detail/move_robot__functions.h
[5.894s] -- Symlinking: /home/rc1/fruit_ws/install/robot_control_interfaces/include/robot_control_interfaces/robot_control_interfaces/action/detail/move_robot__struct.h
[5.905s] -- Symlinking: /home/rc1/fruit_ws/install/robot_control_interfaces/include/robot_control_interfaces/robot_control_interfaces/action/detail/move_robot__type_support.h
[5.915s] -- Symlinking: /home/rc1/fruit_ws/install/robot_control_interfaces/include/robot_control_interfaces/robot_control_interfaces/action/move_robot.h
[5.926s] -- Symlinking: /home/rc1/fruit_ws/install/robot_control_interfaces/include/robot_control_interfaces/robot_control_interfaces/msg/detail/serial_data__functions.h
[5.936s] -- Symlinking: /home/rc1/fruit_ws/install/robot_control_interfaces/include/robot_control_interfaces/robot_control_interfaces/msg/detail/serial_data__struct.h
[5.946s] -- Symlinking: /home/rc1/fruit_ws/install/robot_control_interfaces/include/robot_control_interfaces/robot_control_interfaces/msg/detail/serial_data__type_support.h
[5.957s] -- Symlinking: /home/rc1/fruit_ws/install/robot_control_interfaces/include/robot_control_interfaces/robot_control_interfaces/msg/rosidl_generator_c__visibility_control.h
[5.968s] -- Symlinking: /home/rc1/fruit_ws/install/robot_control_interfaces/include/robot_control_interfaces/robot_control_interfaces/msg/serial_data.h
[5.980s] -- Symlinking: /home/rc1/fruit_ws/install/robot_control_interfaces/share/robot_control_interfaces/environment/library_path.sh
[5.991s] -- Symlinking: /home/rc1/fruit_ws/install/robot_control_interfaces/share/robot_control_interfaces/environment/library_path.dsv
[6.001s] -- Symlinking: /home/rc1/fruit_ws/install/robot_control_interfaces/include/robot_control_interfaces/robot_control_interfaces/action/detail/move_robot__rosidl_typesupport_fastrtps_c.h
[6.011s] -- Symlinking: /home/rc1/fruit_ws/install/robot_control_interfaces/include/robot_control_interfaces/robot_control_interfaces/msg/detail/serial_data__rosidl_typesupport_fastrtps_c.h
[6.022s] -- Symlinking: /home/rc1/fruit_ws/install/robot_control_interfaces/include/robot_control_interfaces/robot_control_interfaces/msg/rosidl_typesupport_fastrtps_c__visibility_control.h
[6.033s] -- Symlinking: /home/rc1/fruit_ws/install/robot_control_interfaces/include/robot_control_interfaces/robot_control_interfaces/action/detail/move_robot__rosidl_typesupport_introspection_c.h
[6.043s] -- Symlinking: /home/rc1/fruit_ws/install/robot_control_interfaces/include/robot_control_interfaces/robot_control_interfaces/msg/detail/serial_data__rosidl_typesupport_introspection_c.h
[6.053s] -- Symlinking: /home/rc1/fruit_ws/install/robot_control_interfaces/include/robot_control_interfaces/robot_control_interfaces/msg/rosidl_typesupport_introspection_c__visibility_control.h
[6.065s] -- Symlinking: /home/rc1/fruit_ws/install/robot_control_interfaces/include/robot_control_interfaces/robot_control_interfaces/action/detail/move_robot__builder.hpp
[6.075s] -- Symlinking: /home/rc1/fruit_ws/install/robot_control_interfaces/include/robot_control_interfaces/robot_control_interfaces/action/detail/move_robot__struct.hpp
[6.086s] -- Symlinking: /home/rc1/fruit_ws/install/robot_control_interfaces/include/robot_control_interfaces/robot_control_interfaces/action/detail/move_robot__traits.hpp
[6.097s] -- Symlinking: /home/rc1/fruit_ws/install/robot_control_interfaces/include/robot_control_interfaces/robot_control_interfaces/action/detail/move_robot__type_support.hpp
[6.108s] -- Symlinking: /home/rc1/fruit_ws/install/robot_control_interfaces/include/robot_control_interfaces/robot_control_interfaces/action/move_robot.hpp
[6.123s] -- Symlinking: /home/rc1/fruit_ws/install/robot_control_interfaces/include/robot_control_interfaces/robot_control_interfaces/msg/detail/serial_data__builder.hpp
[6.140s] -- Symlinking: /home/rc1/fruit_ws/install/robot_control_interfaces/include/robot_control_interfaces/robot_control_interfaces/msg/detail/serial_data__struct.hpp
[6.150s] -- Symlinking: /home/rc1/fruit_ws/install/robot_control_interfaces/include/robot_control_interfaces/robot_control_interfaces/msg/detail/serial_data__traits.hpp
[6.161s] -- Symlinking: /home/rc1/fruit_ws/install/robot_control_interfaces/include/robot_control_interfaces/robot_control_interfaces/msg/detail/serial_data__type_support.hpp
[6.171s] -- Symlinking: /home/rc1/fruit_ws/install/robot_control_interfaces/include/robot_control_interfaces/robot_control_interfaces/msg/rosidl_generator_cpp__visibility_control.hpp
[6.181s] -- Symlinking: /home/rc1/fruit_ws/install/robot_control_interfaces/include/robot_control_interfaces/robot_control_interfaces/msg/serial_data.hpp
[6.192s] -- Symlinking: /home/rc1/fruit_ws/install/robot_control_interfaces/include/robot_control_interfaces/robot_control_interfaces/action/detail/move_robot__rosidl_typesupport_fastrtps_cpp.hpp
[6.202s] -- Symlinking: /home/rc1/fruit_ws/install/robot_control_interfaces/include/robot_control_interfaces/robot_control_interfaces/msg/detail/serial_data__rosidl_typesupport_fastrtps_cpp.hpp
[6.212s] -- Symlinking: /home/rc1/fruit_ws/install/robot_control_interfaces/include/robot_control_interfaces/robot_control_interfaces/msg/rosidl_typesupport_fastrtps_cpp__visibility_control.h
[6.223s] -- Symlinking: /home/rc1/fruit_ws/install/robot_control_interfaces/include/robot_control_interfaces/robot_control_interfaces/action/detail/move_robot__rosidl_typesupport_introspection_cpp.hpp
[6.233s] -- Symlinking: /home/rc1/fruit_ws/install/robot_control_interfaces/include/robot_control_interfaces/robot_control_interfaces/msg/detail/serial_data__rosidl_typesupport_introspection_cpp.hpp
[6.243s] -- Symlinking: /home/rc1/fruit_ws/install/robot_control_interfaces/share/robot_control_interfaces/environment/pythonpath.sh
[6.253s] -- Symlinking: /home/rc1/fruit_ws/install/robot_control_interfaces/share/robot_control_interfaces/environment/pythonpath.dsv
[6.265s] -- Symlinking: /home/rc1/fruit_ws/install/robot_control_interfaces/local/lib/python3.10/dist-packages/robot_control_interfaces-0.0.0-py3.10.egg-info/PKG-INFO
[6.275s] -- Symlinking: /home/rc1/fruit_ws/install/robot_control_interfaces/local/lib/python3.10/dist-packages/robot_control_interfaces-0.0.0-py3.10.egg-info/SOURCES.txt
[6.285s] -- Symlinking: /home/rc1/fruit_ws/install/robot_control_interfaces/local/lib/python3.10/dist-packages/robot_control_interfaces-0.0.0-py3.10.egg-info/dependency_links.txt
[6.296s] -- Symlinking: /home/rc1/fruit_ws/install/robot_control_interfaces/local/lib/python3.10/dist-packages/robot_control_interfaces-0.0.0-py3.10.egg-info/top_level.txt
[6.307s] -- Symlinking: /home/rc1/fruit_ws/install/robot_control_interfaces/local/lib/python3.10/dist-packages/robot_control_interfaces/__init__.py
[6.317s] -- Symlinking: /home/rc1/fruit_ws/install/robot_control_interfaces/local/lib/python3.10/dist-packages/robot_control_interfaces/_robot_control_interfaces_s.ep.rosidl_typesupport_c.c
[6.328s] -- Symlinking: /home/rc1/fruit_ws/install/robot_control_interfaces/local/lib/python3.10/dist-packages/robot_control_interfaces/_robot_control_interfaces_s.ep.rosidl_typesupport_fastrtps_c.c
[6.337s] -- Symlinking: /home/rc1/fruit_ws/install/robot_control_interfaces/local/lib/python3.10/dist-packages/robot_control_interfaces/_robot_control_interfaces_s.ep.rosidl_typesupport_introspection_c.c
[6.348s] -- Symlinking: /home/rc1/fruit_ws/install/robot_control_interfaces/local/lib/python3.10/dist-packages/robot_control_interfaces/action/__init__.py
[6.358s] -- Symlinking: /home/rc1/fruit_ws/install/robot_control_interfaces/local/lib/python3.10/dist-packages/robot_control_interfaces/action/_move_robot.py
[6.369s] -- Symlinking: /home/rc1/fruit_ws/install/robot_control_interfaces/local/lib/python3.10/dist-packages/robot_control_interfaces/action/_move_robot_s.c
[6.379s] -- Symlinking: /home/rc1/fruit_ws/install/robot_control_interfaces/local/lib/python3.10/dist-packages/robot_control_interfaces/librobot_control_interfaces__rosidl_generator_py.so
[6.390s] -- Symlinking: /home/rc1/fruit_ws/install/robot_control_interfaces/local/lib/python3.10/dist-packages/robot_control_interfaces/msg/__init__.py
[6.400s] -- Symlinking: /home/rc1/fruit_ws/install/robot_control_interfaces/local/lib/python3.10/dist-packages/robot_control_interfaces/msg/_serial_data.py
[6.410s] -- Symlinking: /home/rc1/fruit_ws/install/robot_control_interfaces/local/lib/python3.10/dist-packages/robot_control_interfaces/msg/_serial_data_s.c
[6.420s] -- Symlinking: /home/rc1/fruit_ws/install/robot_control_interfaces/local/lib/python3.10/dist-packages/robot_control_interfaces/robot_control_interfaces_s__rosidl_typesupport_c.cpython-310-x86_64-linux-gnu.so
[6.431s] -- Symlinking: /home/rc1/fruit_ws/install/robot_control_interfaces/local/lib/python3.10/dist-packages/robot_control_interfaces/robot_control_interfaces_s__rosidl_typesupport_fastrtps_c.cpython-310-x86_64-linux-gnu.so
[6.441s] -- Symlinking: /home/rc1/fruit_ws/install/robot_control_interfaces/local/lib/python3.10/dist-packages/robot_control_interfaces/robot_control_interfaces_s__rosidl_typesupport_introspection_c.cpython-310-x86_64-linux-gnu.so
[6.452s] -- Up-to-date symlink: /home/rc1/fruit_ws/install/robot_control_interfaces/local/lib/python3.10/dist-packages/robot_control_interfaces/robot_control_interfaces_s__rosidl_typesupport_fastrtps_c.cpython-310-x86_64-linux-gnu.so
[6.452s] -- Up-to-date symlink: /home/rc1/fruit_ws/install/robot_control_interfaces/local/lib/python3.10/dist-packages/robot_control_interfaces/robot_control_interfaces_s__rosidl_typesupport_introspection_c.cpython-310-x86_64-linux-gnu.so
[6.452s] -- Up-to-date symlink: /home/rc1/fruit_ws/install/robot_control_interfaces/local/lib/python3.10/dist-packages/robot_control_interfaces/robot_control_interfaces_s__rosidl_typesupport_c.cpython-310-x86_64-linux-gnu.so
[6.452s] -- Symlinking: /home/rc1/fruit_ws/install/robot_control_interfaces/share/robot_control_interfaces/action/MoveRobot.idl
[6.463s] -- Symlinking: /home/rc1/fruit_ws/install/robot_control_interfaces/share/robot_control_interfaces/msg/SerialData.idl
[6.473s] -- Symlinking: /home/rc1/fruit_ws/install/robot_control_interfaces/share/robot_control_interfaces/action/MoveRobot.action
[6.483s] -- Symlinking: /home/rc1/fruit_ws/install/robot_control_interfaces/share/robot_control_interfaces/topic/SerialData.msg
[6.494s] -- Symlinking: /home/rc1/fruit_ws/install/robot_control_interfaces/share/ament_index/resource_index/package_run_dependencies/robot_control_interfaces
[6.504s] -- Symlinking: /home/rc1/fruit_ws/install/robot_control_interfaces/share/ament_index/resource_index/parent_prefix_path/robot_control_interfaces
[6.514s] -- Symlinking: /home/rc1/fruit_ws/install/robot_control_interfaces/share/robot_control_interfaces/environment/ament_prefix_path.sh
[6.525s] -- Symlinking: /home/rc1/fruit_ws/install/robot_control_interfaces/share/robot_control_interfaces/environment/ament_prefix_path.dsv
[6.535s] -- Symlinking: /home/rc1/fruit_ws/install/robot_control_interfaces/share/robot_control_interfaces/environment/path.sh
[6.545s] -- Symlinking: /home/rc1/fruit_ws/install/robot_control_interfaces/share/robot_control_interfaces/environment/path.dsv
[6.556s] -- Symlinking: /home/rc1/fruit_ws/install/robot_control_interfaces/share/robot_control_interfaces/local_setup.bash
[6.567s] -- Symlinking: /home/rc1/fruit_ws/install/robot_control_interfaces/share/robot_control_interfaces/local_setup.sh
[6.577s] -- Symlinking: /home/rc1/fruit_ws/install/robot_control_interfaces/share/robot_control_interfaces/local_setup.zsh
[6.587s] -- Symlinking: /home/rc1/fruit_ws/install/robot_control_interfaces/share/robot_control_interfaces/local_setup.dsv
[6.598s] -- Symlinking: /home/rc1/fruit_ws/install/robot_control_interfaces/share/robot_control_interfaces/package.dsv
[6.608s] -- Symlinking: /home/rc1/fruit_ws/install/robot_control_interfaces/share/ament_index/resource_index/packages/robot_control_interfaces
[6.618s] -- Symlinking: /home/rc1/fruit_ws/install/robot_control_interfaces/share/robot_control_interfaces/cmake/rosidl_cmake-extras.cmake
[6.628s] -- Symlinking: /home/rc1/fruit_ws/install/robot_control_interfaces/share/robot_control_interfaces/cmake/ament_cmake_export_dependencies-extras.cmake
[6.639s] -- Symlinking: /home/rc1/fruit_ws/install/robot_control_interfaces/share/robot_control_interfaces/cmake/ament_cmake_export_include_directories-extras.cmake
[6.649s] -- Symlinking: /home/rc1/fruit_ws/install/robot_control_interfaces/share/robot_control_interfaces/cmake/ament_cmake_export_libraries-extras.cmake
[6.660s] -- Symlinking: /home/rc1/fruit_ws/install/robot_control_interfaces/share/robot_control_interfaces/cmake/ament_cmake_export_targets-extras.cmake
[6.670s] -- Symlinking: /home/rc1/fruit_ws/install/robot_control_interfaces/share/robot_control_interfaces/cmake/rosidl_cmake_export_typesupport_targets-extras.cmake
[6.681s] -- Symlinking: /home/rc1/fruit_ws/install/robot_control_interfaces/share/robot_control_interfaces/cmake/rosidl_cmake_export_typesupport_libraries-extras.cmake
[6.691s] -- Symlinking: /home/rc1/fruit_ws/install/robot_control_interfaces/share/robot_control_interfaces/cmake/robot_control_interfacesConfig.cmake
[6.701s] -- Symlinking: /home/rc1/fruit_ws/install/robot_control_interfaces/share/robot_control_interfaces/cmake/robot_control_interfacesConfig-version.cmake
[6.711s] -- Symlinking: /home/rc1/fruit_ws/install/robot_control_interfaces/share/robot_control_interfaces/package.xml
[6.722s] -- Installing: /home/rc1/fruit_ws/install/robot_control_interfaces/lib/librobot_control_interfaces__rosidl_generator_c.so
[6.722s] -- Set runtime path of "/home/rc1/fruit_ws/install/robot_control_interfaces/lib/librobot_control_interfaces__rosidl_generator_c.so" to ""
[6.722s] -- Installing: /home/rc1/fruit_ws/install/robot_control_interfaces/lib/librobot_control_interfaces__rosidl_typesupport_fastrtps_c.so
[6.723s] -- Set runtime path of "/home/rc1/fruit_ws/install/robot_control_interfaces/lib/librobot_control_interfaces__rosidl_typesupport_fastrtps_c.so" to ""
[6.723s] -- Installing: /home/rc1/fruit_ws/install/robot_control_interfaces/lib/librobot_control_interfaces__rosidl_typesupport_introspection_c.so
[6.723s] -- Set runtime path of "/home/rc1/fruit_ws/install/robot_control_interfaces/lib/librobot_control_interfaces__rosidl_typesupport_introspection_c.so" to ""
[6.723s] -- Installing: /home/rc1/fruit_ws/install/robot_control_interfaces/lib/librobot_control_interfaces__rosidl_typesupport_c.so
[6.723s] -- Set runtime path of "/home/rc1/fruit_ws/install/robot_control_interfaces/lib/librobot_control_interfaces__rosidl_typesupport_c.so" to ""
[6.723s] -- Installing: /home/rc1/fruit_ws/install/robot_control_interfaces/lib/librobot_control_interfaces__rosidl_typesupport_fastrtps_cpp.so
[6.724s] -- Set runtime path of "/home/rc1/fruit_ws/install/robot_control_interfaces/lib/librobot_control_interfaces__rosidl_typesupport_fastrtps_cpp.so" to ""
[6.724s] -- Installing: /home/rc1/fruit_ws/install/robot_control_interfaces/lib/librobot_control_interfaces__rosidl_typesupport_introspection_cpp.so
[6.724s] -- Set runtime path of "/home/rc1/fruit_ws/install/robot_control_interfaces/lib/librobot_control_interfaces__rosidl_typesupport_introspection_cpp.so" to ""
[6.724s] -- Installing: /home/rc1/fruit_ws/install/robot_control_interfaces/lib/librobot_control_interfaces__rosidl_typesupport_cpp.so
[6.724s] -- Set runtime path of "/home/rc1/fruit_ws/install/robot_control_interfaces/lib/librobot_control_interfaces__rosidl_typesupport_cpp.so" to ""
[6.761s] Listing '/home/rc1/fruit_ws/install/robot_control_interfaces/local/lib/python3.10/dist-packages/robot_control_interfaces'...
[6.761s] Compiling '/home/rc1/fruit_ws/install/robot_control_interfaces/local/lib/python3.10/dist-packages/robot_control_interfaces/__init__.py'...
[6.761s] Listing '/home/rc1/fruit_ws/install/robot_control_interfaces/local/lib/python3.10/dist-packages/robot_control_interfaces/action'...
[6.761s] Compiling '/home/rc1/fruit_ws/install/robot_control_interfaces/local/lib/python3.10/dist-packages/robot_control_interfaces/action/__init__.py'...
[6.761s] Compiling '/home/rc1/fruit_ws/install/robot_control_interfaces/local/lib/python3.10/dist-packages/robot_control_interfaces/action/_move_robot.py'...
[6.762s] Listing '/home/rc1/fruit_ws/install/robot_control_interfaces/local/lib/python3.10/dist-packages/robot_control_interfaces/msg'...
[6.762s] Compiling '/home/rc1/fruit_ws/install/robot_control_interfaces/local/lib/python3.10/dist-packages/robot_control_interfaces/msg/__init__.py'...
[6.762s] Compiling '/home/rc1/fruit_ws/install/robot_control_interfaces/local/lib/python3.10/dist-packages/robot_control_interfaces/msg/_serial_data.py'...
[6.766s] -- Installing: /home/rc1/fruit_ws/install/robot_control_interfaces/lib/librobot_control_interfaces__rosidl_generator_py.so
[6.766s] -- Set runtime path of "/home/rc1/fruit_ws/install/robot_control_interfaces/lib/librobot_control_interfaces__rosidl_generator_py.so" to ""
[6.766s] -- Installing: /home/rc1/fruit_ws/install/robot_control_interfaces/share/robot_control_interfaces/cmake/export_robot_control_interfaces__rosidl_generator_cExport.cmake
[6.766s] -- Installing: /home/rc1/fruit_ws/install/robot_control_interfaces/share/robot_control_interfaces/cmake/export_robot_control_interfaces__rosidl_generator_cExport-noconfig.cmake
[6.766s] -- Installing: /home/rc1/fruit_ws/install/robot_control_interfaces/share/robot_control_interfaces/cmake/export_robot_control_interfaces__rosidl_typesupport_fastrtps_cExport.cmake
[6.766s] -- Installing: /home/rc1/fruit_ws/install/robot_control_interfaces/share/robot_control_interfaces/cmake/export_robot_control_interfaces__rosidl_typesupport_fastrtps_cExport-noconfig.cmake
[6.766s] -- Installing: /home/rc1/fruit_ws/install/robot_control_interfaces/share/robot_control_interfaces/cmake/robot_control_interfaces__rosidl_typesupport_introspection_cExport.cmake
[6.766s] -- Installing: /home/rc1/fruit_ws/install/robot_control_interfaces/share/robot_control_interfaces/cmake/robot_control_interfaces__rosidl_typesupport_introspection_cExport-noconfig.cmake
[6.766s] -- Installing: /home/rc1/fruit_ws/install/robot_control_interfaces/share/robot_control_interfaces/cmake/robot_control_interfaces__rosidl_typesupport_cExport.cmake
[6.767s] -- Installing: /home/rc1/fruit_ws/install/robot_control_interfaces/share/robot_control_interfaces/cmake/robot_control_interfaces__rosidl_typesupport_cExport-noconfig.cmake
[6.767s] -- Installing: /home/rc1/fruit_ws/install/robot_control_interfaces/share/robot_control_interfaces/cmake/export_robot_control_interfaces__rosidl_generator_cppExport.cmake
[6.767s] -- Installing: /home/rc1/fruit_ws/install/robot_control_interfaces/share/robot_control_interfaces/cmake/export_robot_control_interfaces__rosidl_typesupport_fastrtps_cppExport.cmake
[6.767s] -- Installing: /home/rc1/fruit_ws/install/robot_control_interfaces/share/robot_control_interfaces/cmake/export_robot_control_interfaces__rosidl_typesupport_fastrtps_cppExport-noconfig.cmake
[6.767s] -- Installing: /home/rc1/fruit_ws/install/robot_control_interfaces/share/robot_control_interfaces/cmake/robot_control_interfaces__rosidl_typesupport_introspection_cppExport.cmake
[6.767s] -- Installing: /home/rc1/fruit_ws/install/robot_control_interfaces/share/robot_control_interfaces/cmake/robot_control_interfaces__rosidl_typesupport_introspection_cppExport-noconfig.cmake
[6.767s] -- Installing: /home/rc1/fruit_ws/install/robot_control_interfaces/share/robot_control_interfaces/cmake/robot_control_interfaces__rosidl_typesupport_cppExport.cmake
[6.767s] -- Installing: /home/rc1/fruit_ws/install/robot_control_interfaces/share/robot_control_interfaces/cmake/robot_control_interfaces__rosidl_typesupport_cppExport-noconfig.cmake
[6.767s] -- Installing: /home/rc1/fruit_ws/install/robot_control_interfaces/share/robot_control_interfaces/cmake/export_robot_control_interfaces__rosidl_generator_pyExport.cmake
[6.767s] -- Installing: /home/rc1/fruit_ws/install/robot_control_interfaces/share/robot_control_interfaces/cmake/export_robot_control_interfaces__rosidl_generator_pyExport-noconfig.cmake
[6.771s] Invoked command in '/home/rc1/fruit_ws/build/robot_control_interfaces' returned '0': CMAKE_PREFIX_PATH=${CMAKE_PREFIX_PATH}:/home/rc1/ws_moveit/install/moveit_configs_utils:/home/rc1/ws_moveit/install/launch_param_builder:/opt/ros/humble /usr/bin/cmake --install /home/rc1/fruit_ws/build/robot_control_interfaces
