[0.109s] DEBUG:colcon:Command line arguments: ['/usr/bin/colcon', 'build', '--symlink-install']
[0.109s] DEBUG:colcon:Parsed command line arguments: Namespace(log_base=None, log_level=None, verb_name='build', build_base='build', install_base='install', merge_install=False, symlink_install=True, test_result_base=None, continue_on_error=False, executor='parallel', parallel_workers=8, event_handlers=None, ignore_user_meta=False, metas=['./colcon.meta'], base_paths=['.'], packages_ignore=None, packages_ignore_regex=None, paths=None, packages_up_to=None, packages_up_to_regex=None, packages_above=None, packages_above_and_dependencies=None, packages_above_depth=None, packages_select_by_dep=None, packages_skip_by_dep=None, packages_skip_up_to=None, packages_select_build_failed=False, packages_skip_build_finished=False, packages_select_test_failures=False, packages_skip_test_passed=False, packages_select=None, packages_skip=None, packages_select_regex=None, packages_skip_regex=None, packages_start=None, packages_end=None, allow_overriding=[], cmake_args=None, cmake_target=None, cmake_target_skip_unavailable=False, cmake_clean_cache=False, cmake_clean_first=False, cmake_force_configure=False, ament_cmake_args=None, catkin_cmake_args=None, catkin_skip_building_tests=False, mixin_files=None, mixin=None, verb_parser=<colcon_mixin.mixin.mixin_argument.MixinArgumentDecorator object at 0x7ae12eb3c730>, verb_extension=<colcon_core.verb.build.BuildVerb object at 0x7ae12ec4d660>, main=<bound method BuildVerb.main of <colcon_core.verb.build.BuildVerb object at 0x7ae12ec4d660>>, mixin_verb=('build',))
[0.240s] Level 1:colcon.colcon_core.package_discovery:discover_packages(colcon_meta) check parameters
[0.240s] Level 1:colcon.colcon_core.package_discovery:discover_packages(recursive) check parameters
[0.240s] Level 1:colcon.colcon_core.package_discovery:discover_packages(ignore) check parameters
[0.240s] Level 1:colcon.colcon_core.package_discovery:discover_packages(path) check parameters
[0.241s] Level 1:colcon.colcon_core.package_discovery:discover_packages(colcon_meta) discover
[0.241s] Level 1:colcon.colcon_core.package_discovery:discover_packages(recursive) discover
[0.241s] INFO:colcon.colcon_core.package_discovery:Crawling recursively for packages in '/home/rc1/fruit_ws'
[0.241s] Level 1:colcon.colcon_core.package_identification:_identify(.) by extensions ['ignore', 'ignore_ament_install']
[0.241s] Level 1:colcon.colcon_core.package_identification:_identify(.) by extension 'ignore'
[0.241s] Level 1:colcon.colcon_core.package_identification:_identify(.) by extension 'ignore_ament_install'
[0.241s] Level 1:colcon.colcon_core.package_identification:_identify(.) by extensions ['colcon_pkg']
[0.241s] Level 1:colcon.colcon_core.package_identification:_identify(.) by extension 'colcon_pkg'
[0.241s] Level 1:colcon.colcon_core.package_identification:_identify(.) by extensions ['colcon_meta']
[0.241s] Level 1:colcon.colcon_core.package_identification:_identify(.) by extension 'colcon_meta'
[0.241s] Level 1:colcon.colcon_core.package_identification:_identify(.) by extensions ['ros']
[0.241s] Level 1:colcon.colcon_core.package_identification:_identify(.) by extension 'ros'
[0.250s] Level 1:colcon.colcon_core.package_identification:_identify(.) by extensions ['cmake', 'python']
[0.250s] Level 1:colcon.colcon_core.package_identification:_identify(.) by extension 'cmake'
[0.250s] Level 1:colcon.colcon_core.package_identification:_identify(.) by extension 'python'
[0.250s] Level 1:colcon.colcon_core.package_identification:_identify(.) by extensions ['python_setup_py']
[0.251s] Level 1:colcon.colcon_core.package_identification:_identify(.) by extension 'python_setup_py'
[0.251s] Level 1:colcon.colcon_core.package_identification:_identify(build) by extensions ['ignore', 'ignore_ament_install']
[0.251s] Level 1:colcon.colcon_core.package_identification:_identify(build) by extension 'ignore'
[0.251s] Level 1:colcon.colcon_core.package_identification:_identify(build) ignored
[0.251s] Level 1:colcon.colcon_core.package_identification:_identify(install) by extensions ['ignore', 'ignore_ament_install']
[0.251s] Level 1:colcon.colcon_core.package_identification:_identify(install) by extension 'ignore'
[0.251s] Level 1:colcon.colcon_core.package_identification:_identify(install) ignored
[0.251s] Level 1:colcon.colcon_core.package_identification:_identify(log) by extensions ['ignore', 'ignore_ament_install']
[0.251s] Level 1:colcon.colcon_core.package_identification:_identify(log) by extension 'ignore'
[0.251s] Level 1:colcon.colcon_core.package_identification:_identify(log) ignored
[0.251s] Level 1:colcon.colcon_core.package_identification:_identify(src) by extensions ['ignore', 'ignore_ament_install']
[0.251s] Level 1:colcon.colcon_core.package_identification:_identify(src) by extension 'ignore'
[0.251s] Level 1:colcon.colcon_core.package_identification:_identify(src) by extension 'ignore_ament_install'
[0.252s] Level 1:colcon.colcon_core.package_identification:_identify(src) by extensions ['colcon_pkg']
[0.252s] Level 1:colcon.colcon_core.package_identification:_identify(src) by extension 'colcon_pkg'
[0.252s] Level 1:colcon.colcon_core.package_identification:_identify(src) by extensions ['colcon_meta']
[0.252s] Level 1:colcon.colcon_core.package_identification:_identify(src) by extension 'colcon_meta'
[0.252s] Level 1:colcon.colcon_core.package_identification:_identify(src) by extensions ['ros']
[0.252s] Level 1:colcon.colcon_core.package_identification:_identify(src) by extension 'ros'
[0.252s] Level 1:colcon.colcon_core.package_identification:_identify(src) by extensions ['cmake', 'python']
[0.252s] Level 1:colcon.colcon_core.package_identification:_identify(src) by extension 'cmake'
[0.252s] Level 1:colcon.colcon_core.package_identification:_identify(src) by extension 'python'
[0.252s] Level 1:colcon.colcon_core.package_identification:_identify(src) by extensions ['python_setup_py']
[0.252s] Level 1:colcon.colcon_core.package_identification:_identify(src) by extension 'python_setup_py'
[0.252s] Level 1:colcon.colcon_core.package_identification:_identify(src/arm_control) by extensions ['ignore', 'ignore_ament_install']
[0.252s] Level 1:colcon.colcon_core.package_identification:_identify(src/arm_control) by extension 'ignore'
[0.252s] Level 1:colcon.colcon_core.package_identification:_identify(src/arm_control) by extension 'ignore_ament_install'
[0.252s] Level 1:colcon.colcon_core.package_identification:_identify(src/arm_control) by extensions ['colcon_pkg']
[0.252s] Level 1:colcon.colcon_core.package_identification:_identify(src/arm_control) by extension 'colcon_pkg'
[0.252s] Level 1:colcon.colcon_core.package_identification:_identify(src/arm_control) by extensions ['colcon_meta']
[0.252s] Level 1:colcon.colcon_core.package_identification:_identify(src/arm_control) by extension 'colcon_meta'
[0.252s] Level 1:colcon.colcon_core.package_identification:_identify(src/arm_control) by extensions ['ros']
[0.252s] Level 1:colcon.colcon_core.package_identification:_identify(src/arm_control) by extension 'ros'
[0.254s] DEBUG:colcon.colcon_core.package_identification:Package 'src/arm_control' with type 'ros.ament_python' and name 'arm_control'
[0.254s] Level 1:colcon.colcon_core.package_identification:_identify(src/arm_description) by extensions ['ignore', 'ignore_ament_install']
[0.255s] Level 1:colcon.colcon_core.package_identification:_identify(src/arm_description) by extension 'ignore'
[0.255s] Level 1:colcon.colcon_core.package_identification:_identify(src/arm_description) by extension 'ignore_ament_install'
[0.255s] Level 1:colcon.colcon_core.package_identification:_identify(src/arm_description) by extensions ['colcon_pkg']
[0.255s] Level 1:colcon.colcon_core.package_identification:_identify(src/arm_description) by extension 'colcon_pkg'
[0.255s] Level 1:colcon.colcon_core.package_identification:_identify(src/arm_description) by extensions ['colcon_meta']
[0.255s] Level 1:colcon.colcon_core.package_identification:_identify(src/arm_description) by extension 'colcon_meta'
[0.255s] Level 1:colcon.colcon_core.package_identification:_identify(src/arm_description) by extensions ['ros']
[0.255s] Level 1:colcon.colcon_core.package_identification:_identify(src/arm_description) by extension 'ros'
[0.256s] DEBUG:colcon.colcon_core.package_identification:Package 'src/arm_description' with type 'ros.ament_python' and name 'arm_description'
[0.256s] Level 1:colcon.colcon_core.package_identification:_identify(src/example_action_rclpy) by extensions ['ignore', 'ignore_ament_install']
[0.256s] Level 1:colcon.colcon_core.package_identification:_identify(src/example_action_rclpy) by extension 'ignore'
[0.256s] Level 1:colcon.colcon_core.package_identification:_identify(src/example_action_rclpy) by extension 'ignore_ament_install'
[0.256s] Level 1:colcon.colcon_core.package_identification:_identify(src/example_action_rclpy) by extensions ['colcon_pkg']
[0.256s] Level 1:colcon.colcon_core.package_identification:_identify(src/example_action_rclpy) by extension 'colcon_pkg'
[0.256s] Level 1:colcon.colcon_core.package_identification:_identify(src/example_action_rclpy) by extensions ['colcon_meta']
[0.256s] Level 1:colcon.colcon_core.package_identification:_identify(src/example_action_rclpy) by extension 'colcon_meta'
[0.256s] Level 1:colcon.colcon_core.package_identification:_identify(src/example_action_rclpy) by extensions ['ros']
[0.256s] Level 1:colcon.colcon_core.package_identification:_identify(src/example_action_rclpy) by extension 'ros'
[0.257s] DEBUG:colcon.colcon_core.package_identification:Package 'src/example_action_rclpy' with type 'ros.ament_python' and name 'example_action_rclpy'
[0.257s] Level 1:colcon.colcon_core.package_identification:_identify(src/fruit_robot_launch) by extensions ['ignore', 'ignore_ament_install']
[0.257s] Level 1:colcon.colcon_core.package_identification:_identify(src/fruit_robot_launch) by extension 'ignore'
[0.257s] Level 1:colcon.colcon_core.package_identification:_identify(src/fruit_robot_launch) by extension 'ignore_ament_install'
[0.257s] Level 1:colcon.colcon_core.package_identification:_identify(src/fruit_robot_launch) by extensions ['colcon_pkg']
[0.257s] Level 1:colcon.colcon_core.package_identification:_identify(src/fruit_robot_launch) by extension 'colcon_pkg'
[0.257s] Level 1:colcon.colcon_core.package_identification:_identify(src/fruit_robot_launch) by extensions ['colcon_meta']
[0.257s] Level 1:colcon.colcon_core.package_identification:_identify(src/fruit_robot_launch) by extension 'colcon_meta'
[0.257s] Level 1:colcon.colcon_core.package_identification:_identify(src/fruit_robot_launch) by extensions ['ros']
[0.257s] Level 1:colcon.colcon_core.package_identification:_identify(src/fruit_robot_launch) by extension 'ros'
[0.258s] DEBUG:colcon.colcon_core.package_identification:Package 'src/fruit_robot_launch' with type 'ros.ament_python' and name 'fruit_robot_launch'
[0.258s] Level 1:colcon.colcon_core.package_identification:_identify(src/robot_control_interfaces) by extensions ['ignore', 'ignore_ament_install']
[0.258s] Level 1:colcon.colcon_core.package_identification:_identify(src/robot_control_interfaces) by extension 'ignore'
[0.258s] Level 1:colcon.colcon_core.package_identification:_identify(src/robot_control_interfaces) by extension 'ignore_ament_install'
[0.258s] Level 1:colcon.colcon_core.package_identification:_identify(src/robot_control_interfaces) by extensions ['colcon_pkg']
[0.258s] Level 1:colcon.colcon_core.package_identification:_identify(src/robot_control_interfaces) by extension 'colcon_pkg'
[0.258s] Level 1:colcon.colcon_core.package_identification:_identify(src/robot_control_interfaces) by extensions ['colcon_meta']
[0.258s] Level 1:colcon.colcon_core.package_identification:_identify(src/robot_control_interfaces) by extension 'colcon_meta'
[0.258s] Level 1:colcon.colcon_core.package_identification:_identify(src/robot_control_interfaces) by extensions ['ros']
[0.259s] Level 1:colcon.colcon_core.package_identification:_identify(src/robot_control_interfaces) by extension 'ros'
[0.259s] DEBUG:colcon.colcon_core.package_identification:Package 'src/robot_control_interfaces' with type 'ros.ament_cmake' and name 'robot_control_interfaces'
[0.259s] Level 1:colcon.colcon_core.package_identification:_identify(src/serial_pkg) by extensions ['ignore', 'ignore_ament_install']
[0.260s] Level 1:colcon.colcon_core.package_identification:_identify(src/serial_pkg) by extension 'ignore'
[0.260s] Level 1:colcon.colcon_core.package_identification:_identify(src/serial_pkg) by extension 'ignore_ament_install'
[0.260s] Level 1:colcon.colcon_core.package_identification:_identify(src/serial_pkg) by extensions ['colcon_pkg']
[0.260s] Level 1:colcon.colcon_core.package_identification:_identify(src/serial_pkg) by extension 'colcon_pkg'
[0.260s] Level 1:colcon.colcon_core.package_identification:_identify(src/serial_pkg) by extensions ['colcon_meta']
[0.260s] Level 1:colcon.colcon_core.package_identification:_identify(src/serial_pkg) by extension 'colcon_meta'
[0.260s] Level 1:colcon.colcon_core.package_identification:_identify(src/serial_pkg) by extensions ['ros']
[0.260s] Level 1:colcon.colcon_core.package_identification:_identify(src/serial_pkg) by extension 'ros'
[0.261s] DEBUG:colcon.colcon_core.package_identification:Package 'src/serial_pkg' with type 'ros.ament_python' and name 'serial_pkg'
[0.261s] Level 1:colcon.colcon_core.package_discovery:discover_packages(recursive) using defaults
[0.261s] Level 1:colcon.colcon_core.package_discovery:discover_packages(ignore) discover
[0.261s] Level 1:colcon.colcon_core.package_discovery:discover_packages(ignore) using defaults
[0.261s] Level 1:colcon.colcon_core.package_discovery:discover_packages(path) discover
[0.261s] Level 1:colcon.colcon_core.package_discovery:discover_packages(path) using defaults
[0.291s] Level 1:colcon.colcon_core.package_discovery:discover_packages(prefix_path) check parameters
[0.291s] Level 1:colcon.colcon_core.package_discovery:discover_packages(prefix_path) discover
[0.295s] DEBUG:colcon.colcon_installed_package_information.package_discovery:Found 55 installed packages in /home/rc1/ws_moveit/install
[0.295s] DEBUG:colcon.colcon_installed_package_information.package_discovery:Found 6 installed packages in /home/rc1/fruit_ws/install
[0.297s] DEBUG:colcon.colcon_installed_package_information.package_discovery:Found 366 installed packages in /opt/ros/humble
[0.298s] Level 1:colcon.colcon_core.package_discovery:discover_packages(prefix_path) using defaults
[0.335s] Level 5:colcon.colcon_core.verb:set package 'arm_control' build argument 'cmake_args' from command line to 'None'
[0.335s] Level 5:colcon.colcon_core.verb:set package 'arm_control' build argument 'cmake_target' from command line to 'None'
[0.336s] Level 5:colcon.colcon_core.verb:set package 'arm_control' build argument 'cmake_target_skip_unavailable' from command line to 'False'
[0.336s] Level 5:colcon.colcon_core.verb:set package 'arm_control' build argument 'cmake_clean_cache' from command line to 'False'
[0.336s] Level 5:colcon.colcon_core.verb:set package 'arm_control' build argument 'cmake_clean_first' from command line to 'False'
[0.336s] Level 5:colcon.colcon_core.verb:set package 'arm_control' build argument 'cmake_force_configure' from command line to 'False'
[0.336s] Level 5:colcon.colcon_core.verb:set package 'arm_control' build argument 'ament_cmake_args' from command line to 'None'
[0.336s] Level 5:colcon.colcon_core.verb:set package 'arm_control' build argument 'catkin_cmake_args' from command line to 'None'
[0.336s] Level 5:colcon.colcon_core.verb:set package 'arm_control' build argument 'catkin_skip_building_tests' from command line to 'False'
[0.336s] DEBUG:colcon.colcon_core.verb:Building package 'arm_control' with the following arguments: {'ament_cmake_args': None, 'build_base': '/home/rc1/fruit_ws/build/arm_control', 'catkin_cmake_args': None, 'catkin_skip_building_tests': False, 'cmake_args': None, 'cmake_clean_cache': False, 'cmake_clean_first': False, 'cmake_force_configure': False, 'cmake_target': None, 'cmake_target_skip_unavailable': False, 'install_base': '/home/rc1/fruit_ws/install/arm_control', 'merge_install': False, 'path': '/home/rc1/fruit_ws/src/arm_control', 'symlink_install': True, 'test_result_base': None}
[0.336s] Level 5:colcon.colcon_core.verb:set package 'arm_description' build argument 'cmake_args' from command line to 'None'
[0.336s] Level 5:colcon.colcon_core.verb:set package 'arm_description' build argument 'cmake_target' from command line to 'None'
[0.336s] Level 5:colcon.colcon_core.verb:set package 'arm_description' build argument 'cmake_target_skip_unavailable' from command line to 'False'
[0.336s] Level 5:colcon.colcon_core.verb:set package 'arm_description' build argument 'cmake_clean_cache' from command line to 'False'
[0.336s] Level 5:colcon.colcon_core.verb:set package 'arm_description' build argument 'cmake_clean_first' from command line to 'False'
[0.336s] Level 5:colcon.colcon_core.verb:set package 'arm_description' build argument 'cmake_force_configure' from command line to 'False'
[0.336s] Level 5:colcon.colcon_core.verb:set package 'arm_description' build argument 'ament_cmake_args' from command line to 'None'
[0.336s] Level 5:colcon.colcon_core.verb:set package 'arm_description' build argument 'catkin_cmake_args' from command line to 'None'
[0.336s] Level 5:colcon.colcon_core.verb:set package 'arm_description' build argument 'catkin_skip_building_tests' from command line to 'False'
[0.336s] DEBUG:colcon.colcon_core.verb:Building package 'arm_description' with the following arguments: {'ament_cmake_args': None, 'build_base': '/home/rc1/fruit_ws/build/arm_description', 'catkin_cmake_args': None, 'catkin_skip_building_tests': False, 'cmake_args': None, 'cmake_clean_cache': False, 'cmake_clean_first': False, 'cmake_force_configure': False, 'cmake_target': None, 'cmake_target_skip_unavailable': False, 'install_base': '/home/rc1/fruit_ws/install/arm_description', 'merge_install': False, 'path': '/home/rc1/fruit_ws/src/arm_description', 'symlink_install': True, 'test_result_base': None}
[0.337s] Level 5:colcon.colcon_core.verb:set package 'fruit_robot_launch' build argument 'cmake_args' from command line to 'None'
[0.337s] Level 5:colcon.colcon_core.verb:set package 'fruit_robot_launch' build argument 'cmake_target' from command line to 'None'
[0.337s] Level 5:colcon.colcon_core.verb:set package 'fruit_robot_launch' build argument 'cmake_target_skip_unavailable' from command line to 'False'
[0.337s] Level 5:colcon.colcon_core.verb:set package 'fruit_robot_launch' build argument 'cmake_clean_cache' from command line to 'False'
[0.337s] Level 5:colcon.colcon_core.verb:set package 'fruit_robot_launch' build argument 'cmake_clean_first' from command line to 'False'
[0.337s] Level 5:colcon.colcon_core.verb:set package 'fruit_robot_launch' build argument 'cmake_force_configure' from command line to 'False'
[0.337s] Level 5:colcon.colcon_core.verb:set package 'fruit_robot_launch' build argument 'ament_cmake_args' from command line to 'None'
[0.337s] Level 5:colcon.colcon_core.verb:set package 'fruit_robot_launch' build argument 'catkin_cmake_args' from command line to 'None'
[0.337s] Level 5:colcon.colcon_core.verb:set package 'fruit_robot_launch' build argument 'catkin_skip_building_tests' from command line to 'False'
[0.337s] DEBUG:colcon.colcon_core.verb:Building package 'fruit_robot_launch' with the following arguments: {'ament_cmake_args': None, 'build_base': '/home/rc1/fruit_ws/build/fruit_robot_launch', 'catkin_cmake_args': None, 'catkin_skip_building_tests': False, 'cmake_args': None, 'cmake_clean_cache': False, 'cmake_clean_first': False, 'cmake_force_configure': False, 'cmake_target': None, 'cmake_target_skip_unavailable': False, 'install_base': '/home/rc1/fruit_ws/install/fruit_robot_launch', 'merge_install': False, 'path': '/home/rc1/fruit_ws/src/fruit_robot_launch', 'symlink_install': True, 'test_result_base': None}
[0.337s] Level 5:colcon.colcon_core.verb:set package 'robot_control_interfaces' build argument 'cmake_args' from command line to 'None'
[0.337s] Level 5:colcon.colcon_core.verb:set package 'robot_control_interfaces' build argument 'cmake_target' from command line to 'None'
[0.337s] Level 5:colcon.colcon_core.verb:set package 'robot_control_interfaces' build argument 'cmake_target_skip_unavailable' from command line to 'False'
[0.337s] Level 5:colcon.colcon_core.verb:set package 'robot_control_interfaces' build argument 'cmake_clean_cache' from command line to 'False'
[0.337s] Level 5:colcon.colcon_core.verb:set package 'robot_control_interfaces' build argument 'cmake_clean_first' from command line to 'False'
[0.337s] Level 5:colcon.colcon_core.verb:set package 'robot_control_interfaces' build argument 'cmake_force_configure' from command line to 'False'
[0.337s] Level 5:colcon.colcon_core.verb:set package 'robot_control_interfaces' build argument 'ament_cmake_args' from command line to 'None'
[0.337s] Level 5:colcon.colcon_core.verb:set package 'robot_control_interfaces' build argument 'catkin_cmake_args' from command line to 'None'
[0.337s] Level 5:colcon.colcon_core.verb:set package 'robot_control_interfaces' build argument 'catkin_skip_building_tests' from command line to 'False'
[0.337s] DEBUG:colcon.colcon_core.verb:Building package 'robot_control_interfaces' with the following arguments: {'ament_cmake_args': None, 'build_base': '/home/rc1/fruit_ws/build/robot_control_interfaces', 'catkin_cmake_args': None, 'catkin_skip_building_tests': False, 'cmake_args': None, 'cmake_clean_cache': False, 'cmake_clean_first': False, 'cmake_force_configure': False, 'cmake_target': None, 'cmake_target_skip_unavailable': False, 'install_base': '/home/rc1/fruit_ws/install/robot_control_interfaces', 'merge_install': False, 'path': '/home/rc1/fruit_ws/src/robot_control_interfaces', 'symlink_install': True, 'test_result_base': None}
[0.338s] Level 5:colcon.colcon_core.verb:set package 'serial_pkg' build argument 'cmake_args' from command line to 'None'
[0.338s] Level 5:colcon.colcon_core.verb:set package 'serial_pkg' build argument 'cmake_target' from command line to 'None'
[0.338s] Level 5:colcon.colcon_core.verb:set package 'serial_pkg' build argument 'cmake_target_skip_unavailable' from command line to 'False'
[0.338s] Level 5:colcon.colcon_core.verb:set package 'serial_pkg' build argument 'cmake_clean_cache' from command line to 'False'
[0.338s] Level 5:colcon.colcon_core.verb:set package 'serial_pkg' build argument 'cmake_clean_first' from command line to 'False'
[0.338s] Level 5:colcon.colcon_core.verb:set package 'serial_pkg' build argument 'cmake_force_configure' from command line to 'False'
[0.338s] Level 5:colcon.colcon_core.verb:set package 'serial_pkg' build argument 'ament_cmake_args' from command line to 'None'
[0.338s] Level 5:colcon.colcon_core.verb:set package 'serial_pkg' build argument 'catkin_cmake_args' from command line to 'None'
[0.338s] Level 5:colcon.colcon_core.verb:set package 'serial_pkg' build argument 'catkin_skip_building_tests' from command line to 'False'
[0.338s] DEBUG:colcon.colcon_core.verb:Building package 'serial_pkg' with the following arguments: {'ament_cmake_args': None, 'build_base': '/home/rc1/fruit_ws/build/serial_pkg', 'catkin_cmake_args': None, 'catkin_skip_building_tests': False, 'cmake_args': None, 'cmake_clean_cache': False, 'cmake_clean_first': False, 'cmake_force_configure': False, 'cmake_target': None, 'cmake_target_skip_unavailable': False, 'install_base': '/home/rc1/fruit_ws/install/serial_pkg', 'merge_install': False, 'path': '/home/rc1/fruit_ws/src/serial_pkg', 'symlink_install': True, 'test_result_base': None}
[0.338s] Level 5:colcon.colcon_core.verb:set package 'example_action_rclpy' build argument 'cmake_args' from command line to 'None'
[0.338s] Level 5:colcon.colcon_core.verb:set package 'example_action_rclpy' build argument 'cmake_target' from command line to 'None'
[0.338s] Level 5:colcon.colcon_core.verb:set package 'example_action_rclpy' build argument 'cmake_target_skip_unavailable' from command line to 'False'
[0.338s] Level 5:colcon.colcon_core.verb:set package 'example_action_rclpy' build argument 'cmake_clean_cache' from command line to 'False'
[0.338s] Level 5:colcon.colcon_core.verb:set package 'example_action_rclpy' build argument 'cmake_clean_first' from command line to 'False'
[0.338s] Level 5:colcon.colcon_core.verb:set package 'example_action_rclpy' build argument 'cmake_force_configure' from command line to 'False'
[0.338s] Level 5:colcon.colcon_core.verb:set package 'example_action_rclpy' build argument 'ament_cmake_args' from command line to 'None'
[0.338s] Level 5:colcon.colcon_core.verb:set package 'example_action_rclpy' build argument 'catkin_cmake_args' from command line to 'None'
[0.338s] Level 5:colcon.colcon_core.verb:set package 'example_action_rclpy' build argument 'catkin_skip_building_tests' from command line to 'False'
[0.338s] DEBUG:colcon.colcon_core.verb:Building package 'example_action_rclpy' with the following arguments: {'ament_cmake_args': None, 'build_base': '/home/rc1/fruit_ws/build/example_action_rclpy', 'catkin_cmake_args': None, 'catkin_skip_building_tests': False, 'cmake_args': None, 'cmake_clean_cache': False, 'cmake_clean_first': False, 'cmake_force_configure': False, 'cmake_target': None, 'cmake_target_skip_unavailable': False, 'install_base': '/home/rc1/fruit_ws/install/example_action_rclpy', 'merge_install': False, 'path': '/home/rc1/fruit_ws/src/example_action_rclpy', 'symlink_install': True, 'test_result_base': None}
[0.339s] INFO:colcon.colcon_core.executor:Executing jobs using 'parallel' executor
[0.340s] DEBUG:colcon.colcon_parallel_executor.executor.parallel:run_until_complete
[0.341s] INFO:colcon.colcon_ros.task.ament_cmake.build:Building ROS package in '/home/rc1/fruit_ws/src/robot_control_interfaces' with build type 'ament_cmake'
[0.341s] INFO:colcon.colcon_cmake.task.cmake.build:Building CMake package in '/home/rc1/fruit_ws/src/robot_control_interfaces'
[0.343s] INFO:colcon.colcon_core.plugin_system:Skipping extension 'colcon_core.shell.bat': Not used on non-Windows systems
[0.343s] INFO:colcon.colcon_core.shell:Skip shell extension 'powershell' for command environment: Not usable outside of PowerShell
[0.343s] DEBUG:colcon.colcon_core.shell:Skip shell extension 'dsv' for command environment
[0.348s] INFO:colcon.colcon_ros.task.ament_python.build:Building ROS package in '/home/rc1/fruit_ws/src/arm_control' with build type 'ament_python'
[0.349s] Level 1:colcon.colcon_core.shell:create_environment_hook('arm_control', 'ament_prefix_path')
[0.349s] INFO:colcon.colcon_core.shell:Creating environment hook '/home/rc1/fruit_ws/install/arm_control/share/arm_control/hook/ament_prefix_path.ps1'
[0.350s] INFO:colcon.colcon_core.shell:Creating environment descriptor '/home/rc1/fruit_ws/install/arm_control/share/arm_control/hook/ament_prefix_path.dsv'
[0.350s] INFO:colcon.colcon_core.shell:Creating environment hook '/home/rc1/fruit_ws/install/arm_control/share/arm_control/hook/ament_prefix_path.sh'
[0.351s] INFO:colcon.colcon_core.shell:Skip shell extension 'powershell' for command environment: Not usable outside of PowerShell
[0.351s] DEBUG:colcon.colcon_core.shell:Skip shell extension 'dsv' for command environment
[0.357s] INFO:colcon.colcon_ros.task.ament_python.build:Building ROS package in '/home/rc1/fruit_ws/src/arm_description' with build type 'ament_python'
[0.357s] Level 1:colcon.colcon_core.shell:create_environment_hook('arm_description', 'ament_prefix_path')
[0.358s] INFO:colcon.colcon_core.shell:Creating environment hook '/home/rc1/fruit_ws/install/arm_description/share/arm_description/hook/ament_prefix_path.ps1'
[0.359s] INFO:colcon.colcon_core.shell:Creating environment descriptor '/home/rc1/fruit_ws/install/arm_description/share/arm_description/hook/ament_prefix_path.dsv'
[0.360s] INFO:colcon.colcon_core.shell:Creating environment hook '/home/rc1/fruit_ws/install/arm_description/share/arm_description/hook/ament_prefix_path.sh'
[0.361s] INFO:colcon.colcon_core.shell:Skip shell extension 'powershell' for command environment: Not usable outside of PowerShell
[0.361s] DEBUG:colcon.colcon_core.shell:Skip shell extension 'dsv' for command environment
[0.366s] INFO:colcon.colcon_ros.task.ament_python.build:Building ROS package in '/home/rc1/fruit_ws/src/fruit_robot_launch' with build type 'ament_python'
[0.366s] Level 1:colcon.colcon_core.shell:create_environment_hook('fruit_robot_launch', 'ament_prefix_path')
[0.368s] INFO:colcon.colcon_core.shell:Creating environment hook '/home/rc1/fruit_ws/install/fruit_robot_launch/share/fruit_robot_launch/hook/ament_prefix_path.ps1'
[0.370s] INFO:colcon.colcon_core.shell:Creating environment descriptor '/home/rc1/fruit_ws/install/fruit_robot_launch/share/fruit_robot_launch/hook/ament_prefix_path.dsv'
[0.370s] INFO:colcon.colcon_core.shell:Creating environment hook '/home/rc1/fruit_ws/install/fruit_robot_launch/share/fruit_robot_launch/hook/ament_prefix_path.sh'
[0.371s] INFO:colcon.colcon_core.shell:Skip shell extension 'powershell' for command environment: Not usable outside of PowerShell
[0.371s] DEBUG:colcon.colcon_core.shell:Skip shell extension 'dsv' for command environment
[0.378s] INFO:colcon.colcon_ros.task.ament_python.build:Building ROS package in '/home/rc1/fruit_ws/src/serial_pkg' with build type 'ament_python'
[0.379s] Level 1:colcon.colcon_core.shell:create_environment_hook('serial_pkg', 'ament_prefix_path')
[0.379s] INFO:colcon.colcon_core.shell:Creating environment hook '/home/rc1/fruit_ws/install/serial_pkg/share/serial_pkg/hook/ament_prefix_path.ps1'
[0.379s] INFO:colcon.colcon_core.shell:Creating environment descriptor '/home/rc1/fruit_ws/install/serial_pkg/share/serial_pkg/hook/ament_prefix_path.dsv'
[0.380s] INFO:colcon.colcon_core.shell:Creating environment hook '/home/rc1/fruit_ws/install/serial_pkg/share/serial_pkg/hook/ament_prefix_path.sh'
[0.380s] INFO:colcon.colcon_core.shell:Skip shell extension 'powershell' for command environment: Not usable outside of PowerShell
[0.380s] DEBUG:colcon.colcon_core.shell:Skip shell extension 'dsv' for command environment
[0.392s] DEBUG:colcon.colcon_core.event_handler.log_command:Invoking command in '/home/rc1/fruit_ws/build/robot_control_interfaces': CMAKE_PREFIX_PATH=${CMAKE_PREFIX_PATH}:/home/rc1/fruit_ws/install/serial_pkg:/home/rc1/fruit_ws/install/example_action_rclpy:/home/rc1/fruit_ws/install/fruit_robot_launch:/home/rc1/fruit_ws/install/arm_description:/home/rc1/fruit_ws/install/arm_control:/home/rc1/ws_moveit/install/moveit_configs_utils:/home/rc1/ws_moveit/install/launch_param_builder:/opt/ros/humble /usr/bin/cmake --build /home/rc1/fruit_ws/build/robot_control_interfaces -- -j8 -l8
[0.642s] INFO:colcon.colcon_core.task.python.build:Building Python package in '/home/rc1/fruit_ws/src/arm_control'
[0.643s] INFO:colcon.colcon_core.shell:Skip shell extension 'powershell' for command environment: Not usable outside of PowerShell
[0.643s] DEBUG:colcon.colcon_core.shell:Skip shell extension 'dsv' for command environment
[0.901s] INFO:colcon.colcon_core.task.python.build:Building Python package in '/home/rc1/fruit_ws/src/arm_description'
[0.902s] INFO:colcon.colcon_core.shell:Skip shell extension 'powershell' for command environment: Not usable outside of PowerShell
[0.902s] DEBUG:colcon.colcon_core.shell:Skip shell extension 'dsv' for command environment
[1.184s] INFO:colcon.colcon_core.task.python.build:Building Python package in '/home/rc1/fruit_ws/src/fruit_robot_launch'
[1.185s] INFO:colcon.colcon_core.shell:Skip shell extension 'powershell' for command environment: Not usable outside of PowerShell
[1.185s] DEBUG:colcon.colcon_core.shell:Skip shell extension 'dsv' for command environment
[1.451s] INFO:colcon.colcon_core.task.python.build:Building Python package in '/home/rc1/fruit_ws/src/serial_pkg'
[1.452s] INFO:colcon.colcon_core.shell:Skip shell extension 'powershell' for command environment: Not usable outside of PowerShell
[1.452s] DEBUG:colcon.colcon_core.shell:Skip shell extension 'dsv' for command environment
[1.969s] DEBUG:colcon.colcon_core.event_handler.log_command:Invoking command in '/home/rc1/fruit_ws/build/fruit_robot_launch': PYTHONPATH=/home/rc1/fruit_ws/build/fruit_robot_launch/prefix_override:/usr/lib/python3/dist-packages/colcon_core/task/python/colcon_distutils_commands:/home/rc1/fruit_ws/install/fruit_robot_launch/lib/python3.10/site-packages:${PYTHONPATH} /usr/bin/python3 -W ignore:setup.py install is deprecated -W ignore:easy_install command is deprecated setup.py develop --editable --build-directory /home/rc1/fruit_ws/build/fruit_robot_launch/build --no-deps symlink_data
[2.053s] DEBUG:colcon.colcon_core.event_handler.log_command:Invoking command in '/home/rc1/fruit_ws/build/arm_control': PYTHONPATH=/home/rc1/fruit_ws/build/arm_control/prefix_override:/usr/lib/python3/dist-packages/colcon_core/task/python/colcon_distutils_commands:/home/rc1/fruit_ws/install/arm_control/lib/python3.10/site-packages:${PYTHONPATH} /usr/bin/python3 -W ignore:setup.py install is deprecated -W ignore:easy_install command is deprecated setup.py develop --editable --build-directory /home/rc1/fruit_ws/build/arm_control/build --no-deps symlink_data
[2.088s] DEBUG:colcon.colcon_core.event_handler.log_command:Invoking command in '/home/rc1/fruit_ws/build/serial_pkg': PYTHONPATH=/home/rc1/fruit_ws/build/serial_pkg/prefix_override:/usr/lib/python3/dist-packages/colcon_core/task/python/colcon_distutils_commands:/home/rc1/fruit_ws/install/serial_pkg/lib/python3.10/site-packages:${PYTHONPATH} /usr/bin/python3 -W ignore:setup.py install is deprecated -W ignore:easy_install command is deprecated setup.py develop --editable --build-directory /home/rc1/fruit_ws/build/serial_pkg/build --no-deps symlink_data
[2.112s] DEBUG:colcon.colcon_core.event_handler.log_command:Invoking command in '/home/rc1/fruit_ws/build/arm_description': PYTHONPATH=/home/rc1/fruit_ws/build/arm_description/prefix_override:/usr/lib/python3/dist-packages/colcon_core/task/python/colcon_distutils_commands:/home/rc1/fruit_ws/install/arm_description/lib/python3.10/site-packages:${PYTHONPATH} /usr/bin/python3 -W ignore:setup.py install is deprecated -W ignore:easy_install command is deprecated setup.py develop --editable --build-directory /home/rc1/fruit_ws/build/arm_description/build --no-deps symlink_data
[2.747s] Level 1:colcon.colcon_core.shell:create_environment_hook('fruit_robot_launch', 'pythonpath_develop')
[2.748s] INFO:colcon.colcon_core.shell:Creating environment hook '/home/rc1/fruit_ws/build/fruit_robot_launch/share/fruit_robot_launch/hook/pythonpath_develop.ps1'
[2.750s] DEBUG:colcon.colcon_core.event_handler.log_command:Invoked command in '/home/rc1/fruit_ws/build/fruit_robot_launch' returned '0': PYTHONPATH=/home/rc1/fruit_ws/build/fruit_robot_launch/prefix_override:/usr/lib/python3/dist-packages/colcon_core/task/python/colcon_distutils_commands:/home/rc1/fruit_ws/install/fruit_robot_launch/lib/python3.10/site-packages:${PYTHONPATH} /usr/bin/python3 -W ignore:setup.py install is deprecated -W ignore:easy_install command is deprecated setup.py develop --editable --build-directory /home/rc1/fruit_ws/build/fruit_robot_launch/build --no-deps symlink_data
[2.751s] INFO:colcon.colcon_core.shell:Creating environment descriptor '/home/rc1/fruit_ws/build/fruit_robot_launch/share/fruit_robot_launch/hook/pythonpath_develop.dsv'
[2.753s] INFO:colcon.colcon_core.shell:Creating environment hook '/home/rc1/fruit_ws/build/fruit_robot_launch/share/fruit_robot_launch/hook/pythonpath_develop.sh'
[2.761s] Level 1:colcon.colcon_core.environment:checking '/home/rc1/fruit_ws/install/fruit_robot_launch' for CMake module files
[2.762s] Level 1:colcon.colcon_core.environment:checking '/home/rc1/fruit_ws/install/fruit_robot_launch' for CMake config files
[2.765s] Level 1:colcon.colcon_core.environment:checking '/home/rc1/fruit_ws/install/fruit_robot_launch/lib'
[2.765s] Level 1:colcon.colcon_core.environment:checking '/home/rc1/fruit_ws/install/fruit_robot_launch/bin'
[2.766s] Level 1:colcon.colcon_core.environment:checking '/home/rc1/fruit_ws/install/fruit_robot_launch/lib/pkgconfig/fruit_robot_launch.pc'
[2.766s] Level 1:colcon.colcon_core.environment:checking '/home/rc1/fruit_ws/install/fruit_robot_launch/lib/python3.10/site-packages'
[2.766s] Level 1:colcon.colcon_core.shell:create_environment_hook('fruit_robot_launch', 'pythonpath')
[2.766s] INFO:colcon.colcon_core.shell:Creating environment hook '/home/rc1/fruit_ws/install/fruit_robot_launch/share/fruit_robot_launch/hook/pythonpath.ps1'
[2.767s] INFO:colcon.colcon_core.shell:Creating environment descriptor '/home/rc1/fruit_ws/install/fruit_robot_launch/share/fruit_robot_launch/hook/pythonpath.dsv'
[2.768s] INFO:colcon.colcon_core.shell:Creating environment hook '/home/rc1/fruit_ws/install/fruit_robot_launch/share/fruit_robot_launch/hook/pythonpath.sh'
[2.768s] Level 1:colcon.colcon_core.environment:checking '/home/rc1/fruit_ws/install/fruit_robot_launch/bin'
[2.769s] Level 1:colcon.colcon_core.environment:create_environment_scripts_only(fruit_robot_launch)
[2.769s] INFO:colcon.colcon_core.shell:Creating package script '/home/rc1/fruit_ws/install/fruit_robot_launch/share/fruit_robot_launch/package.ps1'
[2.773s] INFO:colcon.colcon_core.shell:Creating package descriptor '/home/rc1/fruit_ws/install/fruit_robot_launch/share/fruit_robot_launch/package.dsv'
[2.774s] INFO:colcon.colcon_core.shell:Creating package script '/home/rc1/fruit_ws/install/fruit_robot_launch/share/fruit_robot_launch/package.sh'
[2.779s] INFO:colcon.colcon_core.shell:Creating package script '/home/rc1/fruit_ws/install/fruit_robot_launch/share/fruit_robot_launch/package.bash'
[2.781s] INFO:colcon.colcon_core.shell:Creating package script '/home/rc1/fruit_ws/install/fruit_robot_launch/share/fruit_robot_launch/package.zsh'
[2.785s] Level 1:colcon.colcon_core.environment:create_file_with_runtime_dependencies(/home/rc1/fruit_ws/install/fruit_robot_launch/share/colcon-core/packages/fruit_robot_launch)
[2.787s] Level 1:colcon.colcon_core.shell:create_environment_hook('serial_pkg', 'pythonpath_develop')
[2.788s] INFO:colcon.colcon_core.shell:Creating environment hook '/home/rc1/fruit_ws/build/serial_pkg/share/serial_pkg/hook/pythonpath_develop.ps1'
[2.789s] INFO:colcon.colcon_core.shell:Creating environment descriptor '/home/rc1/fruit_ws/build/serial_pkg/share/serial_pkg/hook/pythonpath_develop.dsv'
[2.790s] DEBUG:colcon.colcon_core.event_handler.log_command:Invoked command in '/home/rc1/fruit_ws/build/serial_pkg' returned '0': PYTHONPATH=/home/rc1/fruit_ws/build/serial_pkg/prefix_override:/usr/lib/python3/dist-packages/colcon_core/task/python/colcon_distutils_commands:/home/rc1/fruit_ws/install/serial_pkg/lib/python3.10/site-packages:${PYTHONPATH} /usr/bin/python3 -W ignore:setup.py install is deprecated -W ignore:easy_install command is deprecated setup.py develop --editable --build-directory /home/rc1/fruit_ws/build/serial_pkg/build --no-deps symlink_data
[2.792s] INFO:colcon.colcon_core.shell:Creating environment hook '/home/rc1/fruit_ws/build/serial_pkg/share/serial_pkg/hook/pythonpath_develop.sh'
[2.793s] Level 1:colcon.colcon_core.environment:checking '/home/rc1/fruit_ws/install/serial_pkg' for CMake module files
[2.794s] Level 1:colcon.colcon_core.environment:checking '/home/rc1/fruit_ws/install/serial_pkg' for CMake config files
[2.795s] Level 1:colcon.colcon_core.environment:checking '/home/rc1/fruit_ws/install/serial_pkg/lib'
[2.795s] Level 1:colcon.colcon_core.environment:checking '/home/rc1/fruit_ws/install/serial_pkg/bin'
[2.795s] Level 1:colcon.colcon_core.environment:checking '/home/rc1/fruit_ws/install/serial_pkg/lib/pkgconfig/serial_pkg.pc'
[2.795s] Level 1:colcon.colcon_core.environment:checking '/home/rc1/fruit_ws/install/serial_pkg/lib/python3.10/site-packages'
[2.795s] Level 1:colcon.colcon_core.shell:create_environment_hook('serial_pkg', 'pythonpath')
[2.796s] INFO:colcon.colcon_core.shell:Creating environment hook '/home/rc1/fruit_ws/install/serial_pkg/share/serial_pkg/hook/pythonpath.ps1'
[2.797s] INFO:colcon.colcon_core.shell:Creating environment descriptor '/home/rc1/fruit_ws/install/serial_pkg/share/serial_pkg/hook/pythonpath.dsv'
[2.797s] INFO:colcon.colcon_core.shell:Creating environment hook '/home/rc1/fruit_ws/install/serial_pkg/share/serial_pkg/hook/pythonpath.sh'
[2.799s] Level 1:colcon.colcon_core.environment:checking '/home/rc1/fruit_ws/install/serial_pkg/bin'
[2.800s] Level 1:colcon.colcon_core.environment:create_environment_scripts_only(serial_pkg)
[2.800s] INFO:colcon.colcon_core.shell:Creating package script '/home/rc1/fruit_ws/install/serial_pkg/share/serial_pkg/package.ps1'
[2.801s] INFO:colcon.colcon_core.shell:Creating package descriptor '/home/rc1/fruit_ws/install/serial_pkg/share/serial_pkg/package.dsv'
[2.802s] INFO:colcon.colcon_core.shell:Creating package script '/home/rc1/fruit_ws/install/serial_pkg/share/serial_pkg/package.sh'
[2.803s] INFO:colcon.colcon_core.shell:Creating package script '/home/rc1/fruit_ws/install/serial_pkg/share/serial_pkg/package.bash'
[2.804s] INFO:colcon.colcon_core.shell:Creating package script '/home/rc1/fruit_ws/install/serial_pkg/share/serial_pkg/package.zsh'
[2.806s] Level 1:colcon.colcon_core.environment:create_file_with_runtime_dependencies(/home/rc1/fruit_ws/install/serial_pkg/share/colcon-core/packages/serial_pkg)
[2.807s] Level 1:colcon.colcon_core.shell:create_environment_hook('arm_control', 'pythonpath_develop')
[2.809s] INFO:colcon.colcon_core.shell:Creating environment hook '/home/rc1/fruit_ws/build/arm_control/share/arm_control/hook/pythonpath_develop.ps1'
[2.814s] DEBUG:colcon.colcon_core.event_handler.log_command:Invoked command in '/home/rc1/fruit_ws/build/arm_control' returned '0': PYTHONPATH=/home/rc1/fruit_ws/build/arm_control/prefix_override:/usr/lib/python3/dist-packages/colcon_core/task/python/colcon_distutils_commands:/home/rc1/fruit_ws/install/arm_control/lib/python3.10/site-packages:${PYTHONPATH} /usr/bin/python3 -W ignore:setup.py install is deprecated -W ignore:easy_install command is deprecated setup.py develop --editable --build-directory /home/rc1/fruit_ws/build/arm_control/build --no-deps symlink_data
[2.814s] INFO:colcon.colcon_core.shell:Creating environment descriptor '/home/rc1/fruit_ws/build/arm_control/share/arm_control/hook/pythonpath_develop.dsv'
[2.816s] INFO:colcon.colcon_core.shell:Creating environment hook '/home/rc1/fruit_ws/build/arm_control/share/arm_control/hook/pythonpath_develop.sh'
[2.829s] Level 1:colcon.colcon_core.environment:checking '/home/rc1/fruit_ws/install/arm_control' for CMake module files
[2.832s] Level 1:colcon.colcon_core.environment:checking '/home/rc1/fruit_ws/install/arm_control' for CMake config files
[2.834s] Level 1:colcon.colcon_core.environment:checking '/home/rc1/fruit_ws/install/arm_control/lib'
[2.835s] Level 1:colcon.colcon_core.environment:checking '/home/rc1/fruit_ws/install/arm_control/bin'
[2.835s] Level 1:colcon.colcon_core.environment:checking '/home/rc1/fruit_ws/install/arm_control/lib/pkgconfig/arm_control.pc'
[2.835s] Level 1:colcon.colcon_core.environment:checking '/home/rc1/fruit_ws/install/arm_control/lib/python3.10/site-packages'
[2.835s] Level 1:colcon.colcon_core.shell:create_environment_hook('arm_control', 'pythonpath')
[2.836s] INFO:colcon.colcon_core.shell:Creating environment hook '/home/rc1/fruit_ws/install/arm_control/share/arm_control/hook/pythonpath.ps1'
[2.844s] INFO:colcon.colcon_core.shell:Creating environment descriptor '/home/rc1/fruit_ws/install/arm_control/share/arm_control/hook/pythonpath.dsv'
[2.846s] INFO:colcon.colcon_core.shell:Creating environment hook '/home/rc1/fruit_ws/install/arm_control/share/arm_control/hook/pythonpath.sh'
[2.849s] Level 1:colcon.colcon_core.environment:checking '/home/rc1/fruit_ws/install/arm_control/bin'
[2.852s] Level 1:colcon.colcon_core.environment:create_environment_scripts_only(arm_control)
[2.852s] INFO:colcon.colcon_core.shell:Creating package script '/home/rc1/fruit_ws/install/arm_control/share/arm_control/package.ps1'
[2.858s] INFO:colcon.colcon_core.shell:Creating package descriptor '/home/rc1/fruit_ws/install/arm_control/share/arm_control/package.dsv'
[2.862s] INFO:colcon.colcon_core.shell:Creating package script '/home/rc1/fruit_ws/install/arm_control/share/arm_control/package.sh'
[2.866s] INFO:colcon.colcon_core.shell:Creating package script '/home/rc1/fruit_ws/install/arm_control/share/arm_control/package.bash'
[2.866s] INFO:colcon.colcon_core.shell:Creating package script '/home/rc1/fruit_ws/install/arm_control/share/arm_control/package.zsh'
[2.867s] Level 1:colcon.colcon_core.environment:create_file_with_runtime_dependencies(/home/rc1/fruit_ws/install/arm_control/share/colcon-core/packages/arm_control)
[2.980s] Level 1:colcon.colcon_core.shell:create_environment_hook('arm_description', 'pythonpath_develop')
[2.980s] INFO:colcon.colcon_core.shell:Creating environment hook '/home/rc1/fruit_ws/build/arm_description/share/arm_description/hook/pythonpath_develop.ps1'
[2.981s] INFO:colcon.colcon_core.shell:Creating environment descriptor '/home/rc1/fruit_ws/build/arm_description/share/arm_description/hook/pythonpath_develop.dsv'
[2.986s] DEBUG:colcon.colcon_core.event_handler.log_command:Invoked command in '/home/rc1/fruit_ws/build/arm_description' returned '0': PYTHONPATH=/home/rc1/fruit_ws/build/arm_description/prefix_override:/usr/lib/python3/dist-packages/colcon_core/task/python/colcon_distutils_commands:/home/rc1/fruit_ws/install/arm_description/lib/python3.10/site-packages:${PYTHONPATH} /usr/bin/python3 -W ignore:setup.py install is deprecated -W ignore:easy_install command is deprecated setup.py develop --editable --build-directory /home/rc1/fruit_ws/build/arm_description/build --no-deps symlink_data
[2.987s] INFO:colcon.colcon_core.shell:Creating environment hook '/home/rc1/fruit_ws/build/arm_description/share/arm_description/hook/pythonpath_develop.sh'
[2.988s] Level 1:colcon.colcon_core.environment:checking '/home/rc1/fruit_ws/install/arm_description' for CMake module files
[2.988s] Level 1:colcon.colcon_core.environment:checking '/home/rc1/fruit_ws/install/arm_description' for CMake config files
[2.989s] Level 1:colcon.colcon_core.environment:checking '/home/rc1/fruit_ws/install/arm_description/lib'
[2.989s] Level 1:colcon.colcon_core.environment:checking '/home/rc1/fruit_ws/install/arm_description/bin'
[2.989s] Level 1:colcon.colcon_core.environment:checking '/home/rc1/fruit_ws/install/arm_description/lib/pkgconfig/arm_description.pc'
[2.989s] Level 1:colcon.colcon_core.environment:checking '/home/rc1/fruit_ws/install/arm_description/lib/python3.10/site-packages'
[2.989s] Level 1:colcon.colcon_core.shell:create_environment_hook('arm_description', 'pythonpath')
[2.990s] INFO:colcon.colcon_core.shell:Creating environment hook '/home/rc1/fruit_ws/install/arm_description/share/arm_description/hook/pythonpath.ps1'
[2.990s] INFO:colcon.colcon_core.shell:Creating environment descriptor '/home/rc1/fruit_ws/install/arm_description/share/arm_description/hook/pythonpath.dsv'
[2.990s] INFO:colcon.colcon_core.shell:Creating environment hook '/home/rc1/fruit_ws/install/arm_description/share/arm_description/hook/pythonpath.sh'
[2.991s] Level 1:colcon.colcon_core.environment:checking '/home/rc1/fruit_ws/install/arm_description/bin'
[2.991s] Level 1:colcon.colcon_core.environment:create_environment_scripts_only(arm_description)
[2.992s] INFO:colcon.colcon_core.shell:Creating package script '/home/rc1/fruit_ws/install/arm_description/share/arm_description/package.ps1'
[2.997s] INFO:colcon.colcon_core.shell:Creating package descriptor '/home/rc1/fruit_ws/install/arm_description/share/arm_description/package.dsv'
[2.998s] INFO:colcon.colcon_core.shell:Creating package script '/home/rc1/fruit_ws/install/arm_description/share/arm_description/package.sh'
[2.999s] INFO:colcon.colcon_core.shell:Creating package script '/home/rc1/fruit_ws/install/arm_description/share/arm_description/package.bash'
[2.999s] INFO:colcon.colcon_core.shell:Creating package script '/home/rc1/fruit_ws/install/arm_description/share/arm_description/package.zsh'
[3.001s] Level 1:colcon.colcon_core.environment:create_file_with_runtime_dependencies(/home/rc1/fruit_ws/install/arm_description/share/colcon-core/packages/arm_description)
[6.274s] DEBUG:colcon.colcon_core.event_handler.log_command:Invoked command in '/home/rc1/fruit_ws/build/robot_control_interfaces' returned '0': CMAKE_PREFIX_PATH=${CMAKE_PREFIX_PATH}:/home/rc1/fruit_ws/install/serial_pkg:/home/rc1/fruit_ws/install/example_action_rclpy:/home/rc1/fruit_ws/install/fruit_robot_launch:/home/rc1/fruit_ws/install/arm_description:/home/rc1/fruit_ws/install/arm_control:/home/rc1/ws_moveit/install/moveit_configs_utils:/home/rc1/ws_moveit/install/launch_param_builder:/opt/ros/humble /usr/bin/cmake --build /home/rc1/fruit_ws/build/robot_control_interfaces -- -j8 -l8
[6.289s] DEBUG:colcon.colcon_core.event_handler.log_command:Invoking command in '/home/rc1/fruit_ws/build/robot_control_interfaces': CMAKE_PREFIX_PATH=${CMAKE_PREFIX_PATH}:/home/rc1/fruit_ws/install/serial_pkg:/home/rc1/fruit_ws/install/example_action_rclpy:/home/rc1/fruit_ws/install/fruit_robot_launch:/home/rc1/fruit_ws/install/arm_description:/home/rc1/fruit_ws/install/arm_control:/home/rc1/ws_moveit/install/moveit_configs_utils:/home/rc1/ws_moveit/install/launch_param_builder:/opt/ros/humble /usr/bin/cmake --install /home/rc1/fruit_ws/build/robot_control_interfaces
[6.372s] Level 1:colcon.colcon_core.environment:create_environment_scripts_only(robot_control_interfaces)
[6.372s] Level 1:colcon.colcon_core.environment:checking '/home/rc1/fruit_ws/install/robot_control_interfaces' for CMake module files
[6.373s] DEBUG:colcon.colcon_core.event_handler.log_command:Invoked command in '/home/rc1/fruit_ws/build/robot_control_interfaces' returned '0': CMAKE_PREFIX_PATH=${CMAKE_PREFIX_PATH}:/home/rc1/fruit_ws/install/serial_pkg:/home/rc1/fruit_ws/install/example_action_rclpy:/home/rc1/fruit_ws/install/fruit_robot_launch:/home/rc1/fruit_ws/install/arm_description:/home/rc1/fruit_ws/install/arm_control:/home/rc1/ws_moveit/install/moveit_configs_utils:/home/rc1/ws_moveit/install/launch_param_builder:/opt/ros/humble /usr/bin/cmake --install /home/rc1/fruit_ws/build/robot_control_interfaces
[6.373s] Level 1:colcon.colcon_core.environment:checking '/home/rc1/fruit_ws/install/robot_control_interfaces' for CMake config files
[6.374s] Level 1:colcon.colcon_core.shell:create_environment_hook('robot_control_interfaces', 'cmake_prefix_path')
[6.374s] INFO:colcon.colcon_core.shell:Creating environment hook '/home/rc1/fruit_ws/install/robot_control_interfaces/share/robot_control_interfaces/hook/cmake_prefix_path.ps1'
[6.375s] INFO:colcon.colcon_core.shell:Creating environment descriptor '/home/rc1/fruit_ws/install/robot_control_interfaces/share/robot_control_interfaces/hook/cmake_prefix_path.dsv'
[6.375s] INFO:colcon.colcon_core.shell:Creating environment hook '/home/rc1/fruit_ws/install/robot_control_interfaces/share/robot_control_interfaces/hook/cmake_prefix_path.sh'
[6.376s] Level 1:colcon.colcon_core.environment:checking '/home/rc1/fruit_ws/install/robot_control_interfaces/lib'
[6.376s] Level 1:colcon.colcon_core.shell:create_environment_hook('robot_control_interfaces', 'ld_library_path_lib')
[6.376s] INFO:colcon.colcon_core.shell:Creating environment hook '/home/rc1/fruit_ws/install/robot_control_interfaces/share/robot_control_interfaces/hook/ld_library_path_lib.ps1'
[6.376s] INFO:colcon.colcon_core.shell:Creating environment descriptor '/home/rc1/fruit_ws/install/robot_control_interfaces/share/robot_control_interfaces/hook/ld_library_path_lib.dsv'
[6.376s] INFO:colcon.colcon_core.shell:Creating environment hook '/home/rc1/fruit_ws/install/robot_control_interfaces/share/robot_control_interfaces/hook/ld_library_path_lib.sh'
[6.377s] Level 1:colcon.colcon_core.environment:checking '/home/rc1/fruit_ws/install/robot_control_interfaces/bin'
[6.377s] Level 1:colcon.colcon_core.environment:checking '/home/rc1/fruit_ws/install/robot_control_interfaces/lib/pkgconfig/robot_control_interfaces.pc'
[6.377s] Level 1:colcon.colcon_core.environment:checking '/home/rc1/fruit_ws/install/robot_control_interfaces/lib/python3.10/site-packages'
[6.377s] Level 1:colcon.colcon_core.environment:checking '/home/rc1/fruit_ws/install/robot_control_interfaces/bin'
[6.377s] INFO:colcon.colcon_core.shell:Creating package script '/home/rc1/fruit_ws/install/robot_control_interfaces/share/robot_control_interfaces/package.ps1'
[6.378s] INFO:colcon.colcon_core.shell:Creating package descriptor '/home/rc1/fruit_ws/install/robot_control_interfaces/share/robot_control_interfaces/package.dsv'
[6.378s] INFO:colcon.colcon_core.shell:Creating package script '/home/rc1/fruit_ws/install/robot_control_interfaces/share/robot_control_interfaces/package.sh'
[6.379s] INFO:colcon.colcon_core.shell:Creating package script '/home/rc1/fruit_ws/install/robot_control_interfaces/share/robot_control_interfaces/package.bash'
[6.379s] INFO:colcon.colcon_core.shell:Creating package script '/home/rc1/fruit_ws/install/robot_control_interfaces/share/robot_control_interfaces/package.zsh'
[6.379s] Level 1:colcon.colcon_core.environment:create_file_with_runtime_dependencies(/home/rc1/fruit_ws/install/robot_control_interfaces/share/colcon-core/packages/robot_control_interfaces)
[6.380s] Level 1:colcon.colcon_core.environment:create_environment_scripts_only(robot_control_interfaces)
[6.380s] Level 1:colcon.colcon_core.environment:checking '/home/rc1/fruit_ws/install/robot_control_interfaces' for CMake module files
[6.381s] Level 1:colcon.colcon_core.environment:checking '/home/rc1/fruit_ws/install/robot_control_interfaces' for CMake config files
[6.382s] Level 1:colcon.colcon_core.shell:create_environment_hook('robot_control_interfaces', 'cmake_prefix_path')
[6.382s] INFO:colcon.colcon_core.shell:Creating environment hook '/home/rc1/fruit_ws/install/robot_control_interfaces/share/robot_control_interfaces/hook/cmake_prefix_path.ps1'
[6.383s] INFO:colcon.colcon_core.shell:Creating environment descriptor '/home/rc1/fruit_ws/install/robot_control_interfaces/share/robot_control_interfaces/hook/cmake_prefix_path.dsv'
[6.383s] INFO:colcon.colcon_core.shell:Creating environment hook '/home/rc1/fruit_ws/install/robot_control_interfaces/share/robot_control_interfaces/hook/cmake_prefix_path.sh'
[6.383s] Level 1:colcon.colcon_core.environment:checking '/home/rc1/fruit_ws/install/robot_control_interfaces/lib'
[6.384s] Level 1:colcon.colcon_core.shell:create_environment_hook('robot_control_interfaces', 'ld_library_path_lib')
[6.384s] INFO:colcon.colcon_core.shell:Creating environment hook '/home/rc1/fruit_ws/install/robot_control_interfaces/share/robot_control_interfaces/hook/ld_library_path_lib.ps1'
[6.384s] INFO:colcon.colcon_core.shell:Creating environment descriptor '/home/rc1/fruit_ws/install/robot_control_interfaces/share/robot_control_interfaces/hook/ld_library_path_lib.dsv'
[6.384s] INFO:colcon.colcon_core.shell:Creating environment hook '/home/rc1/fruit_ws/install/robot_control_interfaces/share/robot_control_interfaces/hook/ld_library_path_lib.sh'
[6.384s] Level 1:colcon.colcon_core.environment:checking '/home/rc1/fruit_ws/install/robot_control_interfaces/bin'
[6.384s] Level 1:colcon.colcon_core.environment:checking '/home/rc1/fruit_ws/install/robot_control_interfaces/lib/pkgconfig/robot_control_interfaces.pc'
[6.385s] Level 1:colcon.colcon_core.environment:checking '/home/rc1/fruit_ws/install/robot_control_interfaces/lib/python3.10/site-packages'
[6.385s] Level 1:colcon.colcon_core.environment:checking '/home/rc1/fruit_ws/install/robot_control_interfaces/bin'
[6.385s] INFO:colcon.colcon_core.shell:Creating package script '/home/rc1/fruit_ws/install/robot_control_interfaces/share/robot_control_interfaces/package.ps1'
[6.385s] INFO:colcon.colcon_core.shell:Creating package descriptor '/home/rc1/fruit_ws/install/robot_control_interfaces/share/robot_control_interfaces/package.dsv'
[6.386s] INFO:colcon.colcon_core.shell:Creating package script '/home/rc1/fruit_ws/install/robot_control_interfaces/share/robot_control_interfaces/package.sh'
[6.386s] INFO:colcon.colcon_core.shell:Creating package script '/home/rc1/fruit_ws/install/robot_control_interfaces/share/robot_control_interfaces/package.bash'
[6.386s] INFO:colcon.colcon_core.shell:Creating package script '/home/rc1/fruit_ws/install/robot_control_interfaces/share/robot_control_interfaces/package.zsh'
[6.387s] Level 1:colcon.colcon_core.environment:create_file_with_runtime_dependencies(/home/rc1/fruit_ws/install/robot_control_interfaces/share/colcon-core/packages/robot_control_interfaces)
[6.387s] INFO:colcon.colcon_ros.task.ament_python.build:Building ROS package in '/home/rc1/fruit_ws/src/example_action_rclpy' with build type 'ament_python'
[6.387s] Level 1:colcon.colcon_core.shell:create_environment_hook('example_action_rclpy', 'ament_prefix_path')
[6.387s] INFO:colcon.colcon_core.shell:Creating environment hook '/home/rc1/fruit_ws/install/example_action_rclpy/share/example_action_rclpy/hook/ament_prefix_path.ps1'
[6.388s] INFO:colcon.colcon_core.shell:Creating environment descriptor '/home/rc1/fruit_ws/install/example_action_rclpy/share/example_action_rclpy/hook/ament_prefix_path.dsv'
[6.389s] INFO:colcon.colcon_core.shell:Creating environment hook '/home/rc1/fruit_ws/install/example_action_rclpy/share/example_action_rclpy/hook/ament_prefix_path.sh'
[6.390s] INFO:colcon.colcon_core.shell:Skip shell extension 'powershell' for command environment: Not usable outside of PowerShell
[6.390s] DEBUG:colcon.colcon_core.shell:Skip shell extension 'dsv' for command environment
[6.643s] INFO:colcon.colcon_core.task.python.build:Building Python package in '/home/rc1/fruit_ws/src/example_action_rclpy'
[6.644s] INFO:colcon.colcon_core.shell:Skip shell extension 'powershell' for command environment: Not usable outside of PowerShell
[6.644s] DEBUG:colcon.colcon_core.shell:Skip shell extension 'dsv' for command environment
[6.968s] DEBUG:colcon.colcon_core.event_handler.log_command:Invoking command in '/home/rc1/fruit_ws/build/example_action_rclpy': PYTHONPATH=/home/rc1/fruit_ws/build/example_action_rclpy/prefix_override:/usr/lib/python3/dist-packages/colcon_core/task/python/colcon_distutils_commands:/home/rc1/fruit_ws/install/example_action_rclpy/lib/python3.10/site-packages:${PYTHONPATH} /usr/bin/python3 -W ignore:setup.py install is deprecated -W ignore:easy_install command is deprecated setup.py develop --editable --build-directory /home/rc1/fruit_ws/build/example_action_rclpy/build --no-deps symlink_data
[7.357s] Level 1:colcon.colcon_core.shell:create_environment_hook('example_action_rclpy', 'pythonpath_develop')
[7.357s] INFO:colcon.colcon_core.shell:Creating environment hook '/home/rc1/fruit_ws/build/example_action_rclpy/share/example_action_rclpy/hook/pythonpath_develop.ps1'
[7.357s] DEBUG:colcon.colcon_core.event_handler.log_command:Invoked command in '/home/rc1/fruit_ws/build/example_action_rclpy' returned '0': PYTHONPATH=/home/rc1/fruit_ws/build/example_action_rclpy/prefix_override:/usr/lib/python3/dist-packages/colcon_core/task/python/colcon_distutils_commands:/home/rc1/fruit_ws/install/example_action_rclpy/lib/python3.10/site-packages:${PYTHONPATH} /usr/bin/python3 -W ignore:setup.py install is deprecated -W ignore:easy_install command is deprecated setup.py develop --editable --build-directory /home/rc1/fruit_ws/build/example_action_rclpy/build --no-deps symlink_data
[7.358s] INFO:colcon.colcon_core.shell:Creating environment descriptor '/home/rc1/fruit_ws/build/example_action_rclpy/share/example_action_rclpy/hook/pythonpath_develop.dsv'
[7.358s] INFO:colcon.colcon_core.shell:Creating environment hook '/home/rc1/fruit_ws/build/example_action_rclpy/share/example_action_rclpy/hook/pythonpath_develop.sh'
[7.359s] Level 1:colcon.colcon_core.environment:checking '/home/rc1/fruit_ws/install/example_action_rclpy' for CMake module files
[7.359s] Level 1:colcon.colcon_core.environment:checking '/home/rc1/fruit_ws/install/example_action_rclpy' for CMake config files
[7.359s] Level 1:colcon.colcon_core.environment:checking '/home/rc1/fruit_ws/install/example_action_rclpy/lib'
[7.359s] Level 1:colcon.colcon_core.environment:checking '/home/rc1/fruit_ws/install/example_action_rclpy/bin'
[7.359s] Level 1:colcon.colcon_core.environment:checking '/home/rc1/fruit_ws/install/example_action_rclpy/lib/pkgconfig/example_action_rclpy.pc'
[7.359s] Level 1:colcon.colcon_core.environment:checking '/home/rc1/fruit_ws/install/example_action_rclpy/lib/python3.10/site-packages'
[7.360s] Level 1:colcon.colcon_core.shell:create_environment_hook('example_action_rclpy', 'pythonpath')
[7.360s] INFO:colcon.colcon_core.shell:Creating environment hook '/home/rc1/fruit_ws/install/example_action_rclpy/share/example_action_rclpy/hook/pythonpath.ps1'
[7.360s] INFO:colcon.colcon_core.shell:Creating environment descriptor '/home/rc1/fruit_ws/install/example_action_rclpy/share/example_action_rclpy/hook/pythonpath.dsv'
[7.361s] INFO:colcon.colcon_core.shell:Creating environment hook '/home/rc1/fruit_ws/install/example_action_rclpy/share/example_action_rclpy/hook/pythonpath.sh'
[7.361s] Level 1:colcon.colcon_core.environment:checking '/home/rc1/fruit_ws/install/example_action_rclpy/bin'
[7.361s] Level 1:colcon.colcon_core.environment:create_environment_scripts_only(example_action_rclpy)
[7.362s] INFO:colcon.colcon_core.shell:Creating package script '/home/rc1/fruit_ws/install/example_action_rclpy/share/example_action_rclpy/package.ps1'
[7.362s] INFO:colcon.colcon_core.shell:Creating package descriptor '/home/rc1/fruit_ws/install/example_action_rclpy/share/example_action_rclpy/package.dsv'
[7.362s] INFO:colcon.colcon_core.shell:Creating package script '/home/rc1/fruit_ws/install/example_action_rclpy/share/example_action_rclpy/package.sh'
[7.363s] INFO:colcon.colcon_core.shell:Creating package script '/home/rc1/fruit_ws/install/example_action_rclpy/share/example_action_rclpy/package.bash'
[7.363s] INFO:colcon.colcon_core.shell:Creating package script '/home/rc1/fruit_ws/install/example_action_rclpy/share/example_action_rclpy/package.zsh'
[7.363s] Level 1:colcon.colcon_core.environment:create_file_with_runtime_dependencies(/home/rc1/fruit_ws/install/example_action_rclpy/share/colcon-core/packages/example_action_rclpy)
[7.363s] DEBUG:colcon.colcon_parallel_executor.executor.parallel:closing loop
[7.364s] DEBUG:colcon.colcon_parallel_executor.executor.parallel:loop closed
[7.364s] DEBUG:colcon.colcon_parallel_executor.executor.parallel:run_until_complete finished with '0'
[7.364s] DEBUG:colcon.colcon_core.event_reactor:joining thread
[7.369s] INFO:colcon.colcon_core.plugin_system:Skipping extension 'colcon_notification.desktop_notification.terminal_notifier': Not used on non-Darwin systems
[7.369s] INFO:colcon.colcon_core.plugin_system:Skipping extension 'colcon_notification.desktop_notification.win32': Not used on non-Windows systems
[7.369s] INFO:colcon.colcon_notification.desktop_notification:Sending desktop notification using 'notify2'
[7.385s] DEBUG:colcon.colcon_core.event_reactor:joined thread
[7.386s] INFO:colcon.colcon_core.shell:Creating prefix script '/home/rc1/fruit_ws/install/local_setup.ps1'
[7.387s] INFO:colcon.colcon_core.shell:Creating prefix util module '/home/rc1/fruit_ws/install/_local_setup_util_ps1.py'
[7.390s] INFO:colcon.colcon_core.shell:Creating prefix chain script '/home/rc1/fruit_ws/install/setup.ps1'
[7.394s] INFO:colcon.colcon_core.shell:Creating prefix script '/home/rc1/fruit_ws/install/local_setup.sh'
[7.396s] INFO:colcon.colcon_core.shell:Creating prefix util module '/home/rc1/fruit_ws/install/_local_setup_util_sh.py'
[7.397s] INFO:colcon.colcon_core.shell:Creating prefix chain script '/home/rc1/fruit_ws/install/setup.sh'
[7.402s] INFO:colcon.colcon_core.shell:Creating prefix script '/home/rc1/fruit_ws/install/local_setup.bash'
[7.405s] INFO:colcon.colcon_core.shell:Creating prefix chain script '/home/rc1/fruit_ws/install/setup.bash'
[7.411s] INFO:colcon.colcon_core.shell:Creating prefix script '/home/rc1/fruit_ws/install/local_setup.zsh'
[7.412s] INFO:colcon.colcon_core.shell:Creating prefix chain script '/home/rc1/fruit_ws/install/setup.zsh'
